Compute result of CPU time consumed by different programming languages

Version de  :6.4.0
COMMAND=./anonymous_recursion.o
USER=0.24
SYS=0.07
REAL=0:00.63
MEMT=0
COMMAND=./anonymous_recursion.o
USER=0.29
SYS=0.04
REAL=0:00.39
MEMT=0
COMMAND=./anonymous_recursion.o
USER=0.24
SYS=0.07
REAL=0:00.37
MEMT=0
COMMAND=./anonymous_recursion.o
USER=0.29
SYS=0.03
REAL=0:00.39
MEMT=0
COMMAND=./anonymous_recursion.o
USER=0.27
SYS=0.04
REAL=0:00.35
MEMT=0
COMMAND=./anonymous_recursion.o
USER=0.24
SYS=0.06
REAL=0:00.35
MEMT=0
COMMAND=./anonymous_recursion.o
USER=0.23
SYS=0.06
REAL=0:00.34
MEMT=0
COMMAND=./anonymous_recursion.o
USER=0.24
SYS=0.03
REAL=0:00.35
MEMT=0
c compiled : hachage de la sortie pour vérifier que les données en sortie sont les mêmes :
HASH=c996815d4d30b46af6595083c2305a5552382b8420a8c9e215863ca6b8263c28
NB_LIGNES=36
