Compute result of CPU time consumed by different programming languages

Version de bc :bc 1.06.95
COMMAND=taskset -c 1 bc lychrel_numbers.bc
USER=25.69
SYS=0.00
REAL=0:25.71
MEMT=0
COMMAND=taskset -c 2 bc lychrel_numbers.bc
USER=25.55
SYS=0.00
REAL=0:25.58
MEMT=0
COMMAND=taskset -c 3 bc lychrel_numbers.bc
USER=25.65
SYS=0.00
REAL=0:25.67
MEMT=0
COMMAND=taskset -c 0 bc lychrel_numbers.bc
USER=25.63
SYS=0.00
REAL=0:25.63
MEMT=0
COMMAND=taskset -c 1 bc lychrel_numbers.bc
USER=25.61
SYS=0.00
REAL=0:25.62
MEMT=0
COMMAND=taskset -c 2 bc lychrel_numbers.bc
USER=25.26
SYS=0.00
REAL=0:25.27
MEMT=0
COMMAND=taskset -c 3 bc lychrel_numbers.bc
USER=25.84
SYS=0.00
REAL=0:25.84
MEMT=0
COMMAND=taskset -c 0 bc lychrel_numbers.bc
USER=25.23
SYS=0.00
REAL=0:25.24
MEMT=0
bc : hachage de la sortie pour vérifier que les données en sortie sont les mêmes :
HASH=cd2d68e98676226a5071220757849453a9bd9081ca5fe671dcdba2a0954cd6b7
NB_LIGNES=3
bc : consommation mémoire :
BYTES_IN_USE_AT_EXIT=2,420
BYTES_TOTAL_HEAP_USAGE=2,436
