Compute result of CPU time consumed by different programming languages

Version de kotlin :Kotlin version 1.2.10 (JRE 1.8.0_151-8u151-b12-0ubuntu0.17.10.2-b12)
COMMAND=taskset -c 1 kotlin Lychrel_numbersKt
USER=2.10
SYS=0.04
REAL=0:02.15
MEMT=0
COMMAND=taskset -c 2 kotlin Lychrel_numbersKt
USER=2.35
SYS=0.06
REAL=0:02.42
MEMT=0
COMMAND=taskset -c 3 kotlin Lychrel_numbersKt
USER=2.17
SYS=0.03
REAL=0:02.21
MEMT=0
COMMAND=taskset -c 0 kotlin Lychrel_numbersKt
USER=2.04
SYS=0.02
REAL=0:02.07
MEMT=0
COMMAND=taskset -c 1 kotlin Lychrel_numbersKt
USER=1.93
SYS=0.04
REAL=0:01.98
MEMT=0
COMMAND=taskset -c 2 kotlin Lychrel_numbersKt
USER=2.16
SYS=0.04
REAL=0:02.20
MEMT=0
COMMAND=taskset -c 3 kotlin Lychrel_numbersKt
USER=2.10
SYS=0.05
REAL=0:02.15
MEMT=0
COMMAND=taskset -c 0 kotlin Lychrel_numbersKt
USER=1.87
SYS=0.02
REAL=0:01.90
MEMT=0
kotlin : hachage de la sortie pour vérifier que les données en sortie sont les mêmes :
HASH=c99e7967195a2a3008417eb82e0189577791bacbd574a911cdd3d99fb24d4fd6
NB_LIGNES=10
kotlin : consommation mémoire :
BYTES_IN_USE_AT_EXIT=2,420
BYTES_TOTAL_HEAP_USAGE=2,436
