Compute result of CPU time consumed by different programming languages

Version de original-awk :20121220
taskset -c 1 echo "" | /usr/bin/original-awk -f hamming_numbers.awk
USER=28.45
SYS=0.11
REAL=0:28.60
MEMT=0
taskset -c 2 echo "" | /usr/bin/original-awk -f hamming_numbers.awk
USER=28.64
SYS=0.10
REAL=0:28.77
MEMT=0
taskset -c 3 echo "" | /usr/bin/original-awk -f hamming_numbers.awk
USER=29.45
SYS=0.08
REAL=0:29.57
MEMT=0
taskset -c 0 echo "" | /usr/bin/original-awk -f hamming_numbers.awk
USER=29.47
SYS=0.03
REAL=0:29.53
MEMT=0
taskset -c 1 echo "" | /usr/bin/original-awk -f hamming_numbers.awk
USER=28.64
SYS=0.08
REAL=0:28.75
MEMT=0
taskset -c 2 echo "" | /usr/bin/original-awk -f hamming_numbers.awk
USER=28.54
SYS=0.12
REAL=0:28.70
MEMT=0
taskset -c 3 echo "" | /usr/bin/original-awk -f hamming_numbers.awk
USER=28.75
SYS=0.09
REAL=0:28.87
MEMT=0
taskset -c 0 echo "" | /usr/bin/original-awk -f hamming_numbers.awk
USER=28.70
SYS=0.11
REAL=0:28.87
MEMT=0
taskset -c 1 echo "" | /usr/bin/original-awk -f hamming_numbers.awk
USER=29.44
SYS=0.12
REAL=0:29.59
MEMT=0
taskset -c 2 echo "" | /usr/bin/original-awk -f hamming_numbers.awk
USER=29.34
SYS=0.07
REAL=0:29.44
MEMT=0
taskset -c 3 echo "" | /usr/bin/original-awk -f hamming_numbers.awk
USER=28.84
SYS=0.07
REAL=0:28.95
MEMT=0
taskset -c 0 echo "" | /usr/bin/original-awk -f hamming_numbers.awk
USER=28.45
SYS=0.05
REAL=0:28.53
MEMT=0
taskset -c 1 echo "" | /usr/bin/original-awk -f hamming_numbers.awk
USER=28.55
SYS=0.08
REAL=0:28.66
MEMT=0
taskset -c 2 echo "" | /usr/bin/original-awk -f hamming_numbers.awk
USER=29.37
SYS=0.10
REAL=0:29.49
MEMT=0
taskset -c 3 echo "" | /usr/bin/original-awk -f hamming_numbers.awk
USER=29.50
SYS=0.12
REAL=0:29.70
MEMT=0
taskset -c 0 echo "" | /usr/bin/original-awk -f hamming_numbers.awk
USER=29.26
SYS=0.13
REAL=0:29.40
MEMT=0
taskset -c 1 echo "" | /usr/bin/original-awk -f hamming_numbers.awk
USER=28.47
SYS=0.12
REAL=0:28.63
MEMT=0
taskset -c 2 echo "" | /usr/bin/original-awk -f hamming_numbers.awk
USER=28.87
SYS=0.09
REAL=0:29.01
MEMT=0
taskset -c 3 echo "" | /usr/bin/original-awk -f hamming_numbers.awk
USER=29.29
SYS=0.09
REAL=0:29.40
MEMT=0
taskset -c 0 echo "" | /usr/bin/original-awk -f hamming_numbers.awk
USER=28.93
SYS=0.04
REAL=0:29.04
MEMT=0
taskset -c 1 echo "" | /usr/bin/original-awk -f hamming_numbers.awk
USER=29.31
SYS=0.07
REAL=0:29.40
MEMT=0
taskset -c 2 echo "" | /usr/bin/original-awk -f hamming_numbers.awk
USER=29.48
SYS=0.10
REAL=0:29.65
MEMT=0
taskset -c 3 echo "" | /usr/bin/original-awk -f hamming_numbers.awk
USER=29.39
SYS=0.14
REAL=0:29.55
MEMT=0
taskset -c 0 echo "" | /usr/bin/original-awk -f hamming_numbers.awk
USER=28.76
SYS=0.11
REAL=0:28.92
MEMT=0
taskset -c 1 echo "" | /usr/bin/original-awk -f hamming_numbers.awk
USER=28.84
SYS=0.11
REAL=0:28.99
MEMT=0
taskset -c 2 echo "" | /usr/bin/original-awk -f hamming_numbers.awk
USER=28.72
SYS=0.14
REAL=0:28.92
MEMT=0
taskset -c 3 echo "" | /usr/bin/original-awk -f hamming_numbers.awk
USER=29.40
SYS=0.11
REAL=0:29.54
MEMT=0
taskset -c 0 echo "" | /usr/bin/original-awk -f hamming_numbers.awk
USER=28.36
SYS=0.09
REAL=0:28.47
MEMT=0
taskset -c 1 echo "" | /usr/bin/original-awk -f hamming_numbers.awk
USER=28.86
SYS=0.07
REAL=0:28.99
MEMT=0
taskset -c 2 echo "" | /usr/bin/original-awk -f hamming_numbers.awk
USER=28.65
SYS=0.07
REAL=0:28.74
MEMT=0
taskset -c 3 echo "" | /usr/bin/original-awk -f hamming_numbers.awk
USER=29.21
SYS=0.07
REAL=0:29.33
MEMT=0
taskset -c 0 echo "" | /usr/bin/original-awk -f hamming_numbers.awk
USER=29.36
SYS=0.13
REAL=0:29.54
MEMT=0
original-awk : hachage de la sortie pour vérifier que les données en sortie sont les memes :
HASH=aee74d7b4568ba42bba0560df2563ed33c16deb3baa0f08cefd6a18d8146b37f
awk : nombre de lignes passées par la regexp :
NB_LIGNES=22
Illegal instruction
original-awk : consommation mémoire :
BYTES_IN_USE_AT_EXIT=543
535
BYTES_TOTAL_HEAP_USAGE=567
559
