Compute result of CPU time consumed by different programming languages

Version de bc :bc 1.06.95
taskset -c 1 bc hamming_numbers.bc
USER=32.45
SYS=0.17
REAL=0:32.69
MEMT=0
taskset -c 2 bc hamming_numbers.bc
USER=31.58
SYS=0.11
REAL=0:31.72
MEMT=0
taskset -c 3 bc hamming_numbers.bc
USER=31.83
SYS=0.15
REAL=0:32.02
MEMT=0
taskset -c 0 bc hamming_numbers.bc
USER=31.74
SYS=0.18
REAL=0:31.97
MEMT=0
bc : hachage de la sortie pour vérifier que les données en sortie sont les memes :
HASH=40f87d4802f51a29a086efe42723f9a4a89691e05c8b99a272a3cad48102bf03
NB_LIGNES=22
bc : consommation mémoire :
BYTES_IN_USE_AT_EXIT=535
BYTES_TOTAL_HEAP_USAGE=543
