Compute result of CPU time consumed by different programming languages

Version de bc :bc 1.06.95
COMMAND=bc hamming_numbers.bc
USER=16.09
SYS=0.06
REAL=0:16.30
MEMT=0
COMMAND=bc hamming_numbers.bc
USER=15.61
SYS=0.10
REAL=0:16.00
MEMT=0
COMMAND=bc hamming_numbers.bc
USER=15.70
SYS=0.14
REAL=0:15.99
MEMT=0
COMMAND=bc hamming_numbers.bc
USER=15.55
SYS=0.13
REAL=0:15.84
MEMT=0
bc : hachage de la sortie pour vérifier que les données en sortie sont les mêmes :
HASH=40f87d4802f51a29a086efe42723f9a4a89691e05c8b99a272a3cad48102bf03
NB_LIGNES=22
