Compute result of CPU time consumed by different programming languages

Version de clisp :GNU CLISP 2.49+ (2010-07-17) (built on moufang [10.128.131.78])
COMMAND=clisp hamming_numbers.clisp
USER=18.64
SYS=0.10
REAL=0:19.18
MEMT=0
COMMAND=clisp hamming_numbers.clisp
USER=18.50
SYS=0.12
REAL=0:18.93
MEMT=0
COMMAND=clisp hamming_numbers.clisp
USER=17.81
SYS=0.13
REAL=0:18.22
MEMT=0
COMMAND=clisp hamming_numbers.clisp
USER=19.32
SYS=0.09
REAL=0:19.93
MEMT=0
clisp : hachage de la sortie pour vérifier que les données en sortie sont les mêmes :
HASH=40f87d4802f51a29a086efe42723f9a4a89691e05c8b99a272a3cad48102bf03
NB_LIGNES=22
