Compute result of CPU time consumed by different programming languages

Version de perl :This is perl 5, version 26, subversion 1 (v5.26.1) built for i686-cygwin-threads-64int-multi
COMMAND=perl hamming_numbers.perl
Can't locate Math/GMPz.pm in @INC (you may need to install the Math::GMPz module) (@INC contains: /usr/local/lib/perl5/site_perl/5.26/i686-cygwin-threads-64int /usr/local/share/perl5/site_perl/5.26 /usr/lib/perl5/vendor_perl/5.26/i686-cygwin-threads-64int /usr/share/perl5/vendor_perl/5.26 /usr/lib/perl5/5.26/i686-cygwin-threads-64int /usr/share/perl5/5.26) at hamming_numbers.perl line 5.
BEGIN failed--compilation aborted at hamming_numbers.perl line 5.
Command exited with non-zero status 2
USER=0.01
SYS=0.06
REAL=0:00.15
MEMT=0
COMMAND=perl hamming_numbers.perl
Can't locate Math/GMPz.pm in @INC (you may need to install the Math::GMPz module) (@INC contains: /usr/local/lib/perl5/site_perl/5.26/i686-cygwin-threads-64int /usr/local/share/perl5/site_perl/5.26 /usr/lib/perl5/vendor_perl/5.26/i686-cygwin-threads-64int /usr/share/perl5/vendor_perl/5.26 /usr/lib/perl5/5.26/i686-cygwin-threads-64int /usr/share/perl5/5.26) at hamming_numbers.perl line 5.
BEGIN failed--compilation aborted at hamming_numbers.perl line 5.
Command exited with non-zero status 2
USER=0.00
SYS=0.09
REAL=0:00.17
MEMT=0
COMMAND=perl hamming_numbers.perl
Can't locate Math/GMPz.pm in @INC (you may need to install the Math::GMPz module) (@INC contains: /usr/local/lib/perl5/site_perl/5.26/i686-cygwin-threads-64int /usr/local/share/perl5/site_perl/5.26 /usr/lib/perl5/vendor_perl/5.26/i686-cygwin-threads-64int /usr/share/perl5/vendor_perl/5.26 /usr/lib/perl5/5.26/i686-cygwin-threads-64int /usr/share/perl5/5.26) at hamming_numbers.perl line 5.
BEGIN failed--compilation aborted at hamming_numbers.perl line 5.
Command exited with non-zero status 2
USER=0.00
SYS=0.07
REAL=0:00.15
MEMT=0
COMMAND=perl hamming_numbers.perl
Can't locate Math/GMPz.pm in @INC (you may need to install the Math::GMPz module) (@INC contains: /usr/local/lib/perl5/site_perl/5.26/i686-cygwin-threads-64int /usr/local/share/perl5/site_perl/5.26 /usr/lib/perl5/vendor_perl/5.26/i686-cygwin-threads-64int /usr/share/perl5/vendor_perl/5.26 /usr/lib/perl5/5.26/i686-cygwin-threads-64int /usr/share/perl5/5.26) at hamming_numbers.perl line 5.
BEGIN failed--compilation aborted at hamming_numbers.perl line 5.
Command exited with non-zero status 2
USER=0.00
SYS=0.07
REAL=0:00.15
MEMT=0
Can't locate Math/GMPz.pm in @INC (you may need to install the Math::GMPz module) (@INC contains: /usr/local/lib/perl5/site_perl/5.26/i686-cygwin-threads-64int /usr/local/share/perl5/site_perl/5.26 /usr/lib/perl5/vendor_perl/5.26/i686-cygwin-threads-64int /usr/share/perl5/vendor_perl/5.26 /usr/lib/perl5/5.26/i686-cygwin-threads-64int /usr/share/perl5/5.26) at hamming_numbers.perl line 5.
BEGIN failed--compilation aborted at hamming_numbers.perl line 5.
perl : hachage de la sortie pour vérifier que les données en sortie sont les mêmes :
HASH=e3b0c44298fc1c149afbf4c8996fb92427ae41e4649b934ca495991b7852b855
NB_LIGNES=0
