Compute result of CPU time consumed by different programming languages

Version de ruby :ruby 2.3.3p222 (2016-11-21 revision 9808) [i386-cygwin]
COMMAND=ruby hamming_numbers.ruby
USER=6.94
SYS=0.41
REAL=0:07.61
MEMT=0
COMMAND=ruby hamming_numbers.ruby
USER=6.98
SYS=0.35
REAL=0:07.47
MEMT=0
COMMAND=ruby hamming_numbers.ruby
USER=6.91
SYS=0.29
REAL=0:07.37
MEMT=0
COMMAND=ruby hamming_numbers.ruby
USER=6.69
SYS=0.37
REAL=0:07.12
MEMT=0
ruby : hachage de la sortie pour vérifier que les données en sortie sont les mêmes :
HASH=40f87d4802f51a29a086efe42723f9a4a89691e05c8b99a272a3cad48102bf03
NB_LIGNES=22
