Compute result of CPU time consumed by different programming languages

Version de bc :bc 1.07.1
COMMAND=taskset -c 1 bc hamming_numbers.bc
USER=3.37
SYS=0.05
REAL=0:03.43
MEMT=0
COMMAND=taskset -c 2 bc hamming_numbers.bc
USER=3.38
SYS=0.04
REAL=0:03.42
MEMT=0
COMMAND=taskset -c 3 bc hamming_numbers.bc
USER=3.40
SYS=0.04
REAL=0:03.44
MEMT=0
COMMAND=taskset -c 0 bc hamming_numbers.bc
USER=3.42
SYS=0.03
REAL=0:03.46
MEMT=0
COMMAND=taskset -c 1 bc hamming_numbers.bc
USER=3.33
SYS=0.06
REAL=0:03.40
MEMT=0
COMMAND=taskset -c 2 bc hamming_numbers.bc
USER=3.39
SYS=0.05
REAL=0:03.45
MEMT=0
COMMAND=taskset -c 3 bc hamming_numbers.bc
USER=3.46
SYS=0.04
REAL=0:03.50
MEMT=0
COMMAND=taskset -c 0 bc hamming_numbers.bc
USER=3.28
SYS=0.04
REAL=0:03.33
MEMT=0
bc : hachage de la sortie pour vérifier que les données en sortie sont les mêmes :
HASH=40f87d4802f51a29a086efe42723f9a4a89691e05c8b99a272a3cad48102bf03
NB_LIGNES=22
bc : consommation mémoire :
BYTES_IN_USE_AT_EXIT=2,600
BYTES_TOTAL_HEAP_USAGE=2,616
