Compute result of CPU time consumed by different programming languages

Version de bc :bc 1.06.95
taskset -c 1 bc hamming_numbers.bc
USER=3.72
SYS=0.07
REAL=0:03.80
MEMT=0
taskset -c 2 bc hamming_numbers.bc
USER=4.06
SYS=0.08
REAL=0:04.22
MEMT=0
taskset -c 3 bc hamming_numbers.bc
USER=3.80
SYS=0.07
REAL=0:03.90
MEMT=0
taskset -c 0 bc hamming_numbers.bc
USER=4.11
SYS=0.07
REAL=0:04.19
MEMT=0
bc : hachage de la sortie pour vérifier que les données en sortie sont les mêmes :
HASH=40f87d4802f51a29a086efe42723f9a4a89691e05c8b99a272a3cad48102bf03
NB_LIGNES=22
bc : consommation mémoire :
BYTES_IN_USE_AT_EXIT=2,546
BYTES_TOTAL_HEAP_USAGE=2,562
