Compute result of CPU time consumed by different programming languages

Version de gawk :GNU Awk 4.1.4
COMMAND=taskset -c 1 echo "" | gawk -M -f hamming_numbers.gawk
USER=5.86
SYS=0.13
REAL=0:05.99
MEMT=0
COMMAND=taskset -c 2 echo "" | gawk -M -f hamming_numbers.gawk
USER=5.93
SYS=0.14
REAL=0:06.07
MEMT=0
COMMAND=taskset -c 3 echo "" | gawk -M -f hamming_numbers.gawk
USER=5.74
SYS=0.11
REAL=0:05.86
MEMT=0
COMMAND=taskset -c 0 echo "" | gawk -M -f hamming_numbers.gawk
USER=5.71
SYS=0.14
REAL=0:05.85
MEMT=0
COMMAND=taskset -c 1 echo "" | gawk -M -f hamming_numbers.gawk
USER=5.84
SYS=0.14
REAL=0:05.98
MEMT=0
COMMAND=taskset -c 2 echo "" | gawk -M -f hamming_numbers.gawk
USER=5.80
SYS=0.12
REAL=0:05.92
MEMT=0
COMMAND=taskset -c 3 echo "" | gawk -M -f hamming_numbers.gawk
USER=5.75
SYS=0.12
REAL=0:05.87
MEMT=0
COMMAND=taskset -c 0 echo "" | gawk -M -f hamming_numbers.gawk
USER=5.59
SYS=0.08
REAL=0:05.67
MEMT=0
gawk : hachage de la sortie pour vérifier que les données en sortie sont les mêmes :
HASH=40f87d4802f51a29a086efe42723f9a4a89691e05c8b99a272a3cad48102bf03
NB_LIGNES=22
gawk : consommation mémoire :
BYTES_IN_USE_AT_EXIT=2,628
BYTES_TOTAL_HEAP_USAGE=3,172
