Compute result of CPU time consumed by different programming languages

Version de gawk :GNU Awk 4.1.4
taskset -c 1 echo "" | gawk -M -f hamming_numbers.gawk
USER=7.83
SYS=0.20
REAL=0:08.06
MEMT=0
taskset -c 2 echo "" | gawk -M -f hamming_numbers.gawk
USER=7.74
SYS=0.18
REAL=0:07.93
MEMT=0
taskset -c 3 echo "" | gawk -M -f hamming_numbers.gawk
USER=8.00
SYS=0.21
REAL=0:08.24
MEMT=0
taskset -c 0 echo "" | gawk -M -f hamming_numbers.gawk
USER=7.80
SYS=0.17
REAL=0:07.98
MEMT=0
gawk : hachage de la sortie pour vérifier que les données en sortie sont les mêmes :
HASH=40f87d4802f51a29a086efe42723f9a4a89691e05c8b99a272a3cad48102bf03
NB_LIGNES=22
gawk : consommation mémoire :
BYTES_IN_USE_AT_EXIT=2,574
BYTES_TOTAL_HEAP_USAGE=3,118
