Compute result of CPU time consumed by different programming languages

Version de mawk :1.3.3
taskset -c 1 echo "" | mawk -f hamming_numbers.mawk
USER=1.01
SYS=0.01
REAL=0:01.02
MEMT=0
taskset -c 2 echo "" | mawk -f hamming_numbers.mawk
USER=0.93
SYS=0.02
REAL=0:00.97
MEMT=0
taskset -c 3 echo "" | mawk -f hamming_numbers.mawk
USER=0.86
SYS=0.02
REAL=0:00.89
MEMT=0
taskset -c 0 echo "" | mawk -f hamming_numbers.mawk
USER=0.89
SYS=0.02
REAL=0:00.92
MEMT=0
mawk : hachage de la sortie pour vérifier que les données en sortie sont les mêmes :
HASH=aee74d7b4568ba42bba0560df2563ed33c16deb3baa0f08cefd6a18d8146b37f
NB_LIGNES=22
mawk : consommation mémoire :
BYTES_IN_USE_AT_EXIT=2,574
BYTES_TOTAL_HEAP_USAGE=2,606
