Compute result of CPU time consumed by different programming languages

Version de mawk :1.3.3
COMMAND=taskset -c 1 echo "" | mawk -f hamming_numbers.mawk
USER=0.48
SYS=0.03
REAL=0:00.51
MEMT=0
COMMAND=taskset -c 2 echo "" | mawk -f hamming_numbers.mawk
USER=0.49
SYS=0.03
REAL=0:00.52
MEMT=0
COMMAND=taskset -c 3 echo "" | mawk -f hamming_numbers.mawk
USER=0.50
SYS=0.03
REAL=0:00.54
MEMT=0
COMMAND=taskset -c 0 echo "" | mawk -f hamming_numbers.mawk
USER=0.53
SYS=0.02
REAL=0:00.56
MEMT=0
COMMAND=taskset -c 1 echo "" | mawk -f hamming_numbers.mawk
USER=0.53
SYS=0.02
REAL=0:00.56
MEMT=0
COMMAND=taskset -c 2 echo "" | mawk -f hamming_numbers.mawk
USER=0.59
SYS=0.02
REAL=0:00.61
MEMT=0
COMMAND=taskset -c 3 echo "" | mawk -f hamming_numbers.mawk
USER=0.50
SYS=0.02
REAL=0:00.53
MEMT=0
COMMAND=taskset -c 0 echo "" | mawk -f hamming_numbers.mawk
USER=0.50
SYS=0.00
REAL=0:00.51
MEMT=0
mawk : hachage de la sortie pour vérifier que les données en sortie sont les mêmes :
HASH=aee74d7b4568ba42bba0560df2563ed33c16deb3baa0f08cefd6a18d8146b37f
NB_LIGNES=22
mawk : consommation mémoire :
BYTES_IN_USE_AT_EXIT=2,628
BYTES_TOTAL_HEAP_USAGE=2,660
