Compute result of CPU time consumed by different programming languages

Version de ruby :ruby 2.3.3p222 (2016-11-21) [x86_64-linux-gnu]
COMMAND=taskset -c 1 ruby hamming_numbers.ruby
USER=3.49
SYS=0.00
REAL=0:03.49
MEMT=0
COMMAND=taskset -c 2 ruby hamming_numbers.ruby
USER=3.82
SYS=0.01
REAL=0:04.05
MEMT=0
COMMAND=taskset -c 3 ruby hamming_numbers.ruby
USER=4.08
SYS=0.02
REAL=0:04.56
MEMT=0
COMMAND=taskset -c 0 ruby hamming_numbers.ruby
USER=6.35
SYS=0.02
REAL=0:06.38
MEMT=0
COMMAND=taskset -c 1 ruby hamming_numbers.ruby
USER=3.56
SYS=0.01
REAL=0:07.18
MEMT=0
COMMAND=taskset -c 2 ruby hamming_numbers.ruby
USER=3.81
SYS=0.02
REAL=0:03.84
MEMT=0
COMMAND=taskset -c 3 ruby hamming_numbers.ruby
USER=3.81
SYS=0.01
REAL=0:03.82
MEMT=0
COMMAND=taskset -c 0 ruby hamming_numbers.ruby
USER=6.33
SYS=0.00
REAL=0:06.34
MEMT=0
ruby : hachage de la sortie pour vérifier que les données en sortie sont les mêmes :
HASH=40f87d4802f51a29a086efe42723f9a4a89691e05c8b99a272a3cad48102bf03
NB_LIGNES=22
ruby : consommation mémoire :
BYTES_IN_USE_AT_EXIT=2,420
BYTES_TOTAL_HEAP_USAGE=2,436
