Compute result of CPU time consumed by different programming languages

Version de tclsh :8.6
COMMAND=taskset -c 1 tclsh hamming_numbers.tclsh
USER=3.21
SYS=0.07
REAL=0:03.29
MEMT=0
tclsh : hash output to compare results between langages :
1
2
3
4
5
6
8
9
10
12
15
16
18
20
24
25
27
30
32
36
2125764000
519312780448388736089589843750000000000000000000000000000000000000000000000000000000
HASH=40f87d4802f51a29a086efe42723f9a4a89691e05c8b99a272a3cad48102bf03
NB_LIGNES=22
tclsh : memory usage :
BYTES_IN_USE_AT_EXIT=2,824
BYTES_TOTAL_HEAP_USAGE=2,840
