Compute result of CPU time consumed by different programming languages

Version de bc :bc 1.06.95
COMMAND=bc left_factorials.bc
USER=46.31
SYS=0.06
REAL=0:46.99
MEMT=0
COMMAND=bc left_factorials.bc
USER=46.26
SYS=0.09
REAL=0:46.71
MEMT=0
COMMAND=bc left_factorials.bc
USER=45.44
SYS=0.12
REAL=0:45.78
MEMT=0
COMMAND=bc left_factorials.bc
USER=38.85
SYS=0.04
REAL=0:38.98
MEMT=0
COMMAND=bc left_factorials.bc
USER=39.04
SYS=0.07
REAL=0:39.23
MEMT=0
COMMAND=bc left_factorials.bc
USER=40.32
SYS=0.06
REAL=0:40.46
MEMT=0
COMMAND=bc left_factorials.bc
USER=38.75
SYS=0.07
REAL=0:38.91
MEMT=0
COMMAND=bc left_factorials.bc
USER=39.01
SYS=0.01
REAL=0:39.11
MEMT=0
COMMAND=bc left_factorials.bc
USER=38.98
SYS=0.06
REAL=0:39.10
MEMT=0
COMMAND=bc left_factorials.bc
USER=39.04
SYS=0.04
REAL=0:39.23
MEMT=0
COMMAND=bc left_factorials.bc
USER=38.96
SYS=0.04
REAL=0:39.20
MEMT=0
COMMAND=bc left_factorials.bc
USER=38.98
SYS=0.09
REAL=0:39.14
MEMT=0
COMMAND=bc left_factorials.bc
USER=40.12
SYS=0.03
REAL=0:40.24
MEMT=0
COMMAND=bc left_factorials.bc
USER=38.92
SYS=0.09
REAL=0:39.06
MEMT=0
COMMAND=bc left_factorials.bc
USER=38.96
SYS=0.04
REAL=0:39.06
MEMT=0
COMMAND=bc left_factorials.bc
USER=38.96
SYS=0.06
REAL=0:39.15
MEMT=0
bc : hachage de la sortie pour vérifier que les données en sortie sont les mêmes :
HASH=5b551cce5eb1808e68ab8ebba0986209556796bed17390e5ecd9f47fc747bbe6
NB_LIGNES=31
