Compute result of CPU time consumed by different programming languages

Version de clisp :GNU CLISP 2.49+ (2010-07-17) (built on moufang [10.128.131.78])
COMMAND=clisp left_factorials.clisp
USER=1973.64
SYS=1.74
REAL=32:57.06
MEMT=0
COMMAND=clisp left_factorials.clisp
USER=2018.54
SYS=2.27
REAL=34:01.07
MEMT=0
COMMAND=clisp left_factorials.clisp
USER=2194.88
SYS=3.22
REAL=37:26.95
MEMT=0
COMMAND=clisp left_factorials.clisp
USER=2082.69
SYS=2.32
REAL=89:15:25
MEMT=0
COMMAND=clisp left_factorials.clisp
USER=2073.54
SYS=1.82
REAL=34:53.08
MEMT=0
COMMAND=clisp left_factorials.clisp
USER=1985.20
SYS=1.94
REAL=33:11.53
MEMT=0
COMMAND=clisp left_factorials.clisp
USER=1967.59
SYS=1.79
REAL=32:51.13
MEMT=0
COMMAND=clisp left_factorials.clisp
USER=2055.45
SYS=2.35
REAL=34:49.22
MEMT=0
COMMAND=clisp left_factorials.clisp
USER=1965.40
SYS=1.57
REAL=32:48.70
MEMT=0
COMMAND=clisp left_factorials.clisp
USER=1988.98
SYS=1.66
REAL=33:12.84
MEMT=0
COMMAND=clisp left_factorials.clisp
USER=2020.27
SYS=1.99
REAL=33:56.01
MEMT=0
COMMAND=clisp left_factorials.clisp
USER=2178.19
SYS=2.33
REAL=36:52.35
MEMT=0
COMMAND=clisp left_factorials.clisp
USER=2146.18
SYS=2.55
REAL=36:24.39
MEMT=0
COMMAND=clisp left_factorials.clisp
USER=2224.29
SYS=3.33
REAL=37:42.78
MEMT=0
COMMAND=clisp left_factorials.clisp
USER=2131.75
SYS=3.36
REAL=36:31.92
MEMT=0
COMMAND=clisp left_factorials.clisp
USER=2109.39
SYS=2.69
REAL=35:56.99
MEMT=0
clisp : hachage de la sortie pour vérifier que les données en sortie sont les mêmes :
HASH=22900b58965225f85720d6e997fc305ceda3ffa7cfca6ea41a7d6dcd7279613b
NB_LIGNES=21
