Compute result of CPU time consumed by different programming languages

Version de gawk :GNU Awk 4.2.0
COMMAND=echo "" | gawk -M -f left_factorials.gawk
USER=0.62
SYS=0.10
REAL=0:00.81
MEMT=0
COMMAND=echo "" | gawk -M -f left_factorials.gawk
USER=0.68
SYS=0.03
REAL=0:00.81
MEMT=0
COMMAND=echo "" | gawk -M -f left_factorials.gawk
USER=0.67
SYS=0.09
REAL=0:00.81
MEMT=0
COMMAND=echo "" | gawk -M -f left_factorials.gawk
USER=0.63
SYS=0.07
REAL=0:00.84
MEMT=0
COMMAND=echo "" | gawk -M -f left_factorials.gawk
USER=0.63
SYS=0.07
REAL=0:00.82
MEMT=0
COMMAND=echo "" | gawk -M -f left_factorials.gawk
USER=0.63
SYS=0.07
REAL=0:00.75
MEMT=0
COMMAND=echo "" | gawk -M -f left_factorials.gawk
USER=0.62
SYS=0.07
REAL=0:00.77
MEMT=0
COMMAND=echo "" | gawk -M -f left_factorials.gawk
USER=0.65
SYS=0.07
REAL=0:00.83
MEMT=0
COMMAND=echo "" | gawk -M -f left_factorials.gawk
USER=0.67
SYS=0.07
REAL=0:00.83
MEMT=0
COMMAND=echo "" | gawk -M -f left_factorials.gawk
USER=0.63
SYS=0.07
REAL=0:00.81
MEMT=0
COMMAND=echo "" | gawk -M -f left_factorials.gawk
USER=0.63
SYS=0.07
REAL=0:00.80
MEMT=0
COMMAND=echo "" | gawk -M -f left_factorials.gawk
USER=0.67
SYS=0.04
REAL=0:00.80
MEMT=0
COMMAND=echo "" | gawk -M -f left_factorials.gawk
USER=0.65
SYS=0.06
REAL=0:00.82
MEMT=0
COMMAND=echo "" | gawk -M -f left_factorials.gawk
USER=0.70
SYS=0.07
REAL=0:00.89
MEMT=0
COMMAND=echo "" | gawk -M -f left_factorials.gawk
USER=0.71
SYS=0.07
REAL=0:00.87
MEMT=0
COMMAND=echo "" | gawk -M -f left_factorials.gawk
USER=0.68
SYS=0.06
REAL=0:00.80
MEMT=0
gawk : hachage de la sortie pour vérifier que les données en sortie sont les mêmes :
HASH=f02a36786f4ae769aa0682fcbb3a00155f5d9e8cfd894ad337e1018b7d846cc3
NB_LIGNES=22
