Compute result of CPU time consumed by different programming languages

Version de perl :This is perl 5, version 26, subversion 1 (v5.26.1) built for i686-cygwin-threads-64int-multi
COMMAND=perl left_factorials.perl
USER=8.09
SYS=0.09
REAL=0:08.30
MEMT=0
COMMAND=perl left_factorials.perl
USER=7.26
SYS=0.10
REAL=0:07.52
MEMT=0
COMMAND=perl left_factorials.perl
USER=7.40
SYS=0.13
REAL=0:07.66
MEMT=0
COMMAND=perl left_factorials.perl
USER=7.37
SYS=0.04
REAL=0:07.59
MEMT=0
COMMAND=perl left_factorials.perl
USER=7.26
SYS=0.10
REAL=0:07.46
MEMT=0
COMMAND=perl left_factorials.perl
USER=7.26
SYS=0.09
REAL=0:07.53
MEMT=0
COMMAND=perl left_factorials.perl
USER=7.37
SYS=0.09
REAL=0:07.67
MEMT=0
COMMAND=perl left_factorials.perl
USER=7.31
SYS=0.13
REAL=0:07.54
MEMT=0
COMMAND=perl left_factorials.perl
USER=7.33
SYS=0.06
REAL=0:07.49
MEMT=0
COMMAND=perl left_factorials.perl
USER=7.42
SYS=0.09
REAL=0:07.64
MEMT=0
COMMAND=perl left_factorials.perl
USER=7.39
SYS=0.10
REAL=0:07.61
MEMT=0
COMMAND=perl left_factorials.perl
USER=7.22
SYS=0.10
REAL=0:07.48
MEMT=0
COMMAND=perl left_factorials.perl
USER=7.28
SYS=0.10
REAL=0:07.52
MEMT=0
COMMAND=perl left_factorials.perl
USER=7.39
SYS=0.12
REAL=0:07.72
MEMT=0
COMMAND=perl left_factorials.perl
USER=7.40
SYS=0.09
REAL=0:07.71
MEMT=0
COMMAND=perl left_factorials.perl
USER=7.44
SYS=0.03
REAL=0:07.58
MEMT=0
perl : hachage de la sortie pour vérifier que les données en sortie sont les mêmes :
HASH=ee9cabf274c416e307024ba37b4f9d267730b17e47356a7a401506a7c5296aa3
NB_LIGNES=31
