Compute result of CPU time consumed by different programming languages

Version de python :Python 2.7.14
COMMAND=echo "" | python left_factorials.python
USER=0.57
SYS=0.10
REAL=0:00.86
MEMT=0
COMMAND=echo "" | python left_factorials.python
USER=0.57
SYS=0.17
REAL=0:00.84
MEMT=0
COMMAND=echo "" | python left_factorials.python
USER=0.54
SYS=0.15
REAL=0:00.75
MEMT=0
COMMAND=echo "" | python left_factorials.python
USER=0.57
SYS=0.12
REAL=0:00.76
MEMT=0
COMMAND=echo "" | python left_factorials.python
USER=0.60
SYS=0.09
REAL=0:00.78
MEMT=0
COMMAND=echo "" | python left_factorials.python
USER=0.52
SYS=0.18
REAL=0:00.83
MEMT=0
COMMAND=echo "" | python left_factorials.python
USER=0.59
SYS=0.12
REAL=0:00.79
MEMT=0
COMMAND=echo "" | python left_factorials.python
USER=0.53
SYS=0.16
REAL=0:00.75
MEMT=0
COMMAND=echo "" | python left_factorials.python
USER=0.57
SYS=0.10
REAL=0:00.76
MEMT=0
COMMAND=echo "" | python left_factorials.python
USER=0.59
SYS=0.15
REAL=0:00.77
MEMT=0
COMMAND=echo "" | python left_factorials.python
USER=0.56
SYS=0.12
REAL=0:00.79
MEMT=0
COMMAND=echo "" | python left_factorials.python
USER=0.53
SYS=0.17
REAL=0:00.81
MEMT=0
COMMAND=echo "" | python left_factorials.python
USER=0.49
SYS=0.18
REAL=0:00.76
MEMT=0
COMMAND=echo "" | python left_factorials.python
USER=0.53
SYS=0.18
REAL=0:00.74
MEMT=0
COMMAND=echo "" | python left_factorials.python
USER=0.57
SYS=0.18
REAL=0:00.82
MEMT=0
COMMAND=echo "" | python left_factorials.python
USER=0.56
SYS=0.18
REAL=0:00.82
MEMT=0
python : hachage de la sortie pour vérifier que les données en sortie sont les mêmes :
HASH=ee9cabf274c416e307024ba37b4f9d267730b17e47356a7a401506a7c5296aa3
NB_LIGNES=31
