Compute result of CPU time consumed by different programming languages

Version de ruby :ruby 2.3.3p222 (2016-11-21 revision 9808) [i386-cygwin]
COMMAND=ruby left_factorials.ruby
USER=0.21
SYS=0.43
REAL=0:00.77
MEMT=0
COMMAND=ruby left_factorials.ruby
USER=0.35
SYS=0.37
REAL=0:00.82
MEMT=0
COMMAND=ruby left_factorials.ruby
USER=0.34
SYS=0.38
REAL=0:00.80
MEMT=0
COMMAND=ruby left_factorials.ruby
USER=0.34
SYS=0.31
REAL=0:00.71
MEMT=0
COMMAND=ruby left_factorials.ruby
USER=0.34
SYS=0.32
REAL=0:00.69
MEMT=0
COMMAND=ruby left_factorials.ruby
USER=0.31
SYS=0.29
REAL=0:00.69
MEMT=0
COMMAND=ruby left_factorials.ruby
USER=0.31
SYS=0.42
REAL=0:00.81
MEMT=0
COMMAND=ruby left_factorials.ruby
USER=0.31
SYS=0.37
REAL=0:00.79
MEMT=0
COMMAND=ruby left_factorials.ruby
USER=0.38
SYS=0.28
REAL=0:00.71
MEMT=0
COMMAND=ruby left_factorials.ruby
USER=0.28
SYS=0.38
REAL=0:00.69
MEMT=0
COMMAND=ruby left_factorials.ruby
USER=0.34
SYS=0.32
REAL=0:00.71
MEMT=0
COMMAND=ruby left_factorials.ruby
USER=0.35
SYS=0.38
REAL=0:00.84
MEMT=0
COMMAND=ruby left_factorials.ruby
USER=0.35
SYS=0.37
REAL=0:00.81
MEMT=0
COMMAND=ruby left_factorials.ruby
USER=0.31
SYS=0.35
REAL=0:00.72
MEMT=0
COMMAND=ruby left_factorials.ruby
USER=0.29
SYS=0.35
REAL=0:00.72
MEMT=0
COMMAND=ruby left_factorials.ruby
USER=0.32
SYS=0.31
REAL=0:00.74
MEMT=0
ruby : hachage de la sortie pour vérifier que les données en sortie sont les mêmes :
HASH=ee9cabf274c416e307024ba37b4f9d267730b17e47356a7a401506a7c5296aa3
NB_LIGNES=31
