Compute result of CPU time consumed by different programming languages

Version de tclsh :8.6
COMMAND=tclsh left_factorials.tclsh
USER=11.46
SYS=0.10
REAL=0:12.03
MEMT=0
COMMAND=tclsh left_factorials.tclsh
USER=11.69
SYS=0.15
REAL=0:12.14
MEMT=0
COMMAND=tclsh left_factorials.tclsh
USER=11.85
SYS=0.10
REAL=0:12.23
MEMT=0
COMMAND=tclsh left_factorials.tclsh
USER=11.79
SYS=0.10
REAL=0:12.15
MEMT=0
COMMAND=tclsh left_factorials.tclsh
USER=11.68
SYS=0.10
REAL=0:12.12
MEMT=0
COMMAND=tclsh left_factorials.tclsh
USER=11.66
SYS=0.10
REAL=0:12.17
MEMT=0
COMMAND=tclsh left_factorials.tclsh
USER=11.65
SYS=0.07
REAL=0:12.29
MEMT=0
COMMAND=tclsh left_factorials.tclsh
USER=12.38
SYS=0.09
REAL=0:13.02
MEMT=0
COMMAND=tclsh left_factorials.tclsh
USER=12.21
SYS=0.10
REAL=0:13.10
MEMT=0
COMMAND=tclsh left_factorials.tclsh
USER=11.83
SYS=0.09
REAL=0:12.26
MEMT=0
COMMAND=tclsh left_factorials.tclsh
USER=12.58
SYS=0.10
REAL=0:13.95
MEMT=0
COMMAND=tclsh left_factorials.tclsh
USER=11.77
SYS=0.10
REAL=0:12.32
MEMT=0
COMMAND=tclsh left_factorials.tclsh
USER=11.90
SYS=0.12
REAL=0:12.24
MEMT=0
COMMAND=tclsh left_factorials.tclsh
USER=11.82
SYS=0.09
REAL=0:12.12
MEMT=0
COMMAND=tclsh left_factorials.tclsh
USER=11.85
SYS=0.07
REAL=0:12.33
MEMT=0
COMMAND=tclsh left_factorials.tclsh
USER=11.74
SYS=0.07
REAL=0:12.25
MEMT=0
tclsh : hachage de la sortie pour vérifier que les données en sortie sont les mêmes :
HASH=ee9cabf274c416e307024ba37b4f9d267730b17e47356a7a401506a7c5296aa3
NB_LIGNES=31
