Compute result of CPU time consumed by different programming languages

Version de ruby :ruby 2.3.3p222 (2016-11-21 revision 9808) [i386-cygwin]
COMMAND=ruby lychrel_numbers.ruby
USER=7.15
SYS=0.37
REAL=0:07.89
MEMT=0
COMMAND=ruby lychrel_numbers.ruby
USER=7.48
SYS=0.46
REAL=0:08.00
MEMT=0
COMMAND=ruby lychrel_numbers.ruby
USER=7.22
SYS=0.40
REAL=0:07.72
MEMT=0
COMMAND=ruby lychrel_numbers.ruby
USER=7.33
SYS=0.41
REAL=0:07.84
MEMT=0
COMMAND=ruby lychrel_numbers.ruby
USER=6.97
SYS=0.42
REAL=0:07.50
MEMT=0
COMMAND=ruby lychrel_numbers.ruby
USER=6.92
SYS=0.45
REAL=0:07.49
MEMT=0
COMMAND=ruby lychrel_numbers.ruby
USER=7.19
SYS=0.43
REAL=0:07.73
MEMT=0
COMMAND=ruby lychrel_numbers.ruby
USER=7.22
SYS=0.48
REAL=0:07.78
MEMT=0
ruby : hachage de la sortie pour vérifier que les données en sortie sont les mêmes :
HASH=cf7a67d9952f5aa388ce37e9974bb7f3604ccc4b0ff4a210f5fb5ef8266a3615
NB_LIGNES=3
