Compute result of CPU time consumed by different programming languages

Version de haskell :2.1.3,
f_for_haskell haskell anonymous_recursion 1
COMMAND=taskset -c 1 /usr/local/bin/stack runhaskell anonymous_recursion.hk
USER=48.42
SYS=0.07
REAL=0:48.54
MEMT=0
haskell : hash output to compare results between langages :
0
1
1
2
3
5
8
13
21
34
55
89
144
233
377
610
987
1597
2584
4181
6765
10946
17711
28657
46368
75025
121393
196418
317811
514229
832040
1346269
2178309
3524578
5702887
9227465
HASH=c996815d4d30b46af6595083c2305a5552382b8420a8c9e215863ca6b8263c28
NB_LIGNES=36
haskell : memory usage :
BYTES_IN_USE_AT_EXIT=2,832
BYTES_TOTAL_HEAP_USAGE=3,360
