Compute result of CPU time consumed by different programming languages

Version de perl :This is perl 5, version 26, subversion 1 (v5.26.1) built for x86_64-linux-gnu-thread-multi
COMMAND=taskset -c 1 perl anonymous_recursion.perl
USER=20.31
SYS=0.00
REAL=0:20.32
MEMT=0
perl : hash output to compare results between langages :
0
1
1
2
3
5
8
13
21
34
55
89
144
233
377
610
987
1597
2584
4181
6765
10946
17711
28657
46368
75025
121393
196418
317811
514229
832040
1346269
2178309
3524578
5702887
9227465
HASH=c996815d4d30b46af6595083c2305a5552382b8420a8c9e215863ca6b8263c28
NB_LIGNES=36
perl : memory usage :
BYTES_IN_USE_AT_EXIT=2,832
BYTES_TOTAL_HEAP_USAGE=3,360
