Compute result of CPU time consumed by different programming languages

Version de tclsh :8.6
COMMAND=taskset -c 1 tclsh anonymous_recursion.tclsh
USER=39.46
SYS=0.01
REAL=0:39.61
MEMT=0
COMMAND=taskset -c 2 tclsh anonymous_recursion.tclsh
USER=31.25
SYS=0.00
REAL=0:31.28
MEMT=0
COMMAND=taskset -c 3 tclsh anonymous_recursion.tclsh
USER=31.28
SYS=0.00
REAL=0:31.30
MEMT=0
COMMAND=taskset -c 0 tclsh anonymous_recursion.tclsh
USER=31.21
SYS=0.00
REAL=0:31.22
MEMT=0
COMMAND=taskset -c 1 tclsh anonymous_recursion.tclsh
USER=31.26
SYS=0.00
REAL=0:31.28
MEMT=0
COMMAND=taskset -c 2 tclsh anonymous_recursion.tclsh
USER=31.09
SYS=0.00
REAL=0:31.11
MEMT=0
COMMAND=taskset -c 3 tclsh anonymous_recursion.tclsh
USER=31.17
SYS=0.00
REAL=0:31.20
MEMT=0
COMMAND=taskset -c 0 tclsh anonymous_recursion.tclsh
USER=31.57
SYS=0.00
REAL=0:31.58
MEMT=0
tclsh : hachage de la sortie pour vérifier que les données en sortie sont les mêmes :
HASH=c996815d4d30b46af6595083c2305a5552382b8420a8c9e215863ca6b8263c28
NB_LIGNES=36
tclsh : consommation mémoire :
BYTES_IN_USE_AT_EXIT=2,428
BYTES_TOTAL_HEAP_USAGE=2,444
