Compute result of CPU time consumed by different programming languages

Version de gawk :GNU Awk 4.1.1
taskset -c 0 echo "" | gawk -M -f left_factorials.awk
USER=2.30
SYS=0.00
REAL=0:02.31
MEMT=0
taskset -c 1 echo "" | gawk -M -f left_factorials.awk
USER=2.30
SYS=0.00
REAL=0:02.31
MEMT=0
taskset -c 2 echo "" | gawk -M -f left_factorials.awk
USER=2.32
SYS=0.00
REAL=0:02.33
MEMT=0
taskset -c 3 echo "" | gawk -M -f left_factorials.awk
USER=2.28
SYS=0.00
REAL=0:02.29
MEMT=0
taskset -c 0 echo "" | gawk -M -f left_factorials.awk
USER=2.28
SYS=0.00
REAL=0:02.29
MEMT=0
taskset -c 1 echo "" | gawk -M -f left_factorials.awk
USER=2.30
SYS=0.00
REAL=0:02.31
MEMT=0
taskset -c 2 echo "" | gawk -M -f left_factorials.awk
USER=2.29
SYS=0.00
REAL=0:02.30
MEMT=0
taskset -c 3 echo "" | gawk -M -f left_factorials.awk
USER=2.32
SYS=0.00
REAL=0:02.32
MEMT=0
taskset -c 0 echo "" | gawk -M -f left_factorials.awk
USER=2.30
SYS=0.00
REAL=0:02.31
MEMT=0
taskset -c 1 echo "" | gawk -M -f left_factorials.awk
USER=2.31
SYS=0.00
REAL=0:02.32
MEMT=0
taskset -c 2 echo "" | gawk -M -f left_factorials.awk
USER=2.32
SYS=0.00
REAL=0:02.33
MEMT=0
taskset -c 3 echo "" | gawk -M -f left_factorials.awk
USER=2.28
SYS=0.00
REAL=0:02.28
MEMT=0
taskset -c 0 echo "" | gawk -M -f left_factorials.awk
USER=2.29
SYS=0.00
REAL=0:02.29
MEMT=0
taskset -c 1 echo "" | gawk -M -f left_factorials.awk
USER=2.32
SYS=0.00
REAL=0:02.32
MEMT=0
taskset -c 2 echo "" | gawk -M -f left_factorials.awk
USER=2.28
SYS=0.01
REAL=0:02.29
MEMT=0
taskset -c 3 echo "" | gawk -M -f left_factorials.awk
USER=2.28
SYS=0.00
REAL=0:02.29
MEMT=0
taskset -c 0 echo "" | gawk -M -f left_factorials.awk
USER=2.28
SYS=0.01
REAL=0:02.29
MEMT=0
taskset -c 1 echo "" | gawk -M -f left_factorials.awk
USER=2.30
SYS=0.00
REAL=0:02.31
MEMT=0
taskset -c 2 echo "" | gawk -M -f left_factorials.awk
USER=2.29
SYS=0.00
REAL=0:02.30
MEMT=0
taskset -c 3 echo "" | gawk -M -f left_factorials.awk
USER=2.30
SYS=0.00
REAL=0:02.30
MEMT=0
taskset -c 0 echo "" | gawk -M -f left_factorials.awk
USER=2.32
SYS=0.00
REAL=0:02.33
MEMT=0
taskset -c 1 echo "" | gawk -M -f left_factorials.awk
USER=2.29
SYS=0.00
REAL=0:02.29
MEMT=0
taskset -c 2 echo "" | gawk -M -f left_factorials.awk
USER=2.31
SYS=0.00
REAL=0:02.32
MEMT=0
taskset -c 3 echo "" | gawk -M -f left_factorials.awk
USER=2.28
SYS=0.00
REAL=0:02.29
MEMT=0
taskset -c 0 echo "" | gawk -M -f left_factorials.awk
USER=2.30
SYS=0.00
REAL=0:02.31
MEMT=0
taskset -c 1 echo "" | gawk -M -f left_factorials.awk
USER=2.29
SYS=0.00
REAL=0:02.30
MEMT=0
taskset -c 2 echo "" | gawk -M -f left_factorials.awk
USER=2.29
SYS=0.00
REAL=0:02.30
MEMT=0
taskset -c 3 echo "" | gawk -M -f left_factorials.awk
USER=2.29
SYS=0.00
REAL=0:02.30
MEMT=0
taskset -c 0 echo "" | gawk -M -f left_factorials.awk
USER=2.36
SYS=0.00
REAL=0:02.36
MEMT=0
taskset -c 1 echo "" | gawk -M -f left_factorials.awk
USER=2.30
SYS=0.01
REAL=0:02.32
MEMT=0
taskset -c 2 echo "" | gawk -M -f left_factorials.awk
USER=2.31
SYS=0.00
REAL=0:02.32
MEMT=0
taskset -c 3 echo "" | gawk -M -f left_factorials.awk
USER=2.30
SYS=0.00
REAL=0:02.30
MEMT=0
taskset -c 0 echo "" | gawk -M -f left_factorials.awk
USER=2.28
SYS=0.00
REAL=0:02.28
MEMT=0
gawk : hachage de la sortie pour vérifier que les données en sortie sont les memes :
HASH=f02a36786f4ae769aa0682fcbb3a00155f5d9e8cfd894ad337e1018b7d846cc3
gawk : nombre de lignes passées par la regexp :
NB_LIGNES=22
Illegal instruction
gawk : consommation mémoire :
BYTES_IN_USE_AT_EXIT=543
551
BYTES_TOTAL_HEAP_USAGE=567
575
