Compute result of CPU time consumed by different programming languages

Version de tclsh :8.6
taskset -c 0 tclsh left_factorials.tcl
USER=172.92
SYS=0.01
REAL=2:53.03
MEMT=0
taskset -c 1 tclsh left_factorials.tcl
USER=173.23
SYS=0.06
REAL=2:53.49
MEMT=0
taskset -c 2 tclsh left_factorials.tcl
USER=172.47
SYS=0.13
REAL=2:52.77
MEMT=0
taskset -c 3 tclsh left_factorials.tcl
USER=172.33
SYS=0.28
REAL=2:52.74
MEMT=0
taskset -c 0 tclsh left_factorials.tcl
USER=172.95
SYS=0.00
REAL=2:53.06
MEMT=0
taskset -c 1 tclsh left_factorials.tcl
USER=173.30
SYS=0.00
REAL=2:53.44
MEMT=0
taskset -c 2 tclsh left_factorials.tcl
USER=172.46
SYS=0.16
REAL=2:52.78
MEMT=0
taskset -c 3 tclsh left_factorials.tcl
USER=172.34
SYS=0.29
REAL=2:52.76
MEMT=0
taskset -c 0 tclsh left_factorials.tcl
USER=172.89
SYS=0.02
REAL=2:53.07
MEMT=0
taskset -c 1 tclsh left_factorials.tcl
USER=173.18
SYS=0.10
REAL=2:53.40
MEMT=0
taskset -c 2 tclsh left_factorials.tcl
USER=172.59
SYS=0.00
REAL=2:52.68
MEMT=0
taskset -c 3 tclsh left_factorials.tcl
USER=172.54
SYS=0.11
REAL=2:52.84
MEMT=0
taskset -c 0 tclsh left_factorials.tcl
USER=172.88
SYS=0.03
REAL=2:53.10
MEMT=0
taskset -c 1 tclsh left_factorials.tcl
USER=173.25
SYS=0.00
REAL=2:53.32
MEMT=0
taskset -c 2 tclsh left_factorials.tcl
USER=172.36
SYS=0.25
REAL=2:52.73
MEMT=0
taskset -c 3 tclsh left_factorials.tcl
USER=172.60
SYS=0.08
REAL=2:52.86
MEMT=0
taskset -c 0 tclsh left_factorials.tcl
USER=172.91
SYS=0.05
REAL=2:53.10
MEMT=0
taskset -c 1 tclsh left_factorials.tcl
USER=173.22
SYS=0.05
REAL=2:53.34
MEMT=0
taskset -c 2 tclsh left_factorials.tcl
USER=172.59
SYS=0.02
REAL=2:52.76
MEMT=0
taskset -c 3 tclsh left_factorials.tcl
USER=172.50
SYS=0.10
REAL=2:52.73
MEMT=0
taskset -c 0 tclsh left_factorials.tcl
USER=172.92
SYS=0.02
REAL=2:53.10
MEMT=0
taskset -c 1 tclsh left_factorials.tcl
USER=173.24
SYS=0.00
REAL=2:53.29
MEMT=0
taskset -c 2 tclsh left_factorials.tcl
USER=172.51
SYS=0.12
REAL=2:52.78
MEMT=0
taskset -c 3 tclsh left_factorials.tcl
USER=172.64
SYS=0.00
REAL=2:52.75
MEMT=0
taskset -c 0 tclsh left_factorials.tcl
USER=172.87
SYS=0.04
REAL=2:53.14
MEMT=0
taskset -c 1 tclsh left_factorials.tcl
USER=173.29
SYS=0.01
REAL=2:53.44
MEMT=0
taskset -c 2 tclsh left_factorials.tcl
USER=172.59
SYS=0.02
REAL=2:52.75
MEMT=0
taskset -c 3 tclsh left_factorials.tcl
USER=172.63
SYS=0.00
REAL=2:52.72
MEMT=0
taskset -c 0 tclsh left_factorials.tcl
USER=172.88
SYS=0.06
REAL=2:53.14
MEMT=0
taskset -c 1 tclsh left_factorials.tcl
USER=173.35
SYS=0.00
REAL=2:53.50
MEMT=0
taskset -c 2 tclsh left_factorials.tcl
USER=172.61
SYS=0.00
REAL=2:52.73
MEMT=0
taskset -c 3 tclsh left_factorials.tcl
USER=172.61
SYS=0.00
REAL=2:52.66
MEMT=0
taskset -c 0 tclsh left_factorials.tcl
USER=172.92
SYS=0.03
REAL=2:53.19
MEMT=0
tclsh : hachage de la sortie pour vérifier que les données en sortie sont les memes :
HASH=8cc8801e26f5360590646bb44aa2ac0e12af679f6e7ad4f978de707e42816e89
tcl : nombre de lignes passées par la regexp :
NB_LIGNES=31
tcl : consommation mémoire :
BYTES_IN_USE_AT_EXIT=535
BYTES_TOTAL_HEAP_USAGE=543
