Compute result of CPU time consumed by different programming languages

Version de original-awk :20121220
taskset -c 1 /usr/bin/original-awk -f _ROSETTA_CODE=ip.awk ""
/usr/bin/original-awk: can't open file _ROSETTA_CODE=ip.awk
 source line number 1 source file _ROSETTA_CODE=ip.awk
 context is
	 >>>  <<< 
Command exited with non-zero status 2
USER=0.00
SYS=0.00
REAL=0:00.00
MEMT=0
taskset -c 2 /usr/bin/original-awk -f _ROSETTA_CODE=ip.awk ""
/usr/bin/original-awk: can't open file _ROSETTA_CODE=ip.awk
 source line number 1 source file _ROSETTA_CODE=ip.awk
 context is
	 >>>  <<< 
Command exited with non-zero status 2
USER=0.00
SYS=0.00
REAL=0:00.00
MEMT=0
taskset -c 3 /usr/bin/original-awk -f _ROSETTA_CODE=ip.awk ""
/usr/bin/original-awk: can't open file _ROSETTA_CODE=ip.awk
 source line number 1 source file _ROSETTA_CODE=ip.awk
 context is
	 >>>  <<< 
Command exited with non-zero status 2
USER=0.00
SYS=0.00
REAL=0:00.00
MEMT=0
taskset -c 0 /usr/bin/original-awk -f _ROSETTA_CODE=ip.awk ""
/usr/bin/original-awk: can't open file _ROSETTA_CODE=ip.awk
 source line number 1 source file _ROSETTA_CODE=ip.awk
 context is
	 >>>  <<< 
Command exited with non-zero status 2
USER=0.00
SYS=0.00
REAL=0:00.00
MEMT=0
taskset -c 1 /usr/bin/original-awk -f _ROSETTA_CODE=ip.awk ""
/usr/bin/original-awk: can't open file _ROSETTA_CODE=ip.awk
 source line number 1 source file _ROSETTA_CODE=ip.awk
 context is
	 >>>  <<< 
Command exited with non-zero status 2
USER=0.00
SYS=0.00
REAL=0:00.00
MEMT=0
taskset -c 2 /usr/bin/original-awk -f _ROSETTA_CODE=ip.awk ""
/usr/bin/original-awk: can't open file _ROSETTA_CODE=ip.awk
 source line number 1 source file _ROSETTA_CODE=ip.awk
 context is
	 >>>  <<< 
Command exited with non-zero status 2
USER=0.00
SYS=0.00
REAL=0:00.00
MEMT=0
taskset -c 3 /usr/bin/original-awk -f _ROSETTA_CODE=ip.awk ""
/usr/bin/original-awk: can't open file _ROSETTA_CODE=ip.awk
 source line number 1 source file _ROSETTA_CODE=ip.awk
 context is
	 >>>  <<< 
Command exited with non-zero status 2
USER=0.00
SYS=0.00
REAL=0:00.00
MEMT=0
taskset -c 0 /usr/bin/original-awk -f _ROSETTA_CODE=ip.awk ""
/usr/bin/original-awk: can't open file _ROSETTA_CODE=ip.awk
 source line number 1 source file _ROSETTA_CODE=ip.awk
 context is
	 >>>  <<< 
Command exited with non-zero status 2
USER=0.00
SYS=0.00
REAL=0:00.00
MEMT=0
taskset -c 1 /usr/bin/original-awk -f _ROSETTA_CODE=ip.awk ""
/usr/bin/original-awk: can't open file _ROSETTA_CODE=ip.awk
 source line number 1 source file _ROSETTA_CODE=ip.awk
 context is
	 >>>  <<< 
Command exited with non-zero status 2
USER=0.00
SYS=0.00
REAL=0:00.00
MEMT=0
taskset -c 2 /usr/bin/original-awk -f _ROSETTA_CODE=ip.awk ""
/usr/bin/original-awk: can't open file _ROSETTA_CODE=ip.awk
 source line number 1 source file _ROSETTA_CODE=ip.awk
 context is
	 >>>  <<< 
Command exited with non-zero status 2
USER=0.00
SYS=0.00
REAL=0:00.00
MEMT=0
taskset -c 3 /usr/bin/original-awk -f _ROSETTA_CODE=ip.awk ""
/usr/bin/original-awk: can't open file _ROSETTA_CODE=ip.awk
 source line number 1 source file _ROSETTA_CODE=ip.awk
 context is
	 >>>  <<< 
Command exited with non-zero status 2
USER=0.00
SYS=0.00
REAL=0:00.00
MEMT=0
taskset -c 0 /usr/bin/original-awk -f _ROSETTA_CODE=ip.awk ""
/usr/bin/original-awk: can't open file _ROSETTA_CODE=ip.awk
 source line number 1 source file _ROSETTA_CODE=ip.awk
 context is
	 >>>  <<< 
Command exited with non-zero status 2
USER=0.00
SYS=0.00
REAL=0:00.00
MEMT=0
taskset -c 1 /usr/bin/original-awk -f _ROSETTA_CODE=ip.awk ""
/usr/bin/original-awk: can't open file _ROSETTA_CODE=ip.awk
 source line number 1 source file _ROSETTA_CODE=ip.awk
 context is
	 >>>  <<< 
Command exited with non-zero status 2
USER=0.00
SYS=0.00
REAL=0:00.00
MEMT=0
taskset -c 2 /usr/bin/original-awk -f _ROSETTA_CODE=ip.awk ""
/usr/bin/original-awk: can't open file _ROSETTA_CODE=ip.awk
 source line number 1 source file _ROSETTA_CODE=ip.awk
 context is
	 >>>  <<< 
Command exited with non-zero status 2
USER=0.00
SYS=0.00
REAL=0:00.00
MEMT=0
taskset -c 3 /usr/bin/original-awk -f _ROSETTA_CODE=ip.awk ""
/usr/bin/original-awk: can't open file _ROSETTA_CODE=ip.awk
 source line number 1 source file _ROSETTA_CODE=ip.awk
 context is
	 >>>  <<< 
Command exited with non-zero status 2
USER=0.00
SYS=0.00
REAL=0:00.00
MEMT=0
taskset -c 0 /usr/bin/original-awk -f _ROSETTA_CODE=ip.awk ""
/usr/bin/original-awk: can't open file _ROSETTA_CODE=ip.awk
 source line number 1 source file _ROSETTA_CODE=ip.awk
 context is
	 >>>  <<< 
Command exited with non-zero status 2
USER=0.00
SYS=0.00
REAL=0:00.00
MEMT=0
taskset -c 1 /usr/bin/original-awk -f _ROSETTA_CODE=ip.awk ""
/usr/bin/original-awk: can't open file _ROSETTA_CODE=ip.awk
 source line number 1 source file _ROSETTA_CODE=ip.awk
 context is
	 >>>  <<< 
Command exited with non-zero status 2
USER=0.00
SYS=0.00
REAL=0:00.00
MEMT=0
taskset -c 2 /usr/bin/original-awk -f _ROSETTA_CODE=ip.awk ""
/usr/bin/original-awk: can't open file _ROSETTA_CODE=ip.awk
 source line number 1 source file _ROSETTA_CODE=ip.awk
 context is
	 >>>  <<< 
Command exited with non-zero status 2
USER=0.00
SYS=0.00
REAL=0:00.00
MEMT=0
taskset -c 3 /usr/bin/original-awk -f _ROSETTA_CODE=ip.awk ""
/usr/bin/original-awk: can't open file _ROSETTA_CODE=ip.awk
 source line number 1 source file _ROSETTA_CODE=ip.awk
 context is
	 >>>  <<< 
Command exited with non-zero status 2
USER=0.00
SYS=0.00
REAL=0:00.00
MEMT=0
taskset -c 0 /usr/bin/original-awk -f _ROSETTA_CODE=ip.awk ""
/usr/bin/original-awk: can't open file _ROSETTA_CODE=ip.awk
 source line number 1 source file _ROSETTA_CODE=ip.awk
 context is
	 >>>  <<< 
Command exited with non-zero status 2
USER=0.00
SYS=0.00
REAL=0:00.00
MEMT=0
taskset -c 1 /usr/bin/original-awk -f _ROSETTA_CODE=ip.awk ""
/usr/bin/original-awk: can't open file _ROSETTA_CODE=ip.awk
 source line number 1 source file _ROSETTA_CODE=ip.awk
 context is
	 >>>  <<< 
Command exited with non-zero status 2
USER=0.00
SYS=0.00
REAL=0:00.00
MEMT=0
taskset -c 2 /usr/bin/original-awk -f _ROSETTA_CODE=ip.awk ""
/usr/bin/original-awk: can't open file _ROSETTA_CODE=ip.awk
 source line number 1 source file _ROSETTA_CODE=ip.awk
 context is
	 >>>  <<< 
Command exited with non-zero status 2
USER=0.00
SYS=0.00
REAL=0:00.00
MEMT=0
taskset -c 3 /usr/bin/original-awk -f _ROSETTA_CODE=ip.awk ""
/usr/bin/original-awk: can't open file _ROSETTA_CODE=ip.awk
 source line number 1 source file _ROSETTA_CODE=ip.awk
 context is
	 >>>  <<< 
Command exited with non-zero status 2
USER=0.00
SYS=0.00
REAL=0:00.00
MEMT=0
taskset -c 0 /usr/bin/original-awk -f _ROSETTA_CODE=ip.awk ""
/usr/bin/original-awk: can't open file _ROSETTA_CODE=ip.awk
 source line number 1 source file _ROSETTA_CODE=ip.awk
 context is
	 >>>  <<< 
Command exited with non-zero status 2
USER=0.00
SYS=0.00
REAL=0:00.00
MEMT=0
taskset -c 1 /usr/bin/original-awk -f _ROSETTA_CODE=ip.awk ""
/usr/bin/original-awk: can't open file _ROSETTA_CODE=ip.awk
 source line number 1 source file _ROSETTA_CODE=ip.awk
 context is
	 >>>  <<< 
Command exited with non-zero status 2
USER=0.00
SYS=0.00
REAL=0:00.00
MEMT=0
taskset -c 2 /usr/bin/original-awk -f _ROSETTA_CODE=ip.awk ""
/usr/bin/original-awk: can't open file _ROSETTA_CODE=ip.awk
 source line number 1 source file _ROSETTA_CODE=ip.awk
 context is
	 >>>  <<< 
Command exited with non-zero status 2
USER=0.00
SYS=0.00
REAL=0:00.00
MEMT=0
taskset -c 3 /usr/bin/original-awk -f _ROSETTA_CODE=ip.awk ""
/usr/bin/original-awk: can't open file _ROSETTA_CODE=ip.awk
 source line number 1 source file _ROSETTA_CODE=ip.awk
 context is
	 >>>  <<< 
Command exited with non-zero status 2
USER=0.00
SYS=0.00
REAL=0:00.00
MEMT=0
taskset -c 0 /usr/bin/original-awk -f _ROSETTA_CODE=ip.awk ""
/usr/bin/original-awk: can't open file _ROSETTA_CODE=ip.awk
 source line number 1 source file _ROSETTA_CODE=ip.awk
 context is
	 >>>  <<< 
Command exited with non-zero status 2
USER=0.00
SYS=0.00
REAL=0:00.00
MEMT=0
taskset -c 1 /usr/bin/original-awk -f _ROSETTA_CODE=ip.awk ""
/usr/bin/original-awk: can't open file _ROSETTA_CODE=ip.awk
 source line number 1 source file _ROSETTA_CODE=ip.awk
 context is
	 >>>  <<< 
Command exited with non-zero status 2
USER=0.00
SYS=0.00
REAL=0:00.00
MEMT=0
taskset -c 2 /usr/bin/original-awk -f _ROSETTA_CODE=ip.awk ""
/usr/bin/original-awk: can't open file _ROSETTA_CODE=ip.awk
 source line number 1 source file _ROSETTA_CODE=ip.awk
 context is
	 >>>  <<< 
Command exited with non-zero status 2
USER=0.00
SYS=0.00
REAL=0:00.00
MEMT=0
taskset -c 3 /usr/bin/original-awk -f _ROSETTA_CODE=ip.awk ""
/usr/bin/original-awk: can't open file _ROSETTA_CODE=ip.awk
 source line number 1 source file _ROSETTA_CODE=ip.awk
 context is
	 >>>  <<< 
Command exited with non-zero status 2
USER=0.00
SYS=0.00
REAL=0:00.00
MEMT=0
taskset -c 0 /usr/bin/original-awk -f _ROSETTA_CODE=ip.awk ""
/usr/bin/original-awk: can't open file _ROSETTA_CODE=ip.awk
 source line number 1 source file _ROSETTA_CODE=ip.awk
 context is
	 >>>  <<< 
Command exited with non-zero status 2
USER=0.00
SYS=0.00
REAL=0:00.00
MEMT=0
/usr/bin/original-awk: can't open file _ROSETTA_CODE=ip.awk
 source line number 1 source file _ROSETTA_CODE=ip.awk
 context is
	 >>>  <<< 
original-awk : hachage de la sortie pour vérifier que les données en sortie sont les memes :
HASH=e3b0c44298fc1c149afbf4c8996fb92427ae41e4649b934ca495991b7852b855
awk : nombre de lignes passées par la regexp :
NB_LIGNES=0
/usr/bin/original-awk: can't open file _ROSETTA_CODE=ip.awk
 source line number 1 source file _ROSETTA_CODE=ip.awk
 context is
	 >>>  <<< 
original-awk : consommation mémoire :
BYTES_IN_USE_AT_EXIT=2,536
BYTES_TOTAL_HEAP_USAGE=3,064
