Compute result of CPU time consumed by different programming languages

Version de gawk :GNU Awk 4.1.1
taskset -c 0 gawk -f .gawk ""
gawk: fatalÂ : impossible d'ouvrir le fichier source Â«Â .gawkÂ Â» en lecture (Aucun fichier ou dossier de ce type)
Command exited with non-zero status 2
USER=0.00
SYS=0.00
REAL=0:00.00
MEMT=0
taskset -c 1 gawk -f .gawk ""
gawk: fatalÂ : impossible d'ouvrir le fichier source Â«Â .gawkÂ Â» en lecture (Aucun fichier ou dossier de ce type)
Command exited with non-zero status 2
USER=0.00
SYS=0.00
REAL=0:00.01
MEMT=0
taskset -c 2 gawk -f .gawk ""
gawk: fatalÂ : impossible d'ouvrir le fichier source Â«Â .gawkÂ Â» en lecture (Aucun fichier ou dossier de ce type)
Command exited with non-zero status 2
USER=0.00
SYS=0.00
REAL=0:00.00
MEMT=0
taskset -c 3 gawk -f .gawk ""
gawk: fatalÂ : impossible d'ouvrir le fichier source Â«Â .gawkÂ Â» en lecture (Aucun fichier ou dossier de ce type)
Command exited with non-zero status 2
USER=0.00
SYS=0.00
REAL=0:00.00
MEMT=0
taskset -c 0 gawk -f .gawk ""
gawk: fatalÂ : impossible d'ouvrir le fichier source Â«Â .gawkÂ Â» en lecture (Aucun fichier ou dossier de ce type)
Command exited with non-zero status 2
USER=0.00
SYS=0.00
REAL=0:00.00
MEMT=0
taskset -c 1 gawk -f .gawk ""
gawk: fatalÂ : impossible d'ouvrir le fichier source Â«Â .gawkÂ Â» en lecture (Aucun fichier ou dossier de ce type)
Command exited with non-zero status 2
USER=0.00
SYS=0.00
REAL=0:00.01
MEMT=0
taskset -c 2 gawk -f .gawk ""
gawk: fatalÂ : impossible d'ouvrir le fichier source Â«Â .gawkÂ Â» en lecture (Aucun fichier ou dossier de ce type)
Command exited with non-zero status 2
USER=0.00
SYS=0.00
REAL=0:00.00
MEMT=0
taskset -c 3 gawk -f .gawk ""
gawk: fatalÂ : impossible d'ouvrir le fichier source Â«Â .gawkÂ Â» en lecture (Aucun fichier ou dossier de ce type)
Command exited with non-zero status 2
USER=0.00
SYS=0.00
REAL=0:00.00
MEMT=0
taskset -c 0 gawk -f .gawk ""
gawk: fatalÂ : impossible d'ouvrir le fichier source Â«Â .gawkÂ Â» en lecture (Aucun fichier ou dossier de ce type)
Command exited with non-zero status 2
USER=0.00
SYS=0.00
REAL=0:00.00
MEMT=0
taskset -c 1 gawk -f .gawk ""
gawk: fatalÂ : impossible d'ouvrir le fichier source Â«Â .gawkÂ Â» en lecture (Aucun fichier ou dossier de ce type)
Command exited with non-zero status 2
USER=0.00
SYS=0.00
REAL=0:00.01
MEMT=0
taskset -c 2 gawk -f .gawk ""
gawk: fatalÂ : impossible d'ouvrir le fichier source Â«Â .gawkÂ Â» en lecture (Aucun fichier ou dossier de ce type)
Command exited with non-zero status 2
USER=0.00
SYS=0.00
REAL=0:00.00
MEMT=0
taskset -c 3 gawk -f .gawk ""
gawk: fatalÂ : impossible d'ouvrir le fichier source Â«Â .gawkÂ Â» en lecture (Aucun fichier ou dossier de ce type)
Command exited with non-zero status 2
USER=0.00
SYS=0.00
REAL=0:00.00
MEMT=0
taskset -c 0 gawk -f .gawk ""
gawk: fatalÂ : impossible d'ouvrir le fichier source Â«Â .gawkÂ Â» en lecture (Aucun fichier ou dossier de ce type)
Command exited with non-zero status 2
USER=0.00
SYS=0.00
REAL=0:00.00
MEMT=0
taskset -c 1 gawk -f .gawk ""
gawk: fatalÂ : impossible d'ouvrir le fichier source Â«Â .gawkÂ Â» en lecture (Aucun fichier ou dossier de ce type)
Command exited with non-zero status 2
USER=0.00
SYS=0.00
REAL=0:00.01
MEMT=0
taskset -c 2 gawk -f .gawk ""
gawk: fatalÂ : impossible d'ouvrir le fichier source Â«Â .gawkÂ Â» en lecture (Aucun fichier ou dossier de ce type)
Command exited with non-zero status 2
USER=0.00
SYS=0.00
REAL=0:00.00
MEMT=0
taskset -c 3 gawk -f .gawk ""
gawk: fatalÂ : impossible d'ouvrir le fichier source Â«Â .gawkÂ Â» en lecture (Aucun fichier ou dossier de ce type)
Command exited with non-zero status 2
USER=0.00
SYS=0.00
REAL=0:00.00
MEMT=0
taskset -c 0 gawk -f .gawk ""
gawk: fatalÂ : impossible d'ouvrir le fichier source Â«Â .gawkÂ Â» en lecture (Aucun fichier ou dossier de ce type)
Command exited with non-zero status 2
USER=0.00
SYS=0.00
REAL=0:00.00
MEMT=0
taskset -c 1 gawk -f .gawk ""
gawk: fatalÂ : impossible d'ouvrir le fichier source Â«Â .gawkÂ Â» en lecture (Aucun fichier ou dossier de ce type)
Command exited with non-zero status 2
USER=0.00
SYS=0.00
REAL=0:00.01
MEMT=0
taskset -c 2 gawk -f .gawk ""
gawk: fatalÂ : impossible d'ouvrir le fichier source Â«Â .gawkÂ Â» en lecture (Aucun fichier ou dossier de ce type)
Command exited with non-zero status 2
USER=0.00
SYS=0.00
REAL=0:00.00
MEMT=0
taskset -c 3 gawk -f .gawk ""
gawk: fatalÂ : impossible d'ouvrir le fichier source Â«Â .gawkÂ Â» en lecture (Aucun fichier ou dossier de ce type)
Command exited with non-zero status 2
USER=0.00
SYS=0.00
REAL=0:00.00
MEMT=0
taskset -c 0 gawk -f .gawk ""
gawk: fatalÂ : impossible d'ouvrir le fichier source Â«Â .gawkÂ Â» en lecture (Aucun fichier ou dossier de ce type)
Command exited with non-zero status 2
USER=0.00
SYS=0.00
REAL=0:00.00
MEMT=0
taskset -c 1 gawk -f .gawk ""
gawk: fatalÂ : impossible d'ouvrir le fichier source Â«Â .gawkÂ Â» en lecture (Aucun fichier ou dossier de ce type)
Command exited with non-zero status 2
USER=0.00
SYS=0.00
REAL=0:00.01
MEMT=0
taskset -c 2 gawk -f .gawk ""
gawk: fatalÂ : impossible d'ouvrir le fichier source Â«Â .gawkÂ Â» en lecture (Aucun fichier ou dossier de ce type)
Command exited with non-zero status 2
USER=0.00
SYS=0.00
REAL=0:00.00
MEMT=0
taskset -c 3 gawk -f .gawk ""
gawk: fatalÂ : impossible d'ouvrir le fichier source Â«Â .gawkÂ Â» en lecture (Aucun fichier ou dossier de ce type)
Command exited with non-zero status 2
USER=0.00
SYS=0.00
REAL=0:00.00
MEMT=0
taskset -c 0 gawk -f .gawk ""
gawk: fatalÂ : impossible d'ouvrir le fichier source Â«Â .gawkÂ Â» en lecture (Aucun fichier ou dossier de ce type)
Command exited with non-zero status 2
USER=0.00
SYS=0.00
REAL=0:00.00
MEMT=0
taskset -c 1 gawk -f .gawk ""
gawk: fatalÂ : impossible d'ouvrir le fichier source Â«Â .gawkÂ Â» en lecture (Aucun fichier ou dossier de ce type)
Command exited with non-zero status 2
USER=0.00
SYS=0.00
REAL=0:00.01
MEMT=0
taskset -c 2 gawk -f .gawk ""
gawk: fatalÂ : impossible d'ouvrir le fichier source Â«Â .gawkÂ Â» en lecture (Aucun fichier ou dossier de ce type)
Command exited with non-zero status 2
USER=0.00
SYS=0.00
REAL=0:00.00
MEMT=0
taskset -c 3 gawk -f .gawk ""
gawk: fatalÂ : impossible d'ouvrir le fichier source Â«Â .gawkÂ Â» en lecture (Aucun fichier ou dossier de ce type)
Command exited with non-zero status 2
USER=0.00
SYS=0.00
REAL=0:00.00
MEMT=0
taskset -c 0 gawk -f .gawk ""
gawk: fatalÂ : impossible d'ouvrir le fichier source Â«Â .gawkÂ Â» en lecture (Aucun fichier ou dossier de ce type)
Command exited with non-zero status 2
USER=0.00
SYS=0.00
REAL=0:00.00
MEMT=0
taskset -c 1 gawk -f .gawk ""
gawk: fatalÂ : impossible d'ouvrir le fichier source Â«Â .gawkÂ Â» en lecture (Aucun fichier ou dossier de ce type)
Command exited with non-zero status 2
USER=0.00
SYS=0.00
REAL=0:00.01
MEMT=0
taskset -c 2 gawk -f .gawk ""
gawk: fatalÂ : impossible d'ouvrir le fichier source Â«Â .gawkÂ Â» en lecture (Aucun fichier ou dossier de ce type)
Command exited with non-zero status 2
USER=0.00
SYS=0.00
REAL=0:00.00
MEMT=0
taskset -c 3 gawk -f .gawk ""
gawk: fatalÂ : impossible d'ouvrir le fichier source Â«Â .gawkÂ Â» en lecture (Aucun fichier ou dossier de ce type)
Command exited with non-zero status 2
USER=0.00
SYS=0.00
REAL=0:00.00
MEMT=0
taskset -c 0 gawk -f .gawk ""
gawk: fatalÂ : impossible d'ouvrir le fichier source Â«Â .gawkÂ Â» en lecture (Aucun fichier ou dossier de ce type)
Command exited with non-zero status 2
USER=0.00
SYS=0.00
REAL=0:00.00
MEMT=0
gawk: fatalÂ : impossible d'ouvrir le fichier source Â«Â .gawkÂ Â» en lecture (Aucun fichier ou dossier de ce type)
gawk : hachage de la sortie pour vérifier que les données en sortie sont les memes :
HASH=e3b0c44298fc1c149afbf4c8996fb92427ae41e4649b934ca495991b7852b855
gawk : nombre de lignes passées par la regexp :
NB_LIGNES=0
./gawk.sh : ligne 23 : 22503 Instruction non permise valgrind --log-file=grindout ./a.out > /dev/null
gawk : consommation mémoire :
BYTES_IN_USE_AT_EXIT=394
BYTES_TOTAL_HEAP_USAGE=394
