Compute result of CPU time consumed by different programming languages

Version de perl :This is perl 5, version 26, subversion 0 (v5.26.0) built for x86_64-linux-gnu-thread-multi
taskset -c 0 cat "/var/log/syslog.1" | perl ip.perl
USER=0.00
SYS=0.00
REAL=0:00.00
MEMT=0
taskset -c 1 cat "/var/log/syslog.1" | perl ip.perl
USER=0.01
SYS=0.00
REAL=0:00.01
MEMT=0
taskset -c 2 cat "/var/log/syslog.1" | perl ip.perl
USER=0.01
SYS=0.00
REAL=0:00.01
MEMT=0
taskset -c 3 cat "/var/log/syslog.1" | perl ip.perl
USER=0.00
SYS=0.00
REAL=0:00.00
MEMT=0
taskset -c 0 cat "/var/log/syslog.1" | perl ip.perl
USER=0.00
SYS=0.00
REAL=0:00.00
MEMT=0
taskset -c 1 cat "/var/log/syslog.1" | perl ip.perl
USER=0.00
SYS=0.00
REAL=0:00.00
MEMT=0
taskset -c 2 cat "/var/log/syslog.1" | perl ip.perl
USER=0.00
SYS=0.00
REAL=0:00.00
MEMT=0
taskset -c 3 cat "/var/log/syslog.1" | perl ip.perl
USER=0.00
SYS=0.00
REAL=0:00.00
MEMT=0
taskset -c 0 cat "/var/log/syslog.1" | perl ip.perl
USER=0.00
SYS=0.00
REAL=0:00.00
MEMT=0
taskset -c 1 cat "/var/log/syslog.1" | perl ip.perl
USER=0.00
SYS=0.00
REAL=0:00.00
MEMT=0
taskset -c 2 cat "/var/log/syslog.1" | perl ip.perl
USER=0.00
SYS=0.00
REAL=0:00.00
MEMT=0
taskset -c 3 cat "/var/log/syslog.1" | perl ip.perl
USER=0.01
SYS=0.00
REAL=0:00.01
MEMT=0
taskset -c 0 cat "/var/log/syslog.1" | perl ip.perl
USER=0.00
SYS=0.00
REAL=0:00.00
MEMT=0
taskset -c 1 cat "/var/log/syslog.1" | perl ip.perl
USER=0.00
SYS=0.00
REAL=0:00.00
MEMT=0
taskset -c 2 cat "/var/log/syslog.1" | perl ip.perl
USER=0.00
SYS=0.00
REAL=0:00.00
MEMT=0
taskset -c 3 cat "/var/log/syslog.1" | perl ip.perl
USER=0.00
SYS=0.00
REAL=0:00.00
MEMT=0
taskset -c 0 cat "/var/log/syslog.1" | perl ip.perl
USER=0.00
SYS=0.00
REAL=0:00.00
MEMT=0
taskset -c 1 cat "/var/log/syslog.1" | perl ip.perl
USER=0.01
SYS=0.00
REAL=0:00.01
MEMT=0
taskset -c 2 cat "/var/log/syslog.1" | perl ip.perl
USER=0.00
SYS=0.00
REAL=0:00.00
MEMT=0
taskset -c 3 cat "/var/log/syslog.1" | perl ip.perl
USER=0.00
SYS=0.00
REAL=0:00.00
MEMT=0
taskset -c 0 cat "/var/log/syslog.1" | perl ip.perl
USER=0.00
SYS=0.00
REAL=0:00.00
MEMT=0
taskset -c 1 cat "/var/log/syslog.1" | perl ip.perl
USER=0.00
SYS=0.00
REAL=0:00.00
MEMT=0
taskset -c 2 cat "/var/log/syslog.1" | perl ip.perl
USER=0.00
SYS=0.00
REAL=0:00.00
MEMT=0
taskset -c 3 cat "/var/log/syslog.1" | perl ip.perl
USER=0.00
SYS=0.00
REAL=0:00.00
MEMT=0
taskset -c 0 cat "/var/log/syslog.1" | perl ip.perl
USER=0.00
SYS=0.00
REAL=0:00.00
MEMT=0
taskset -c 1 cat "/var/log/syslog.1" | perl ip.perl
USER=0.00
SYS=0.00
REAL=0:00.00
MEMT=0
taskset -c 2 cat "/var/log/syslog.1" | perl ip.perl
USER=0.00
SYS=0.00
REAL=0:00.00
MEMT=0
taskset -c 3 cat "/var/log/syslog.1" | perl ip.perl
USER=0.00
SYS=0.00
REAL=0:00.00
MEMT=0
taskset -c 0 cat "/var/log/syslog.1" | perl ip.perl
USER=0.00
SYS=0.00
REAL=0:00.00
MEMT=0
taskset -c 1 cat "/var/log/syslog.1" | perl ip.perl
USER=0.00
SYS=0.00
REAL=0:00.00
MEMT=0
taskset -c 2 cat "/var/log/syslog.1" | perl ip.perl
USER=0.00
SYS=0.00
REAL=0:00.00
MEMT=0
taskset -c 3 cat "/var/log/syslog.1" | perl ip.perl
USER=0.00
SYS=0.00
REAL=0:00.00
MEMT=0
taskset -c 0 cat "/var/log/syslog.1" | perl ip.perl
USER=0.00
SYS=0.00
REAL=0:00.00
MEMT=0
perl : hachage de la sortie pour vérifier que les données en sortie sont les memes :
HASH=e3b0c44298fc1c149afbf4c8996fb92427ae41e4649b934ca495991b7852b855
perl : nombre de lignes passées par la regexp :
NB_LIGNES=0
perl : consommation mémoire :
BYTES_IN_USE_AT_EXIT=2,564
BYTES_TOTAL_HEAP_USAGE=2,596
