Compute result of CPU time consumed by different programming languages

Version de python :Python 2.7.14
taskset -c 1 python -i ip.python "/var/log/syslog.1" 2>/dev/null </dev/null | grep .
USER=0.01
SYS=0.01
REAL=0:00.03
MEMT=0
taskset -c 2 python -i ip.python "/var/log/syslog.1" 2>/dev/null </dev/null | grep .
USER=0.02
SYS=0.00
REAL=0:00.02
MEMT=0
taskset -c 3 python -i ip.python "/var/log/syslog.1" 2>/dev/null </dev/null | grep .
USER=0.01
SYS=0.00
REAL=0:00.02
MEMT=0
taskset -c 0 python -i ip.python "/var/log/syslog.1" 2>/dev/null </dev/null | grep .
USER=0.02
SYS=0.00
REAL=0:00.02
MEMT=0
taskset -c 1 python -i ip.python "/var/log/syslog.1" 2>/dev/null </dev/null | grep .
USER=0.01
SYS=0.00
REAL=0:00.02
MEMT=0
taskset -c 2 python -i ip.python "/var/log/syslog.1" 2>/dev/null </dev/null | grep .
USER=0.01
SYS=0.00
REAL=0:00.01
MEMT=0
taskset -c 3 python -i ip.python "/var/log/syslog.1" 2>/dev/null </dev/null | grep .
USER=0.01
SYS=0.00
REAL=0:00.01
MEMT=0
taskset -c 0 python -i ip.python "/var/log/syslog.1" 2>/dev/null </dev/null | grep .
USER=0.01
SYS=0.00
REAL=0:00.01
MEMT=0
taskset -c 1 python -i ip.python "/var/log/syslog.1" 2>/dev/null </dev/null | grep .
USER=0.02
SYS=0.00
REAL=0:00.02
MEMT=0
taskset -c 2 python -i ip.python "/var/log/syslog.1" 2>/dev/null </dev/null | grep .
USER=0.01
SYS=0.00
REAL=0:00.02
MEMT=0
taskset -c 3 python -i ip.python "/var/log/syslog.1" 2>/dev/null </dev/null | grep .
USER=0.02
SYS=0.00
REAL=0:00.01
MEMT=0
taskset -c 0 python -i ip.python "/var/log/syslog.1" 2>/dev/null </dev/null | grep .
USER=0.01
SYS=0.00
REAL=0:00.01
MEMT=0
taskset -c 1 python -i ip.python "/var/log/syslog.1" 2>/dev/null </dev/null | grep .
USER=0.02
SYS=0.00
REAL=0:00.01
MEMT=0
taskset -c 2 python -i ip.python "/var/log/syslog.1" 2>/dev/null </dev/null | grep .
USER=0.01
SYS=0.00
REAL=0:00.01
MEMT=0
taskset -c 3 python -i ip.python "/var/log/syslog.1" 2>/dev/null </dev/null | grep .
USER=0.01
SYS=0.00
REAL=0:00.01
MEMT=0
taskset -c 0 python -i ip.python "/var/log/syslog.1" 2>/dev/null </dev/null | grep .
USER=0.01
SYS=0.00
REAL=0:00.01
MEMT=0
taskset -c 1 python -i ip.python "/var/log/syslog.1" 2>/dev/null </dev/null | grep .
USER=0.01
SYS=0.00
REAL=0:00.01
MEMT=0
taskset -c 2 python -i ip.python "/var/log/syslog.1" 2>/dev/null </dev/null | grep .
Command terminated by signal 2
USER=0.01
SYS=0.00
REAL=0:00.01
MEMT=0
taskset -c 3 python -i ip.python "/var/log/syslog.1" 2>/dev/null </dev/null | grep .
USER=0.01
SYS=0.00
REAL=0:00.01
MEMT=0
taskset -c 0 python -i ip.python "/var/log/syslog.1" 2>/dev/null </dev/null | grep .
USER=0.02
SYS=0.00
REAL=0:00.02
MEMT=0
taskset -c 1 python -i ip.python "/var/log/syslog.1" 2>/dev/null </dev/null | grep .
USER=0.01
SYS=0.00
REAL=0:00.01
MEMT=0
taskset -c 2 python -i ip.python "/var/log/syslog.1" 2>/dev/null </dev/null | grep .
USER=0.01
SYS=0.00
REAL=0:00.01
MEMT=0
taskset -c 3 python -i ip.python "/var/log/syslog.1" 2>/dev/null </dev/null | grep .
USER=0.01
SYS=0.00
REAL=0:00.01
MEMT=0
taskset -c 0 python -i ip.python "/var/log/syslog.1" 2>/dev/null </dev/null | grep .
USER=0.01
SYS=0.00
REAL=0:00.01
MEMT=0
taskset -c 1 python -i ip.python "/var/log/syslog.1" 2>/dev/null </dev/null | grep .
USER=0.02
SYS=0.00
REAL=0:00.02
MEMT=0
taskset -c 2 python -i ip.python "/var/log/syslog.1" 2>/dev/null </dev/null | grep .
USER=0.01
SYS=0.00
REAL=0:00.01
MEMT=0
taskset -c 3 python -i ip.python "/var/log/syslog.1" 2>/dev/null </dev/null | grep .
USER=0.01
SYS=0.00
REAL=0:00.01
MEMT=0
taskset -c 0 python -i ip.python "/var/log/syslog.1" 2>/dev/null </dev/null | grep .
USER=0.01
SYS=0.00
REAL=0:00.01
MEMT=0
taskset -c 1 python -i ip.python "/var/log/syslog.1" 2>/dev/null </dev/null | grep .
USER=0.01
SYS=0.00
REAL=0:00.01
MEMT=0
taskset -c 2 python -i ip.python "/var/log/syslog.1" 2>/dev/null </dev/null | grep .
USER=0.01
SYS=0.00
REAL=0:00.01
MEMT=0
taskset -c 3 python -i ip.python "/var/log/syslog.1" 2>/dev/null </dev/null | grep .
USER=0.02
SYS=0.00
REAL=0:00.01
MEMT=0
taskset -c 0 python -i ip.python "/var/log/syslog.1" 2>/dev/null </dev/null | grep .
USER=0.01
SYS=0.00
REAL=0:00.01
MEMT=0
python : hachage de la sortie pour vérifier que les données en sortie sont les memes :
HASH=2092470d2308f19ccf0d039152be1c54c83da537898d24f555f01ae7c5d858a6
python : nombre de lignes passées par la regexp :
NB_LIGNES=6
python : consommation mémoire :
BYTES_IN_USE_AT_EXIT=2,564
BYTES_TOTAL_HEAP_USAGE=3,108
