Compute result of CPU time consumed by different programming languages

Version de python :Python 2.7.9
taskset -c 1 python -i .python "" 2>/dev/null </dev/null | grep .
Command exited with non-zero status 1
USER=0.03
SYS=0.00
REAL=0:00.03
MEMT=0
taskset -c 2 python -i .python "" 2>/dev/null </dev/null | grep .
Command exited with non-zero status 1
USER=0.03
SYS=0.00
REAL=0:00.03
MEMT=0
taskset -c 3 python -i .python "" 2>/dev/null </dev/null | grep .
Command exited with non-zero status 1
USER=0.03
SYS=0.00
REAL=0:00.03
MEMT=0
taskset -c 0 python -i .python "" 2>/dev/null </dev/null | grep .
Command exited with non-zero status 1
USER=0.03
SYS=0.00
REAL=0:00.03
MEMT=0
taskset -c 1 python -i .python "" 2>/dev/null </dev/null | grep .
Command exited with non-zero status 1
USER=0.03
SYS=0.00
REAL=0:00.03
MEMT=0
taskset -c 2 python -i .python "" 2>/dev/null </dev/null | grep .
Command exited with non-zero status 1
USER=0.02
SYS=0.01
REAL=0:00.03
MEMT=0
taskset -c 3 python -i .python "" 2>/dev/null </dev/null | grep .
Command exited with non-zero status 1
USER=0.03
SYS=0.00
REAL=0:00.03
MEMT=0
taskset -c 0 python -i .python "" 2>/dev/null </dev/null | grep .
Command exited with non-zero status 1
USER=0.03
SYS=0.00
REAL=0:00.03
MEMT=0
taskset -c 1 python -i .python "" 2>/dev/null </dev/null | grep .
Command exited with non-zero status 1
USER=0.03
SYS=0.01
REAL=0:00.04
MEMT=0
taskset -c 2 python -i .python "" 2>/dev/null </dev/null | grep .
Command exited with non-zero status 1
USER=0.03
SYS=0.03
REAL=0:00.07
MEMT=0
taskset -c 3 python -i .python "" 2>/dev/null </dev/null | grep .
Command exited with non-zero status 1
USER=0.03
SYS=0.00
REAL=0:00.03
MEMT=0
taskset -c 0 python -i .python "" 2>/dev/null </dev/null | grep .
Command exited with non-zero status 1
USER=0.01
SYS=0.02
REAL=0:00.03
MEMT=0
taskset -c 1 python -i .python "" 2>/dev/null </dev/null | grep .
Command exited with non-zero status 1
USER=0.02
SYS=0.01
REAL=0:00.03
MEMT=0
taskset -c 2 python -i .python "" 2>/dev/null </dev/null | grep .
Command exited with non-zero status 1
USER=0.03
SYS=0.00
REAL=0:00.03
MEMT=0
taskset -c 3 python -i .python "" 2>/dev/null </dev/null | grep .
Command exited with non-zero status 1
USER=0.02
SYS=0.01
REAL=0:00.04
MEMT=0
taskset -c 0 python -i .python "" 2>/dev/null </dev/null | grep .
Command exited with non-zero status 1
USER=0.03
SYS=0.00
REAL=0:00.03
MEMT=0
taskset -c 1 python -i .python "" 2>/dev/null </dev/null | grep .
Command exited with non-zero status 1
USER=0.03
SYS=0.00
REAL=0:00.03
MEMT=0
taskset -c 2 python -i .python "" 2>/dev/null </dev/null | grep .
Command exited with non-zero status 1
USER=0.03
SYS=0.00
REAL=0:00.03
MEMT=0
taskset -c 3 python -i .python "" 2>/dev/null </dev/null | grep .
Command exited with non-zero status 1
USER=0.03
SYS=0.00
REAL=0:00.03
MEMT=0
taskset -c 0 python -i .python "" 2>/dev/null </dev/null | grep .
Command exited with non-zero status 1
USER=0.02
SYS=0.01
REAL=0:00.03
MEMT=0
taskset -c 1 python -i .python "" 2>/dev/null </dev/null | grep .
Command exited with non-zero status 1
USER=0.03
SYS=0.00
REAL=0:00.04
MEMT=0
taskset -c 2 python -i .python "" 2>/dev/null </dev/null | grep .
Command exited with non-zero status 1
USER=0.03
SYS=0.00
REAL=0:00.03
MEMT=0
taskset -c 3 python -i .python "" 2>/dev/null </dev/null | grep .
Command exited with non-zero status 1
USER=0.03
SYS=0.00
REAL=0:00.03
MEMT=0
taskset -c 0 python -i .python "" 2>/dev/null </dev/null | grep .
Command exited with non-zero status 1
USER=0.02
SYS=0.01
REAL=0:00.03
MEMT=0
taskset -c 1 python -i .python "" 2>/dev/null </dev/null | grep .
Command exited with non-zero status 1
USER=0.06
SYS=0.00
REAL=0:00.07
MEMT=0
taskset -c 2 python -i .python "" 2>/dev/null </dev/null | grep .
Command exited with non-zero status 1
USER=0.04
SYS=0.00
REAL=0:00.05
MEMT=0
taskset -c 3 python -i .python "" 2>/dev/null </dev/null | grep .
Command exited with non-zero status 1
USER=0.03
SYS=0.00
REAL=0:00.03
MEMT=0
taskset -c 0 python -i .python "" 2>/dev/null </dev/null | grep .
Command exited with non-zero status 1
USER=0.03
SYS=0.00
REAL=0:00.04
MEMT=0
taskset -c 1 python -i .python "" 2>/dev/null </dev/null | grep .
Command exited with non-zero status 1
USER=0.02
SYS=0.01
REAL=0:00.04
MEMT=0
taskset -c 2 python -i .python "" 2>/dev/null </dev/null | grep .
Command exited with non-zero status 1
USER=0.03
SYS=0.00
REAL=0:00.03
MEMT=0
taskset -c 3 python -i .python "" 2>/dev/null </dev/null | grep .
Command exited with non-zero status 1
USER=0.03
SYS=0.00
REAL=0:00.04
MEMT=0
taskset -c 0 python -i .python "" 2>/dev/null </dev/null | grep .
Command exited with non-zero status 1
USER=0.03
SYS=0.00
REAL=0:00.03
MEMT=0
python : hachage de la sortie pour vérifier que les données en sortie sont les memes :
HASH=e3b0c44298fc1c149afbf4c8996fb92427ae41e4649b934ca495991b7852b855
python : nombre de lignes passées par la regexp :
NB_LIGNES=0
Illegal instruction
python : consommation mémoire :
BYTES_IN_USE_AT_EXIT=525
533
BYTES_TOTAL_HEAP_USAGE=549
557
