Compute result of CPU time consumed by different programming languages

Version de ruby :ruby 2.1.5p273 (2014-11-13) [arm-linux-gnueabihf]
taskset -c 1 cat "" | ruby .ruby
cat: : Aucun fichier ou dossier de ce type
ruby: No such file or directory -- .ruby (LoadError)
Command exited with non-zero status 1
USER=0.16
SYS=0.00
REAL=0:00.16
MEMT=0
taskset -c 2 cat "" | ruby .ruby
cat: : Aucun fichier ou dossier de ce type
ruby: No such file or directory -- .ruby (LoadError)
Command exited with non-zero status 1
USER=0.16
SYS=0.00
REAL=0:00.16
MEMT=0
taskset -c 3 cat "" | ruby .ruby
cat: : Aucun fichier ou dossier de ce type
ruby: No such file or directory -- .ruby (LoadError)
Command exited with non-zero status 1
USER=0.16
SYS=0.00
REAL=0:00.16
MEMT=0
taskset -c 0 cat "" | ruby .ruby
cat: : Aucun fichier ou dossier de ce type
ruby: No such file or directory -- .ruby (LoadError)
Command exited with non-zero status 1
USER=0.15
SYS=0.01
REAL=0:00.16
MEMT=0
taskset -c 1 cat "" | ruby .ruby
cat: : Aucun fichier ou dossier de ce type
ruby: No such file or directory -- .ruby (LoadError)
Command exited with non-zero status 1
USER=0.16
SYS=0.00
REAL=0:00.16
MEMT=0
taskset -c 2 cat "" | ruby .ruby
cat: : Aucun fichier ou dossier de ce type
ruby: No such file or directory -- .ruby (LoadError)
Command exited with non-zero status 1
USER=0.16
SYS=0.00
REAL=0:00.16
MEMT=0
taskset -c 3 cat "" | ruby .ruby
cat: : Aucun fichier ou dossier de ce type
ruby: No such file or directory -- .ruby (LoadError)
Command exited with non-zero status 1
USER=0.15
SYS=0.01
REAL=0:00.16
MEMT=0
taskset -c 0 cat "" | ruby .ruby
cat: : Aucun fichier ou dossier de ce type
ruby: No such file or directory -- .ruby (LoadError)
Command exited with non-zero status 1
USER=0.16
SYS=0.00
REAL=0:00.16
MEMT=0
taskset -c 1 cat "" | ruby .ruby
cat: : Aucun fichier ou dossier de ce type
ruby: No such file or directory -- .ruby (LoadError)
Command exited with non-zero status 1
USER=0.15
SYS=0.01
REAL=0:00.16
MEMT=0
taskset -c 2 cat "" | ruby .ruby
cat: : Aucun fichier ou dossier de ce type
ruby: No such file or directory -- .ruby (LoadError)
Command exited with non-zero status 1
USER=0.16
SYS=0.00
REAL=0:00.16
MEMT=0
taskset -c 3 cat "" | ruby .ruby
cat: : Aucun fichier ou dossier de ce type
ruby: No such file or directory -- .ruby (LoadError)
Command exited with non-zero status 1
USER=0.16
SYS=0.00
REAL=0:00.16
MEMT=0
taskset -c 0 cat "" | ruby .ruby
cat: : Aucun fichier ou dossier de ce type
ruby: No such file or directory -- .ruby (LoadError)
Command exited with non-zero status 1
USER=0.18
SYS=0.00
REAL=0:00.19
MEMT=0
taskset -c 1 cat "" | ruby .ruby
cat: : Aucun fichier ou dossier de ce type
ruby: No such file or directory -- .ruby (LoadError)
Command exited with non-zero status 1
USER=0.16
SYS=0.01
REAL=0:00.18
MEMT=0
taskset -c 2 cat "" | ruby .ruby
cat: : Aucun fichier ou dossier de ce type
ruby: No such file or directory -- .ruby (LoadError)
Command exited with non-zero status 1
USER=0.16
SYS=0.00
REAL=0:00.16
MEMT=0
taskset -c 3 cat "" | ruby .ruby
cat: : Aucun fichier ou dossier de ce type
ruby: No such file or directory -- .ruby (LoadError)
Command exited with non-zero status 1
USER=0.15
SYS=0.01
REAL=0:00.16
MEMT=0
taskset -c 0 cat "" | ruby .ruby
cat: : Aucun fichier ou dossier de ce type
ruby: No such file or directory -- .ruby (LoadError)
Command exited with non-zero status 1
USER=0.14
SYS=0.02
REAL=0:00.16
MEMT=0
taskset -c 1 cat "" | ruby .ruby
cat: : Aucun fichier ou dossier de ce type
ruby: No such file or directory -- .ruby (LoadError)
Command exited with non-zero status 1
USER=0.20
SYS=0.01
REAL=0:00.21
MEMT=0
taskset -c 2 cat "" | ruby .ruby
cat: : Aucun fichier ou dossier de ce type
ruby: No such file or directory -- .ruby (LoadError)
Command exited with non-zero status 1
USER=0.16
SYS=0.00
REAL=0:00.16
MEMT=0
taskset -c 3 cat "" | ruby .ruby
cat: : Aucun fichier ou dossier de ce type
ruby: No such file or directory -- .ruby (LoadError)
Command exited with non-zero status 1
USER=0.13
SYS=0.03
REAL=0:00.16
MEMT=0
taskset -c 0 cat "" | ruby .ruby
cat: : Aucun fichier ou dossier de ce type
ruby: No such file or directory -- .ruby (LoadError)
Command exited with non-zero status 1
USER=0.15
SYS=0.01
REAL=0:00.16
MEMT=0
taskset -c 1 cat "" | ruby .ruby
cat: : Aucun fichier ou dossier de ce type
ruby: No such file or directory -- .ruby (LoadError)
Command exited with non-zero status 1
USER=0.20
SYS=0.00
REAL=0:00.21
MEMT=0
taskset -c 2 cat "" | ruby .ruby
cat: : Aucun fichier ou dossier de ce type
ruby: No such file or directory -- .ruby (LoadError)
Command exited with non-zero status 1
USER=0.16
SYS=0.00
REAL=0:00.16
MEMT=0
taskset -c 3 cat "" | ruby .ruby
cat: : Aucun fichier ou dossier de ce type
ruby: No such file or directory -- .ruby (LoadError)
Command exited with non-zero status 1
USER=0.15
SYS=0.01
REAL=0:00.16
MEMT=0
taskset -c 0 cat "" | ruby .ruby
cat: : Aucun fichier ou dossier de ce type
ruby: No such file or directory -- .ruby (LoadError)
Command exited with non-zero status 1
USER=0.14
SYS=0.02
REAL=0:00.16
MEMT=0
taskset -c 1 cat "" | ruby .ruby
cat: : Aucun fichier ou dossier de ce type
ruby: No such file or directory -- .ruby (LoadError)
Command exited with non-zero status 1
USER=0.17
SYS=0.00
REAL=0:00.18
MEMT=0
taskset -c 2 cat "" | ruby .ruby
cat: : Aucun fichier ou dossier de ce type
ruby: No such file or directory -- .ruby (LoadError)
Command exited with non-zero status 1
USER=0.18
SYS=0.00
REAL=0:00.19
MEMT=0
taskset -c 3 cat "" | ruby .ruby
cat: : Aucun fichier ou dossier de ce type
ruby: No such file or directory -- .ruby (LoadError)
Command exited with non-zero status 1
USER=0.16
SYS=0.00
REAL=0:00.16
MEMT=0
taskset -c 0 cat "" | ruby .ruby
cat: : Aucun fichier ou dossier de ce type
ruby: No such file or directory -- .ruby (LoadError)
Command exited with non-zero status 1
USER=0.15
SYS=0.01
REAL=0:00.16
MEMT=0
taskset -c 1 cat "" | ruby .ruby
cat: : Aucun fichier ou dossier de ce type
ruby: No such file or directory -- .ruby (LoadError)
Command exited with non-zero status 1
USER=0.16
SYS=0.00
REAL=0:00.16
MEMT=0
taskset -c 2 cat "" | ruby .ruby
cat: : Aucun fichier ou dossier de ce type
ruby: No such file or directory -- .ruby (LoadError)
Command exited with non-zero status 1
USER=0.20
SYS=0.01
REAL=0:00.21
MEMT=0
taskset -c 3 cat "" | ruby .ruby
cat: : Aucun fichier ou dossier de ce type
ruby: No such file or directory -- .ruby (LoadError)
Command exited with non-zero status 1
USER=0.14
SYS=0.02
REAL=0:00.16
MEMT=0
taskset -c 0 cat "" | ruby .ruby
cat: : Aucun fichier ou dossier de ce type
ruby: No such file or directory -- .ruby (LoadError)
Command exited with non-zero status 1
USER=0.16
SYS=0.00
REAL=0:00.16
MEMT=0
cat: : Aucun fichier ou dossier de ce type
ruby: No such file or directory -- .ruby (LoadError)
ruby : hachage de la sortie pour vérifier que les données en sortie sont les memes :
HASH=e3b0c44298fc1c149afbf4c8996fb92427ae41e4649b934ca495991b7852b855
ruby : nombre de lignes passées par la regexp :
NB_LIGNES=0
Illegal instruction
ruby: No such file or directory -- .ruby (LoadError)
ruby : consommation mémoire :
BYTES_IN_USE_AT_EXIT=525
533
BYTES_TOTAL_HEAP_USAGE=549
557
