Compute result of CPU time consumed by different programming languages

Version de tclsh :8.6
taskset -c 0 cat "" | tclsh .tcl
cat: : Aucun fichier ou dossier de ce type
couldn't read file ".tcl": no such file or directory
Command exited with non-zero status 1
USER=0.01
SYS=0.00
REAL=0:00.01
MEMT=0
taskset -c 1 cat "" | tclsh .tcl
cat: : Aucun fichier ou dossier de ce type
couldn't read file ".tcl": no such file or directory
Command exited with non-zero status 1
USER=0.01
SYS=0.00
REAL=0:00.01
MEMT=0
taskset -c 2 cat "" | tclsh .tcl
cat: : Aucun fichier ou dossier de ce type
couldn't read file ".tcl": no such file or directory
Command exited with non-zero status 1
USER=0.01
SYS=0.00
REAL=0:00.01
MEMT=0
taskset -c 3 cat "" | tclsh .tcl
cat: : Aucun fichier ou dossier de ce type
couldn't read file ".tcl": no such file or directory
Command exited with non-zero status 1
USER=0.01
SYS=0.00
REAL=0:00.01
MEMT=0
taskset -c 0 cat "" | tclsh .tcl
cat: : Aucun fichier ou dossier de ce type
couldn't read file ".tcl": no such file or directory
Command exited with non-zero status 1
USER=0.01
SYS=0.00
REAL=0:00.01
MEMT=0
taskset -c 1 cat "" | tclsh .tcl
cat: : Aucun fichier ou dossier de ce type
couldn't read file ".tcl": no such file or directory
Command exited with non-zero status 1
USER=0.01
SYS=0.00
REAL=0:00.01
MEMT=0
taskset -c 2 cat "" | tclsh .tcl
cat: : Aucun fichier ou dossier de ce type
couldn't read file ".tcl": no such file or directory
Command exited with non-zero status 1
USER=0.01
SYS=0.00
REAL=0:00.01
MEMT=0
taskset -c 3 cat "" | tclsh .tcl
cat: : Aucun fichier ou dossier de ce type
couldn't read file ".tcl": no such file or directory
Command exited with non-zero status 1
USER=0.01
SYS=0.00
REAL=0:00.01
MEMT=0
taskset -c 0 cat "" | tclsh .tcl
cat: : Aucun fichier ou dossier de ce type
couldn't read file ".tcl": no such file or directory
Command exited with non-zero status 1
USER=0.01
SYS=0.00
REAL=0:00.01
MEMT=0
taskset -c 1 cat "" | tclsh .tcl
cat: : Aucun fichier ou dossier de ce type
couldn't read file ".tcl": no such file or directory
Command exited with non-zero status 1
USER=0.01
SYS=0.00
REAL=0:00.01
MEMT=0
taskset -c 2 cat "" | tclsh .tcl
cat: : Aucun fichier ou dossier de ce type
couldn't read file ".tcl": no such file or directory
Command exited with non-zero status 1
USER=0.01
SYS=0.00
REAL=0:00.01
MEMT=0
taskset -c 3 cat "" | tclsh .tcl
cat: : Aucun fichier ou dossier de ce type
couldn't read file ".tcl": no such file or directory
Command exited with non-zero status 1
USER=0.01
SYS=0.00
REAL=0:00.01
MEMT=0
taskset -c 0 cat "" | tclsh .tcl
cat: : Aucun fichier ou dossier de ce type
couldn't read file ".tcl": no such file or directory
Command exited with non-zero status 1
USER=0.01
SYS=0.00
REAL=0:00.01
MEMT=0
taskset -c 1 cat "" | tclsh .tcl
cat: : Aucun fichier ou dossier de ce type
couldn't read file ".tcl": no such file or directory
Command exited with non-zero status 1
USER=0.01
SYS=0.00
REAL=0:00.01
MEMT=0
taskset -c 2 cat "" | tclsh .tcl
cat: : Aucun fichier ou dossier de ce type
couldn't read file ".tcl": no such file or directory
Command exited with non-zero status 1
USER=0.01
SYS=0.00
REAL=0:00.01
MEMT=0
taskset -c 3 cat "" | tclsh .tcl
cat: : Aucun fichier ou dossier de ce type
couldn't read file ".tcl": no such file or directory
Command exited with non-zero status 1
USER=0.01
SYS=0.00
REAL=0:00.01
MEMT=0
taskset -c 0 cat "" | tclsh .tcl
cat: : Aucun fichier ou dossier de ce type
couldn't read file ".tcl": no such file or directory
Command exited with non-zero status 1
USER=0.00
SYS=0.01
REAL=0:00.01
MEMT=0
taskset -c 1 cat "" | tclsh .tcl
cat: : Aucun fichier ou dossier de ce type
couldn't read file ".tcl": no such file or directory
Command exited with non-zero status 1
USER=0.01
SYS=0.00
REAL=0:00.01
MEMT=0
taskset -c 2 cat "" | tclsh .tcl
cat: : Aucun fichier ou dossier de ce type
couldn't read file ".tcl": no such file or directory
Command exited with non-zero status 1
USER=0.01
SYS=0.01
REAL=0:00.03
MEMT=0
taskset -c 3 cat "" | tclsh .tcl
cat: : Aucun fichier ou dossier de ce type
couldn't read file ".tcl": no such file or directory
Command exited with non-zero status 1
USER=0.02
SYS=0.00
REAL=0:00.03
MEMT=0
taskset -c 0 cat "" | tclsh .tcl
cat: : Aucun fichier ou dossier de ce type
couldn't read file ".tcl": no such file or directory
Command exited with non-zero status 1
USER=0.01
SYS=0.00
REAL=0:00.01
MEMT=0
taskset -c 1 cat "" | tclsh .tcl
cat: : Aucun fichier ou dossier de ce type
couldn't read file ".tcl": no such file or directory
Command exited with non-zero status 1
USER=0.01
SYS=0.00
REAL=0:00.01
MEMT=0
taskset -c 2 cat "" | tclsh .tcl
cat: : Aucun fichier ou dossier de ce type
couldn't read file ".tcl": no such file or directory
Command exited with non-zero status 1
USER=0.00
SYS=0.01
REAL=0:00.01
MEMT=0
taskset -c 3 cat "" | tclsh .tcl
cat: : Aucun fichier ou dossier de ce type
couldn't read file ".tcl": no such file or directory
Command exited with non-zero status 1
USER=0.01
SYS=0.00
REAL=0:00.01
MEMT=0
taskset -c 0 cat "" | tclsh .tcl
cat: : Aucun fichier ou dossier de ce type
couldn't read file ".tcl": no such file or directory
Command exited with non-zero status 1
USER=0.01
SYS=0.00
REAL=0:00.01
MEMT=0
taskset -c 1 cat "" | tclsh .tcl
cat: : Aucun fichier ou dossier de ce type
couldn't read file ".tcl": no such file or directory
Command exited with non-zero status 1
USER=0.01
SYS=0.00
REAL=0:00.01
MEMT=0
taskset -c 2 cat "" | tclsh .tcl
cat: : Aucun fichier ou dossier de ce type
couldn't read file ".tcl": no such file or directory
Command exited with non-zero status 1
USER=0.01
SYS=0.00
REAL=0:00.01
MEMT=0
taskset -c 3 cat "" | tclsh .tcl
cat: : Aucun fichier ou dossier de ce type
couldn't read file ".tcl": no such file or directory
Command exited with non-zero status 1
USER=0.01
SYS=0.00
REAL=0:00.01
MEMT=0
taskset -c 0 cat "" | tclsh .tcl
cat: : Aucun fichier ou dossier de ce type
couldn't read file ".tcl": no such file or directory
Command exited with non-zero status 1
USER=0.00
SYS=0.01
REAL=0:00.01
MEMT=0
taskset -c 1 cat "" | tclsh .tcl
cat: : Aucun fichier ou dossier de ce type
couldn't read file ".tcl": no such file or directory
Command exited with non-zero status 1
USER=0.01
SYS=0.00
REAL=0:00.01
MEMT=0
taskset -c 2 cat "" | tclsh .tcl
cat: : Aucun fichier ou dossier de ce type
couldn't read file ".tcl": no such file or directory
Command exited with non-zero status 1
USER=0.01
SYS=0.00
REAL=0:00.01
MEMT=0
taskset -c 3 cat "" | tclsh .tcl
cat: : Aucun fichier ou dossier de ce type
couldn't read file ".tcl": no such file or directory
Command exited with non-zero status 1
USER=0.01
SYS=0.00
REAL=0:00.01
MEMT=0
taskset -c 0 cat "" | tclsh .tcl
cat: : Aucun fichier ou dossier de ce type
couldn't read file ".tcl": no such file or directory
Command exited with non-zero status 1
USER=0.01
SYS=0.00
REAL=0:00.01
MEMT=0
cat: : Aucun fichier ou dossier de ce type
couldn't read file ".tcl": no such file or directory
tclsh : hachage de la sortie pour vérifier que les données en sortie sont les memes :
HASH=e3b0c44298fc1c149afbf4c8996fb92427ae41e4649b934ca495991b7852b855
tcl : nombre de lignes passées par la regexp :
NB_LIGNES=0
couldn't read file ".tcl": no such file or directory
Illegal instruction
tcl : consommation mémoire :
BYTES_IN_USE_AT_EXIT=525
534
BYTES_TOTAL_HEAP_USAGE=549
558
