Recuperation des expressions regulieres pour chaque langage de programmation :
Nombre de lignes dans /home/olivier/VirtualBox VMs/debian/Logs/VBox.log :
wc: /home/olivier/VirtualBox VMs/debian/Logs/VBox.log: Aucun fichier ou dossier de ce type

Application d'expression regulieres avec differents programmes
CONFIGURATION :
Version de egrep :grep (GNU grep) 2.20
taskset -c 1 egrep '(^| )(([01]?[[:digit:]][[:digit:]]?|2[0-4][[:digit:]]|25[0-5])\.){3}([01]?[[:digit:]][[:digit:]]?|2[0-4][[:digit:]]|25[0-5])( |$)' "/home/olivier/VirtualBox VMs/debian/Logs/VBox.log"
grep: /home/olivier/VirtualBox VMs/debian/Logs/VBox.log: Aucun fichier ou dossier de ce type
Command exited with non-zero status 2
USER=0.01
SYS=0.00
REAL=0:00.01
grep: /home/olivier/VirtualBox VMs/debian/Logs/VBox.log: Aucun fichier ou dossier de ce type
egrep : hachage de la sortie pour vérifier que les données en sortie sont les memes :
HASH=d41d8cd98f00b204e9800998ecf8427e
egrep : nombre de lignes passées par la regexp :
NB_LIGNES=grep: /home/olivier/VirtualBox VMs/debian/Logs/VBox.log: Aucun fichier ou dossier de ce type
0
./compare.sh : ligne 2 : 12715 Instruction non permise valgrind --log-file=log/grindout ./a.out > /dev/null
egrep : consommation mémoire :
BYTES_IN_USE_AT_EXIT=388
BYTES_TOTAL_HEAP_USAGE=388

Version de awk :GNU Awk 4.1.1
taskset -c 1 awk '/(^| )(([01]?[[:digit:]][[:digit:]]?|2[0-4][[:digit:]]|25[0-5])\.){3}([01]?[[:digit:]][[:digit:]]?|2[0-4][[:digit:]]|25[0-5])( |$)/ { print }' "/home/olivier/VirtualBox VMs/debian/Logs/VBox.log"
awk: fatalÂ : impossible d'ouvrir le fichier Â«Â /home/olivier/VirtualBox VMs/debian/Logs/VBox.logÂ Â» en lecture (Aucun fichier ou dossier de ce type)
Command exited with non-zero status 2
USER=0.00
SYS=0.00
REAL=0:00.01
awk: fatalÂ : impossible d'ouvrir le fichier Â«Â /home/olivier/VirtualBox VMs/debian/Logs/VBox.logÂ Â» en lecture (Aucun fichier ou dossier de ce type)
awk : hachage de la sortie pour vérifier que les données en sortie sont les memes :
HASH=d41d8cd98f00b204e9800998ecf8427e
awk : nombre de lignes passées par la regexp :
NB_LIGNES=awk: fatalÂ : impossible d'ouvrir le fichier Â«Â /home/olivier/VirtualBox VMs/debian/Logs/VBox.logÂ Â» en lecture (Aucun fichier ou dossier de ce type)
0
./compare.sh : ligne 2 : 12738 Instruction non permise valgrind --log-file=log/grindout ./a.out > /dev/null
awk : consommation mémoire :
BYTES_IN_USE_AT_EXIT=388
BYTES_TOTAL_HEAP_USAGE=388

Version de sed :sed (GNU sed) 4.2.2
taskset -c 1 sed -n '/\(^\| \)\(\([01]\?[0-9][0-9]\?\|2[0-4][0-9]\|25[0-5]\)\.\)\{3\}\([01]\?[0-9][0-9]\?\|2[0-4][0-9]\|25[0-5]\)\( \|$\)/ p' "/home/olivier/VirtualBox VMs/debian/Logs/VBox.log"
sed: impossible de lire /home/olivier/VirtualBox VMs/debian/Logs/VBox.log: Aucun fichier ou dossier de ce type
Command exited with non-zero status 2
USER=0.00
SYS=0.00
REAL=0:00.00
sed: impossible de lire /home/olivier/VirtualBox VMs/debian/Logs/VBox.log: Aucun fichier ou dossier de ce type
sed : hachage de la sortie pour vérifier que les données en sortie sont les memes :
HASH=d41d8cd98f00b204e9800998ecf8427e
sed : nombre de lignes passées par la regexp :
NB_LIGNES=sed: impossible de lire /home/olivier/VirtualBox VMs/debian/Logs/VBox.log: Aucun fichier ou dossier de ce type
0
./compare.sh : ligne 2 : 12761 Instruction non permise valgrind --log-file=log/grindout ./a.out > /dev/null
sed : consommation mémoire :
BYTES_IN_USE_AT_EXIT=896
BYTES_TOTAL_HEAP_USAGE=896

Version de gawk :GNU Awk 4.1.1
taskset -c 1 gawk '/(^| )(([01]?[[:digit:]][[:digit:]]?|2[0-4][[:digit:]]|25[0-5])\.){3}([01]?[[:digit:]][[:digit:]]?|2[0-4][[:digit:]]|25[0-5])( |$)/ { print }' "/home/olivier/VirtualBox VMs/debian/Logs/VBox.log"
gawk: fatalÂ : impossible d'ouvrir le fichier Â«Â /home/olivier/VirtualBox VMs/debian/Logs/VBox.logÂ Â» en lecture (Aucun fichier ou dossier de ce type)
Command exited with non-zero status 2
USER=0.00
SYS=0.00
REAL=0:00.01
gawk: fatalÂ : impossible d'ouvrir le fichier Â«Â /home/olivier/VirtualBox VMs/debian/Logs/VBox.logÂ Â» en lecture (Aucun fichier ou dossier de ce type)
gawk : hachage de la sortie pour vérifier que les données en sortie sont les memes :
HASH=d41d8cd98f00b204e9800998ecf8427e
gawk : nombre de lignes passées par la regexp :
NB_LIGNES=gawk: fatalÂ : impossible d'ouvrir le fichier Â«Â /home/olivier/VirtualBox VMs/debian/Logs/VBox.logÂ Â» en lecture (Aucun fichier ou dossier de ce type)
0
./compare.sh : ligne 2 : 12784 Instruction non permise valgrind --log-file=log/grindout ./a.out > /dev/null
gawk : consommation mémoire :
BYTES_IN_USE_AT_EXIT=388
BYTES_TOTAL_HEAP_USAGE=388

Version de mawk :1.3.3-17
taskset -c 1 mawk '/(^| )(([01]?[0-9][0-9]?|2[0-4][0-9]|25[0-5])\.)(([01]?[0-9][0-9]?|2[0-4][0-9]|25[0-5])\.)(([01]?[0-9][0-9]?|2[0-4][0-9]|25[0-5])\.)([01]?[0-9][0-9]?|2[0-4][0-9]|25[0-5])( |$)/ { print }' "/home/olivier/VirtualBox VMs/debian/Logs/VBox.log"
mawk: cannot open /home/olivier/VirtualBox VMs/debian/Logs/VBox.log (No such file or directory)
Command exited with non-zero status 2
USER=0.00
SYS=0.00
REAL=0:00.00
mawk: cannot open /home/olivier/VirtualBox VMs/debian/Logs/VBox.log (No such file or directory)
mawk : hachage de la sortie pour vérifier que les données en sortie sont les memes :
HASH=d41d8cd98f00b204e9800998ecf8427e
mawk : nombre de lignes passées par la regexp :
NB_LIGNES=mawk: cannot open /home/olivier/VirtualBox VMs/debian/Logs/VBox.log (No such file or directory)
0
./compare.sh : ligne 2 : 12811 Instruction non permise valgrind --log-file=log/grindout ./a.out > /dev/null
mawk : consommation mémoire :
BYTES_IN_USE_AT_EXIT=896
BYTES_TOTAL_HEAP_USAGE=896

Version de perl :This is perl 5
taskset -c 1 perl -ne 'print if /(^| )(([01]?[[:digit:]][[:digit:]]?|2[0-4][[:digit:]]|25[0-5])\.){3}([01]?[[:digit:]][[:digit:]]?|2[0-4][[:digit:]]|25[0-5])( |$)/' "/home/olivier/VirtualBox VMs/debian/Logs/VBox.log"
Can't open /home/olivier/VirtualBox VMs/debian/Logs/VBox.log: Aucun fichier ou dossier de ce type.
USER=0.00
SYS=0.00
REAL=0:00.01
Can't open /home/olivier/VirtualBox VMs/debian/Logs/VBox.log: Aucun fichier ou dossier de ce type.
perl : hachage de la sortie pour vérifier que les données en sortie sont les memes :
HASH=d41d8cd98f00b204e9800998ecf8427e
perl : nombre de lignes passées par la regexp :
NB_LIGNES=Can't open /home/olivier/VirtualBox VMs/debian/Logs/VBox.log: Aucun fichier ou dossier de ce type.
0
./compare.sh : ligne 2 : 12834 Instruction non permise valgrind --log-file=log/grindout ./a.out > /dev/null
perl : consommation mémoire :
BYTES_IN_USE_AT_EXIT=896
BYTES_TOTAL_HEAP_USAGE=896

Version de python :Python 2.7.9
taskset -c 1 python -c 'import re
fh = open("/home/olivier/VirtualBox VMs/debian/Logs/VBox.log")
for line in fh:
    if re.search(r"(^| )(([01]?\d\d?|2[0-4]\d|25[0-5])\.){3}([01]?\d\d?|2[0-4]\d|25[0-5])( |$)",line):
        print line
fh.close()' | grep .
Traceback (most recent call last):
  File "<string>", line 2, in <module>
IOError: [Errno 2] No such file or directory: '/home/olivier/VirtualBox VMs/debian/Logs/VBox.log'
Command exited with non-zero status 1
USER=0.03
SYS=0.01
REAL=0:00.04
Traceback (most recent call last):
  File "<string>", line 2, in <module>
IOError: [Errno 2] No such file or directory: '/home/olivier/VirtualBox VMs/debian/Logs/VBox.log'
python : hachage de la sortie pour vérifier que les données en sortie sont les memes :
HASH=d41d8cd98f00b204e9800998ecf8427e
python : nombre de lignes passées par la regexp :
NB_LIGNES=Traceback (most recent call last):
  File "<string>", line 2, in <module>
IOError: [Errno 2] No such file or directory: '/home/olivier/VirtualBox VMs/debian/Logs/VBox.log'
0
Illegal instruction
python : consommation mémoire :
BYTES_IN_USE_AT_EXIT=1,027
527
BYTES_TOTAL_HEAP_USAGE=1,051
1,059

