Compute result of CPU time consumed by different programming languages

Version de gawk :GNU Awk 4.2.0
taskset -c 1 echo "" | gawk -M -f ip.gawk
./exec.sh: ligne 1: taskset : commande introuvable
USER=0.01
SYS=0.07
REAL=0:00.15
MEMT=0
taskset -c 2 echo "" | gawk -M -f ip.gawk
./exec.sh: ligne 1: taskset : commande introuvable
USER=0.04
SYS=0.04
REAL=0:00.13
MEMT=0
taskset -c 3 echo "" | gawk -M -f ip.gawk
./exec.sh: ligne 1: taskset : commande introuvable
USER=0.03
SYS=0.06
REAL=0:00.15
MEMT=0
taskset -c 0 echo "" | gawk -M -f ip.gawk
./exec.sh: ligne 1: taskset : commande introuvable
USER=0.00
SYS=0.09
REAL=0:00.14
MEMT=0
taskset -c 1 echo "" | gawk -M -f ip.gawk
./exec.sh: ligne 1: taskset : commande introuvable
USER=0.00
SYS=0.06
REAL=0:00.14
MEMT=0
taskset -c 2 echo "" | gawk -M -f ip.gawk
./exec.sh: ligne 1: taskset : commande introuvable
USER=0.01
SYS=0.06
REAL=0:00.13
MEMT=0
taskset -c 3 echo "" | gawk -M -f ip.gawk
./exec.sh: ligne 1: taskset : commande introuvable
USER=0.00
SYS=0.09
REAL=0:00.14
MEMT=0
taskset -c 0 echo "" | gawk -M -f ip.gawk
./exec.sh: ligne 1: taskset : commande introuvable
USER=0.03
SYS=0.04
REAL=0:00.15
MEMT=0
./gawk.sh: ligne 25: taskset : commande introuvable
gawk : hachage de la sortie pour vérifier que les données en sortie sont les mêmes :
HASH=e3b0c44298fc1c149afbf4c8996fb92427ae41e4649b934ca495991b7852b855
NB_LIGNES=0
bash_functions.sh: ligne 107: valgrind : commande introuvable
gawk : consommation mémoire :
BYTES_IN_USE_AT_EXIT=grep: grindout: No such file or directory
BYTES_TOTAL_HEAP_USAGE=grep: grindout: No such file or directory
