Compute result of CPU time consumed by different programming languages

Version de mawk :taskset -c 1 echo "" | mawk -f ip.mawk
./exec.sh: ligne 1: taskset : commande introuvable
./exec.sh: ligne 1: mawk : commande introuvable
Command exited with non-zero status 127
USER=0.01
SYS=0.06
REAL=0:00.14
MEMT=0
taskset -c 2 echo "" | mawk -f ip.mawk
./exec.sh: ligne 1: taskset : commande introuvable
./exec.sh: ligne 1: mawk : commande introuvable
Command exited with non-zero status 127
USER=0.01
SYS=0.07
REAL=0:00.14
MEMT=0
taskset -c 3 echo "" | mawk -f ip.mawk
./exec.sh: ligne 1: taskset : commande introuvable
./exec.sh: ligne 1: mawk : commande introuvable
Command exited with non-zero status 127
USER=0.00
SYS=0.12
REAL=0:00.14
MEMT=0
taskset -c 0 echo "" | mawk -f ip.mawk
./exec.sh: ligne 1: taskset : commande introuvable
./exec.sh: ligne 1: mawk : commande introuvable
Command exited with non-zero status 127
USER=0.01
SYS=0.06
REAL=0:00.16
MEMT=0
taskset -c 1 echo "" | mawk -f ip.mawk
./exec.sh: ligne 1: taskset : commande introuvable
./exec.sh: ligne 1: mawk : commande introuvable
Command exited with non-zero status 127
USER=0.00
SYS=0.07
REAL=0:00.15
MEMT=0
taskset -c 2 echo "" | mawk -f ip.mawk
./exec.sh: ligne 1: taskset : commande introuvable
./exec.sh: ligne 1: mawk : commande introuvable
Command exited with non-zero status 127
USER=0.03
SYS=0.04
REAL=0:00.13
MEMT=0
taskset -c 3 echo "" | mawk -f ip.mawk
./exec.sh: ligne 1: taskset : commande introuvable
./exec.sh: ligne 1: mawk : commande introuvable
Command exited with non-zero status 127
USER=0.03
SYS=0.03
REAL=0:00.12
MEMT=0
taskset -c 0 echo "" | mawk -f ip.mawk
./exec.sh: ligne 1: taskset : commande introuvable
./exec.sh: ligne 1: mawk : commande introuvable
Command exited with non-zero status 127
USER=0.00
SYS=0.09
REAL=0:00.14
MEMT=0
./mawk.sh: ligne 25: taskset : commande introuvable
./mawk.sh: ligne 25: mawk : commande introuvable
mawk : hachage de la sortie pour vérifier que les données en sortie sont les mêmes :
HASH=e3b0c44298fc1c149afbf4c8996fb92427ae41e4649b934ca495991b7852b855
NB_LIGNES=0
bash_functions.sh: ligne 107: valgrind : commande introuvable
mawk : consommation mémoire :
BYTES_IN_USE_AT_EXIT=BYTES_TOTAL_HEAP_USAGE=