Compute result of CPU time consumed by different programming languages

Version de perl :This is perl 5, version 26, subversion 0 (v5.26.0) built for x86_64-linux-gnu-thread-multi
taskset -c 0 perl decimal_number.perl "/home/olivier/jd2/updateError.log"
Semicolon seems to be missing at decimal_number.perl line 4.
Final $ should be \$ or $name at decimal_number.perl line 3, within string
syntax error at decimal_number.perl line 3, near "="^-?[[:digit:]]+(,[[:digit:]]+)*(\.[[:digit:]]+(e[[:digit:]]+)?)?$""
Execution of decimal_number.perl aborted due to compilation errors.
Command exited with non-zero status 255
USER=0.00
SYS=0.00
REAL=0:00.00
MEMT=0
taskset -c 1 perl decimal_number.perl "/home/olivier/jd2/updateError.log"
Semicolon seems to be missing at decimal_number.perl line 4.
Final $ should be \$ or $name at decimal_number.perl line 3, within string
syntax error at decimal_number.perl line 3, near "="^-?[[:digit:]]+(,[[:digit:]]+)*(\.[[:digit:]]+(e[[:digit:]]+)?)?$""
Execution of decimal_number.perl aborted due to compilation errors.
Command exited with non-zero status 255
USER=0.00
SYS=0.00
REAL=0:00.00
MEMT=0
taskset -c 2 perl decimal_number.perl "/home/olivier/jd2/updateError.log"
Semicolon seems to be missing at decimal_number.perl line 4.
Final $ should be \$ or $name at decimal_number.perl line 3, within string
syntax error at decimal_number.perl line 3, near "="^-?[[:digit:]]+(,[[:digit:]]+)*(\.[[:digit:]]+(e[[:digit:]]+)?)?$""
Execution of decimal_number.perl aborted due to compilation errors.
Command exited with non-zero status 255
USER=0.00
SYS=0.00
REAL=0:00.00
MEMT=0
taskset -c 3 perl decimal_number.perl "/home/olivier/jd2/updateError.log"
Semicolon seems to be missing at decimal_number.perl line 4.
Final $ should be \$ or $name at decimal_number.perl line 3, within string
syntax error at decimal_number.perl line 3, near "="^-?[[:digit:]]+(,[[:digit:]]+)*(\.[[:digit:]]+(e[[:digit:]]+)?)?$""
Execution of decimal_number.perl aborted due to compilation errors.
Command exited with non-zero status 255
USER=0.00
SYS=0.00
REAL=0:00.00
MEMT=0
taskset -c 0 perl decimal_number.perl "/home/olivier/jd2/updateError.log"
Semicolon seems to be missing at decimal_number.perl line 4.
Final $ should be \$ or $name at decimal_number.perl line 3, within string
syntax error at decimal_number.perl line 3, near "="^-?[[:digit:]]+(,[[:digit:]]+)*(\.[[:digit:]]+(e[[:digit:]]+)?)?$""
Execution of decimal_number.perl aborted due to compilation errors.
Command exited with non-zero status 255
USER=0.00
SYS=0.00
REAL=0:00.00
MEMT=0
taskset -c 1 perl decimal_number.perl "/home/olivier/jd2/updateError.log"
Semicolon seems to be missing at decimal_number.perl line 4.
Final $ should be \$ or $name at decimal_number.perl line 3, within string
syntax error at decimal_number.perl line 3, near "="^-?[[:digit:]]+(,[[:digit:]]+)*(\.[[:digit:]]+(e[[:digit:]]+)?)?$""
Execution of decimal_number.perl aborted due to compilation errors.
Command exited with non-zero status 255
USER=0.00
SYS=0.00
REAL=0:00.00
MEMT=0
taskset -c 2 perl decimal_number.perl "/home/olivier/jd2/updateError.log"
Semicolon seems to be missing at decimal_number.perl line 4.
Final $ should be \$ or $name at decimal_number.perl line 3, within string
syntax error at decimal_number.perl line 3, near "="^-?[[:digit:]]+(,[[:digit:]]+)*(\.[[:digit:]]+(e[[:digit:]]+)?)?$""
Execution of decimal_number.perl aborted due to compilation errors.
Command exited with non-zero status 255
USER=0.00
SYS=0.00
REAL=0:00.00
MEMT=0
taskset -c 3 perl decimal_number.perl "/home/olivier/jd2/updateError.log"
Semicolon seems to be missing at decimal_number.perl line 4.
Final $ should be \$ or $name at decimal_number.perl line 3, within string
syntax error at decimal_number.perl line 3, near "="^-?[[:digit:]]+(,[[:digit:]]+)*(\.[[:digit:]]+(e[[:digit:]]+)?)?$""
Execution of decimal_number.perl aborted due to compilation errors.
Command exited with non-zero status 255
USER=0.00
SYS=0.00
REAL=0:00.00
MEMT=0
taskset -c 0 perl decimal_number.perl "/home/olivier/jd2/updateError.log"
Semicolon seems to be missing at decimal_number.perl line 4.
Final $ should be \$ or $name at decimal_number.perl line 3, within string
syntax error at decimal_number.perl line 3, near "="^-?[[:digit:]]+(,[[:digit:]]+)*(\.[[:digit:]]+(e[[:digit:]]+)?)?$""
Execution of decimal_number.perl aborted due to compilation errors.
Command exited with non-zero status 255
USER=0.00
SYS=0.00
REAL=0:00.00
MEMT=0
taskset -c 1 perl decimal_number.perl "/home/olivier/jd2/updateError.log"
Semicolon seems to be missing at decimal_number.perl line 4.
Final $ should be \$ or $name at decimal_number.perl line 3, within string
syntax error at decimal_number.perl line 3, near "="^-?[[:digit:]]+(,[[:digit:]]+)*(\.[[:digit:]]+(e[[:digit:]]+)?)?$""
Execution of decimal_number.perl aborted due to compilation errors.
Command exited with non-zero status 255
USER=0.00
SYS=0.00
REAL=0:00.00
MEMT=0
taskset -c 2 perl decimal_number.perl "/home/olivier/jd2/updateError.log"
Semicolon seems to be missing at decimal_number.perl line 4.
Final $ should be \$ or $name at decimal_number.perl line 3, within string
syntax error at decimal_number.perl line 3, near "="^-?[[:digit:]]+(,[[:digit:]]+)*(\.[[:digit:]]+(e[[:digit:]]+)?)?$""
Execution of decimal_number.perl aborted due to compilation errors.
Command exited with non-zero status 255
USER=0.00
SYS=0.00
REAL=0:00.00
MEMT=0
taskset -c 3 perl decimal_number.perl "/home/olivier/jd2/updateError.log"
Semicolon seems to be missing at decimal_number.perl line 4.
Final $ should be \$ or $name at decimal_number.perl line 3, within string
syntax error at decimal_number.perl line 3, near "="^-?[[:digit:]]+(,[[:digit:]]+)*(\.[[:digit:]]+(e[[:digit:]]+)?)?$""
Execution of decimal_number.perl aborted due to compilation errors.
Command exited with non-zero status 255
USER=0.00
SYS=0.00
REAL=0:00.00
MEMT=0
taskset -c 0 perl decimal_number.perl "/home/olivier/jd2/updateError.log"
Semicolon seems to be missing at decimal_number.perl line 4.
Final $ should be \$ or $name at decimal_number.perl line 3, within string
syntax error at decimal_number.perl line 3, near "="^-?[[:digit:]]+(,[[:digit:]]+)*(\.[[:digit:]]+(e[[:digit:]]+)?)?$""
Execution of decimal_number.perl aborted due to compilation errors.
Command exited with non-zero status 255
USER=0.00
SYS=0.00
REAL=0:00.00
MEMT=0
taskset -c 1 perl decimal_number.perl "/home/olivier/jd2/updateError.log"
Semicolon seems to be missing at decimal_number.perl line 4.
Final $ should be \$ or $name at decimal_number.perl line 3, within string
syntax error at decimal_number.perl line 3, near "="^-?[[:digit:]]+(,[[:digit:]]+)*(\.[[:digit:]]+(e[[:digit:]]+)?)?$""
Execution of decimal_number.perl aborted due to compilation errors.
Command exited with non-zero status 255
USER=0.00
SYS=0.00
REAL=0:00.00
MEMT=0
taskset -c 2 perl decimal_number.perl "/home/olivier/jd2/updateError.log"
Semicolon seems to be missing at decimal_number.perl line 4.
Final $ should be \$ or $name at decimal_number.perl line 3, within string
syntax error at decimal_number.perl line 3, near "="^-?[[:digit:]]+(,[[:digit:]]+)*(\.[[:digit:]]+(e[[:digit:]]+)?)?$""
Execution of decimal_number.perl aborted due to compilation errors.
Command exited with non-zero status 255
USER=0.00
SYS=0.00
REAL=0:00.00
MEMT=0
taskset -c 3 perl decimal_number.perl "/home/olivier/jd2/updateError.log"
Semicolon seems to be missing at decimal_number.perl line 4.
Final $ should be \$ or $name at decimal_number.perl line 3, within string
syntax error at decimal_number.perl line 3, near "="^-?[[:digit:]]+(,[[:digit:]]+)*(\.[[:digit:]]+(e[[:digit:]]+)?)?$""
Execution of decimal_number.perl aborted due to compilation errors.
Command exited with non-zero status 255
USER=0.00
SYS=0.00
REAL=0:00.00
MEMT=0
taskset -c 0 perl decimal_number.perl "/home/olivier/jd2/updateError.log"
Semicolon seems to be missing at decimal_number.perl line 4.
Final $ should be \$ or $name at decimal_number.perl line 3, within string
syntax error at decimal_number.perl line 3, near "="^-?[[:digit:]]+(,[[:digit:]]+)*(\.[[:digit:]]+(e[[:digit:]]+)?)?$""
Execution of decimal_number.perl aborted due to compilation errors.
Command exited with non-zero status 255
USER=0.00
SYS=0.00
REAL=0:00.00
MEMT=0
taskset -c 1 perl decimal_number.perl "/home/olivier/jd2/updateError.log"
Semicolon seems to be missing at decimal_number.perl line 4.
Final $ should be \$ or $name at decimal_number.perl line 3, within string
syntax error at decimal_number.perl line 3, near "="^-?[[:digit:]]+(,[[:digit:]]+)*(\.[[:digit:]]+(e[[:digit:]]+)?)?$""
Execution of decimal_number.perl aborted due to compilation errors.
Command exited with non-zero status 255
USER=0.00
SYS=0.00
REAL=0:00.00
MEMT=0
taskset -c 2 perl decimal_number.perl "/home/olivier/jd2/updateError.log"
Semicolon seems to be missing at decimal_number.perl line 4.
Final $ should be \$ or $name at decimal_number.perl line 3, within string
syntax error at decimal_number.perl line 3, near "="^-?[[:digit:]]+(,[[:digit:]]+)*(\.[[:digit:]]+(e[[:digit:]]+)?)?$""
Execution of decimal_number.perl aborted due to compilation errors.
Command exited with non-zero status 255
USER=0.00
SYS=0.00
REAL=0:00.00
MEMT=0
taskset -c 3 perl decimal_number.perl "/home/olivier/jd2/updateError.log"
Semicolon seems to be missing at decimal_number.perl line 4.
Final $ should be \$ or $name at decimal_number.perl line 3, within string
syntax error at decimal_number.perl line 3, near "="^-?[[:digit:]]+(,[[:digit:]]+)*(\.[[:digit:]]+(e[[:digit:]]+)?)?$""
Execution of decimal_number.perl aborted due to compilation errors.
Command exited with non-zero status 255
USER=0.00
SYS=0.00
REAL=0:00.00
MEMT=0
taskset -c 0 perl decimal_number.perl "/home/olivier/jd2/updateError.log"
Semicolon seems to be missing at decimal_number.perl line 4.
Final $ should be \$ or $name at decimal_number.perl line 3, within string
syntax error at decimal_number.perl line 3, near "="^-?[[:digit:]]+(,[[:digit:]]+)*(\.[[:digit:]]+(e[[:digit:]]+)?)?$""
Execution of decimal_number.perl aborted due to compilation errors.
Command exited with non-zero status 255
USER=0.00
SYS=0.00
REAL=0:00.00
MEMT=0
taskset -c 1 perl decimal_number.perl "/home/olivier/jd2/updateError.log"
Semicolon seems to be missing at decimal_number.perl line 4.
Final $ should be \$ or $name at decimal_number.perl line 3, within string
syntax error at decimal_number.perl line 3, near "="^-?[[:digit:]]+(,[[:digit:]]+)*(\.[[:digit:]]+(e[[:digit:]]+)?)?$""
Execution of decimal_number.perl aborted due to compilation errors.
Command exited with non-zero status 255
USER=0.00
SYS=0.00
REAL=0:00.00
MEMT=0
taskset -c 2 perl decimal_number.perl "/home/olivier/jd2/updateError.log"
Semicolon seems to be missing at decimal_number.perl line 4.
Final $ should be \$ or $name at decimal_number.perl line 3, within string
syntax error at decimal_number.perl line 3, near "="^-?[[:digit:]]+(,[[:digit:]]+)*(\.[[:digit:]]+(e[[:digit:]]+)?)?$""
Execution of decimal_number.perl aborted due to compilation errors.
Command exited with non-zero status 255
USER=0.00
SYS=0.00
REAL=0:00.00
MEMT=0
taskset -c 3 perl decimal_number.perl "/home/olivier/jd2/updateError.log"
Semicolon seems to be missing at decimal_number.perl line 4.
Final $ should be \$ or $name at decimal_number.perl line 3, within string
syntax error at decimal_number.perl line 3, near "="^-?[[:digit:]]+(,[[:digit:]]+)*(\.[[:digit:]]+(e[[:digit:]]+)?)?$""
Execution of decimal_number.perl aborted due to compilation errors.
Command exited with non-zero status 255
USER=0.00
SYS=0.00
REAL=0:00.00
MEMT=0
taskset -c 0 perl decimal_number.perl "/home/olivier/jd2/updateError.log"
Semicolon seems to be missing at decimal_number.perl line 4.
Final $ should be \$ or $name at decimal_number.perl line 3, within string
syntax error at decimal_number.perl line 3, near "="^-?[[:digit:]]+(,[[:digit:]]+)*(\.[[:digit:]]+(e[[:digit:]]+)?)?$""
Execution of decimal_number.perl aborted due to compilation errors.
Command exited with non-zero status 255
USER=0.00
SYS=0.00
REAL=0:00.00
MEMT=0
taskset -c 1 perl decimal_number.perl "/home/olivier/jd2/updateError.log"
Semicolon seems to be missing at decimal_number.perl line 4.
Final $ should be \$ or $name at decimal_number.perl line 3, within string
syntax error at decimal_number.perl line 3, near "="^-?[[:digit:]]+(,[[:digit:]]+)*(\.[[:digit:]]+(e[[:digit:]]+)?)?$""
Execution of decimal_number.perl aborted due to compilation errors.
Command exited with non-zero status 255
USER=0.00
SYS=0.00
REAL=0:00.00
MEMT=0
taskset -c 2 perl decimal_number.perl "/home/olivier/jd2/updateError.log"
Semicolon seems to be missing at decimal_number.perl line 4.
Final $ should be \$ or $name at decimal_number.perl line 3, within string
syntax error at decimal_number.perl line 3, near "="^-?[[:digit:]]+(,[[:digit:]]+)*(\.[[:digit:]]+(e[[:digit:]]+)?)?$""
Execution of decimal_number.perl aborted due to compilation errors.
Command exited with non-zero status 255
USER=0.00
SYS=0.00
REAL=0:00.00
MEMT=0
taskset -c 3 perl decimal_number.perl "/home/olivier/jd2/updateError.log"
Semicolon seems to be missing at decimal_number.perl line 4.
Final $ should be \$ or $name at decimal_number.perl line 3, within string
syntax error at decimal_number.perl line 3, near "="^-?[[:digit:]]+(,[[:digit:]]+)*(\.[[:digit:]]+(e[[:digit:]]+)?)?$""
Execution of decimal_number.perl aborted due to compilation errors.
Command exited with non-zero status 255
USER=0.00
SYS=0.00
REAL=0:00.00
MEMT=0
taskset -c 0 perl decimal_number.perl "/home/olivier/jd2/updateError.log"
Semicolon seems to be missing at decimal_number.perl line 4.
Final $ should be \$ or $name at decimal_number.perl line 3, within string
syntax error at decimal_number.perl line 3, near "="^-?[[:digit:]]+(,[[:digit:]]+)*(\.[[:digit:]]+(e[[:digit:]]+)?)?$""
Execution of decimal_number.perl aborted due to compilation errors.
Command exited with non-zero status 255
USER=0.00
SYS=0.00
REAL=0:00.00
MEMT=0
taskset -c 1 perl decimal_number.perl "/home/olivier/jd2/updateError.log"
Semicolon seems to be missing at decimal_number.perl line 4.
Final $ should be \$ or $name at decimal_number.perl line 3, within string
syntax error at decimal_number.perl line 3, near "="^-?[[:digit:]]+(,[[:digit:]]+)*(\.[[:digit:]]+(e[[:digit:]]+)?)?$""
Execution of decimal_number.perl aborted due to compilation errors.
Command exited with non-zero status 255
USER=0.00
SYS=0.00
REAL=0:00.00
MEMT=0
taskset -c 2 perl decimal_number.perl "/home/olivier/jd2/updateError.log"
Semicolon seems to be missing at decimal_number.perl line 4.
Final $ should be \$ or $name at decimal_number.perl line 3, within string
syntax error at decimal_number.perl line 3, near "="^-?[[:digit:]]+(,[[:digit:]]+)*(\.[[:digit:]]+(e[[:digit:]]+)?)?$""
Execution of decimal_number.perl aborted due to compilation errors.
Command exited with non-zero status 255
USER=0.00
SYS=0.00
REAL=0:00.00
MEMT=0
taskset -c 3 perl decimal_number.perl "/home/olivier/jd2/updateError.log"
Semicolon seems to be missing at decimal_number.perl line 4.
Final $ should be \$ or $name at decimal_number.perl line 3, within string
syntax error at decimal_number.perl line 3, near "="^-?[[:digit:]]+(,[[:digit:]]+)*(\.[[:digit:]]+(e[[:digit:]]+)?)?$""
Execution of decimal_number.perl aborted due to compilation errors.
Command exited with non-zero status 255
USER=0.00
SYS=0.00
REAL=0:00.00
MEMT=0
taskset -c 0 perl decimal_number.perl "/home/olivier/jd2/updateError.log"
Semicolon seems to be missing at decimal_number.perl line 4.
Final $ should be \$ or $name at decimal_number.perl line 3, within string
syntax error at decimal_number.perl line 3, near "="^-?[[:digit:]]+(,[[:digit:]]+)*(\.[[:digit:]]+(e[[:digit:]]+)?)?$""
Execution of decimal_number.perl aborted due to compilation errors.
Command exited with non-zero status 255
USER=0.00
SYS=0.00
REAL=0:00.00
MEMT=0
Semicolon seems to be missing at decimal_number.perl line 4.
Final $ should be \$ or $name at decimal_number.perl line 3, within string
syntax error at decimal_number.perl line 3, near "="^-?[[:digit:]]+(,[[:digit:]]+)*(\.[[:digit:]]+(e[[:digit:]]+)?)?$""
Execution of decimal_number.perl aborted due to compilation errors.
perl : hachage de la sortie pour vérifier que les données en sortie sont les memes :
HASH=e3b0c44298fc1c149afbf4c8996fb92427ae41e4649b934ca495991b7852b855
perl : nombre de lignes passées par la regexp :
NB_LIGNES=0
Semicolon seems to be missing at decimal_number.perl line 4.
Final $ should be \$ or $name at decimal_number.perl line 3, within string
syntax error at decimal_number.perl line 3, near "="^-?[[:digit:]]+(,[[:digit:]]+)*(\.[[:digit:]]+(e[[:digit:]]+)?)?$""
Execution of decimal_number.perl aborted due to compilation errors.
perl : consommation mémoire :
BYTES_IN_USE_AT_EXIT=2,536
BYTES_TOTAL_HEAP_USAGE=3,064
