Compute result of CPU time consumed by different programming languages

Version de python :Python 2.7.14
taskset -c 1 python -i 3digits.python "/home/olivier/jd2/updateError.log" 2>/dev/null </dev/null | grep .
Command exited with non-zero status 1
USER=0.01
SYS=0.00
REAL=0:00.01
MEMT=0
taskset -c 2 python -i 3digits.python "/home/olivier/jd2/updateError.log" 2>/dev/null </dev/null | grep .
Command exited with non-zero status 1
USER=0.01
SYS=0.00
REAL=0:00.01
MEMT=0
taskset -c 3 python -i 3digits.python "/home/olivier/jd2/updateError.log" 2>/dev/null </dev/null | grep .
Command exited with non-zero status 1
USER=0.00
SYS=0.00
REAL=0:00.00
MEMT=0
taskset -c 0 python -i 3digits.python "/home/olivier/jd2/updateError.log" 2>/dev/null </dev/null | grep .
Command exited with non-zero status 1
USER=0.00
SYS=0.00
REAL=0:00.00
MEMT=0
taskset -c 1 python -i 3digits.python "/home/olivier/jd2/updateError.log" 2>/dev/null </dev/null | grep .
Command exited with non-zero status 1
USER=0.00
SYS=0.00
REAL=0:00.00
MEMT=0
taskset -c 2 python -i 3digits.python "/home/olivier/jd2/updateError.log" 2>/dev/null </dev/null | grep .
Command exited with non-zero status 1
USER=0.00
SYS=0.00
REAL=0:00.00
MEMT=0
taskset -c 3 python -i 3digits.python "/home/olivier/jd2/updateError.log" 2>/dev/null </dev/null | grep .
Command exited with non-zero status 1
USER=0.00
SYS=0.00
REAL=0:00.01
MEMT=0
taskset -c 0 python -i 3digits.python "/home/olivier/jd2/updateError.log" 2>/dev/null </dev/null | grep .
Command exited with non-zero status 1
USER=0.01
SYS=0.00
REAL=0:00.00
MEMT=0
taskset -c 1 python -i 3digits.python "/home/olivier/jd2/updateError.log" 2>/dev/null </dev/null | grep .
Command exited with non-zero status 1
USER=0.00
SYS=0.00
REAL=0:00.00
MEMT=0
taskset -c 2 python -i 3digits.python "/home/olivier/jd2/updateError.log" 2>/dev/null </dev/null | grep .
Command exited with non-zero status 1
USER=0.00
SYS=0.00
REAL=0:00.01
MEMT=0
taskset -c 3 python -i 3digits.python "/home/olivier/jd2/updateError.log" 2>/dev/null </dev/null | grep .
Command exited with non-zero status 1
USER=0.01
SYS=0.00
REAL=0:00.01
MEMT=0
taskset -c 0 python -i 3digits.python "/home/olivier/jd2/updateError.log" 2>/dev/null </dev/null | grep .
Command exited with non-zero status 1
USER=0.00
SYS=0.00
REAL=0:00.01
MEMT=0
taskset -c 1 python -i 3digits.python "/home/olivier/jd2/updateError.log" 2>/dev/null </dev/null | grep .
Command exited with non-zero status 1
USER=0.00
SYS=0.00
REAL=0:00.01
MEMT=0
taskset -c 2 python -i 3digits.python "/home/olivier/jd2/updateError.log" 2>/dev/null </dev/null | grep .
Command exited with non-zero status 1
USER=0.00
SYS=0.00
REAL=0:00.00
MEMT=0
taskset -c 3 python -i 3digits.python "/home/olivier/jd2/updateError.log" 2>/dev/null </dev/null | grep .
Command exited with non-zero status 1
USER=0.00
SYS=0.00
REAL=0:00.01
MEMT=0
taskset -c 0 python -i 3digits.python "/home/olivier/jd2/updateError.log" 2>/dev/null </dev/null | grep .
Command exited with non-zero status 1
USER=0.00
SYS=0.00
REAL=0:00.01
MEMT=0
taskset -c 1 python -i 3digits.python "/home/olivier/jd2/updateError.log" 2>/dev/null </dev/null | grep .
Command exited with non-zero status 1
USER=0.00
SYS=0.00
REAL=0:00.00
MEMT=0
taskset -c 2 python -i 3digits.python "/home/olivier/jd2/updateError.log" 2>/dev/null </dev/null | grep .
Command exited with non-zero status 1
USER=0.00
SYS=0.00
REAL=0:00.00
MEMT=0
taskset -c 3 python -i 3digits.python "/home/olivier/jd2/updateError.log" 2>/dev/null </dev/null | grep .
Command exited with non-zero status 1
USER=0.00
SYS=0.00
REAL=0:00.00
MEMT=0
taskset -c 0 python -i 3digits.python "/home/olivier/jd2/updateError.log" 2>/dev/null </dev/null | grep .
Command exited with non-zero status 1
USER=0.00
SYS=0.00
REAL=0:00.01
MEMT=0
taskset -c 1 python -i 3digits.python "/home/olivier/jd2/updateError.log" 2>/dev/null </dev/null | grep .
Command exited with non-zero status 1
USER=0.00
SYS=0.00
REAL=0:00.00
MEMT=0
taskset -c 2 python -i 3digits.python "/home/olivier/jd2/updateError.log" 2>/dev/null </dev/null | grep .
Command exited with non-zero status 1
USER=0.00
SYS=0.00
REAL=0:00.01
MEMT=0
taskset -c 3 python -i 3digits.python "/home/olivier/jd2/updateError.log" 2>/dev/null </dev/null | grep .
Command exited with non-zero status 1
USER=0.00
SYS=0.01
REAL=0:00.01
MEMT=0
taskset -c 0 python -i 3digits.python "/home/olivier/jd2/updateError.log" 2>/dev/null </dev/null | grep .
Command exited with non-zero status 1
USER=0.00
SYS=0.00
REAL=0:00.00
MEMT=0
taskset -c 1 python -i 3digits.python "/home/olivier/jd2/updateError.log" 2>/dev/null </dev/null | grep .
Command exited with non-zero status 1
USER=0.00
SYS=0.00
REAL=0:00.00
MEMT=0
taskset -c 2 python -i 3digits.python "/home/olivier/jd2/updateError.log" 2>/dev/null </dev/null | grep .
Command exited with non-zero status 1
USER=0.00
SYS=0.00
REAL=0:00.01
MEMT=0
taskset -c 3 python -i 3digits.python "/home/olivier/jd2/updateError.log" 2>/dev/null </dev/null | grep .
Command exited with non-zero status 1
USER=0.00
SYS=0.00
REAL=0:00.00
MEMT=0
taskset -c 0 python -i 3digits.python "/home/olivier/jd2/updateError.log" 2>/dev/null </dev/null | grep .
Command exited with non-zero status 1
USER=0.01
SYS=0.00
REAL=0:00.01
MEMT=0
taskset -c 1 python -i 3digits.python "/home/olivier/jd2/updateError.log" 2>/dev/null </dev/null | grep .
Command exited with non-zero status 1
USER=0.00
SYS=0.00
REAL=0:00.00
MEMT=0
taskset -c 2 python -i 3digits.python "/home/olivier/jd2/updateError.log" 2>/dev/null </dev/null | grep .
Command exited with non-zero status 1
USER=0.01
SYS=0.00
REAL=0:00.00
MEMT=0
taskset -c 3 python -i 3digits.python "/home/olivier/jd2/updateError.log" 2>/dev/null </dev/null | grep .
Command exited with non-zero status 1
USER=0.00
SYS=0.00
REAL=0:00.00
MEMT=0
taskset -c 0 python -i 3digits.python "/home/olivier/jd2/updateError.log" 2>/dev/null </dev/null | grep .
Command exited with non-zero status 1
USER=0.00
SYS=0.00
REAL=0:00.00
MEMT=0
python : hachage de la sortie pour vérifier que les données en sortie sont les memes :
HASH=e3b0c44298fc1c149afbf4c8996fb92427ae41e4649b934ca495991b7852b855
python : nombre de lignes passées par la regexp :
NB_LIGNES=0
python : consommation mémoire :
BYTES_IN_USE_AT_EXIT=2,564
BYTES_TOTAL_HEAP_USAGE=3,108
