Compute result of CPU time consumed by different programming languages

Version de ruby :ruby 2.3.3p222 (2016-11-21) [x86_64-linux-gnu]
taskset -c 1 ruby 3digits.ruby "/home/olivier/jd2/updateError.log"
USER=0.03
SYS=0.00
REAL=0:00.04
MEMT=0
taskset -c 2 ruby 3digits.ruby "/home/olivier/jd2/updateError.log"
USER=0.03
SYS=0.00
REAL=0:00.03
MEMT=0
taskset -c 3 ruby 3digits.ruby "/home/olivier/jd2/updateError.log"
USER=0.03
SYS=0.00
REAL=0:00.03
MEMT=0
taskset -c 0 ruby 3digits.ruby "/home/olivier/jd2/updateError.log"
USER=0.03
SYS=0.00
REAL=0:00.03
MEMT=0
taskset -c 1 ruby 3digits.ruby "/home/olivier/jd2/updateError.log"
USER=0.03
SYS=0.00
REAL=0:00.03
MEMT=0
taskset -c 2 ruby 3digits.ruby "/home/olivier/jd2/updateError.log"
USER=0.03
SYS=0.00
REAL=0:00.03
MEMT=0
taskset -c 3 ruby 3digits.ruby "/home/olivier/jd2/updateError.log"
USER=0.03
SYS=0.00
REAL=0:00.03
MEMT=0
taskset -c 0 ruby 3digits.ruby "/home/olivier/jd2/updateError.log"
USER=0.03
SYS=0.00
REAL=0:00.03
MEMT=0
taskset -c 1 ruby 3digits.ruby "/home/olivier/jd2/updateError.log"
USER=0.03
SYS=0.00
REAL=0:00.03
MEMT=0
taskset -c 2 ruby 3digits.ruby "/home/olivier/jd2/updateError.log"
USER=0.03
SYS=0.00
REAL=0:00.03
MEMT=0
taskset -c 3 ruby 3digits.ruby "/home/olivier/jd2/updateError.log"
USER=0.03
SYS=0.00
REAL=0:00.03
MEMT=0
taskset -c 0 ruby 3digits.ruby "/home/olivier/jd2/updateError.log"
USER=0.02
SYS=0.00
REAL=0:00.03
MEMT=0
taskset -c 1 ruby 3digits.ruby "/home/olivier/jd2/updateError.log"
USER=0.03
SYS=0.00
REAL=0:00.03
MEMT=0
taskset -c 2 ruby 3digits.ruby "/home/olivier/jd2/updateError.log"
USER=0.03
SYS=0.00
REAL=0:00.03
MEMT=0
taskset -c 3 ruby 3digits.ruby "/home/olivier/jd2/updateError.log"
USER=0.03
SYS=0.00
REAL=0:00.03
MEMT=0
taskset -c 0 ruby 3digits.ruby "/home/olivier/jd2/updateError.log"
USER=0.03
SYS=0.00
REAL=0:00.03
MEMT=0
taskset -c 1 ruby 3digits.ruby "/home/olivier/jd2/updateError.log"
USER=0.03
SYS=0.00
REAL=0:00.03
MEMT=0
taskset -c 2 ruby 3digits.ruby "/home/olivier/jd2/updateError.log"
USER=0.03
SYS=0.00
REAL=0:00.03
MEMT=0
taskset -c 3 ruby 3digits.ruby "/home/olivier/jd2/updateError.log"
USER=0.02
SYS=0.00
REAL=0:00.03
MEMT=0
taskset -c 0 ruby 3digits.ruby "/home/olivier/jd2/updateError.log"
USER=0.03
SYS=0.00
REAL=0:00.03
MEMT=0
taskset -c 1 ruby 3digits.ruby "/home/olivier/jd2/updateError.log"
USER=0.03
SYS=0.00
REAL=0:00.03
MEMT=0
taskset -c 2 ruby 3digits.ruby "/home/olivier/jd2/updateError.log"
USER=0.04
SYS=0.00
REAL=0:00.04
MEMT=0
taskset -c 3 ruby 3digits.ruby "/home/olivier/jd2/updateError.log"
USER=0.02
SYS=0.00
REAL=0:00.03
MEMT=0
taskset -c 0 ruby 3digits.ruby "/home/olivier/jd2/updateError.log"
USER=0.03
SYS=0.00
REAL=0:00.04
MEMT=0
taskset -c 1 ruby 3digits.ruby "/home/olivier/jd2/updateError.log"
USER=0.03
SYS=0.00
REAL=0:00.04
MEMT=0
taskset -c 2 ruby 3digits.ruby "/home/olivier/jd2/updateError.log"
USER=0.03
SYS=0.00
REAL=0:00.04
MEMT=0
taskset -c 3 ruby 3digits.ruby "/home/olivier/jd2/updateError.log"
USER=0.03
SYS=0.00
REAL=0:00.03
MEMT=0
taskset -c 0 ruby 3digits.ruby "/home/olivier/jd2/updateError.log"
USER=0.03
SYS=0.00
REAL=0:00.03
MEMT=0
taskset -c 1 ruby 3digits.ruby "/home/olivier/jd2/updateError.log"
USER=0.02
SYS=0.01
REAL=0:00.04
MEMT=0
taskset -c 2 ruby 3digits.ruby "/home/olivier/jd2/updateError.log"
USER=0.03
SYS=0.00
REAL=0:00.03
MEMT=0
taskset -c 3 ruby 3digits.ruby "/home/olivier/jd2/updateError.log"
USER=0.03
SYS=0.00
REAL=0:00.03
MEMT=0
taskset -c 0 ruby 3digits.ruby "/home/olivier/jd2/updateError.log"
USER=0.02
SYS=0.00
REAL=0:00.03
MEMT=0
ruby : hachage de la sortie pour vérifier que les données en sortie sont les memes :
HASH=e3b0c44298fc1c149afbf4c8996fb92427ae41e4649b934ca495991b7852b855
ruby : nombre de lignes passées par la regexp :
NB_LIGNES=0
ruby : consommation mémoire :
BYTES_IN_USE_AT_EXIT=2,536
BYTES_TOTAL_HEAP_USAGE=3,064
