Compute result of CPU time consumed by different programming languages

Version de ruby :ruby 2.3.3p222 (2016-11-21 revision 9808) [i386-cygwin]
taskset -c 1 ruby ip.ruby
./exec.sh: ligne 1: taskset : commande introuvable
Command exited with non-zero status 127
USER=0.00
SYS=0.07
REAL=0:00.12
MEMT=0
taskset -c 2 ruby ip.ruby
./exec.sh: ligne 1: taskset : commande introuvable
Command exited with non-zero status 127
USER=0.00
SYS=0.07
REAL=0:00.12
MEMT=0
taskset -c 3 ruby ip.ruby
./exec.sh: ligne 1: taskset : commande introuvable
Command exited with non-zero status 127
USER=0.01
SYS=0.06
REAL=0:00.12
MEMT=0
taskset -c 0 ruby ip.ruby
./exec.sh: ligne 1: taskset : commande introuvable
Command exited with non-zero status 127
USER=0.00
SYS=0.03
REAL=0:00.11
MEMT=0
taskset -c 1 ruby ip.ruby
./exec.sh: ligne 1: taskset : commande introuvable
Command exited with non-zero status 127
USER=0.00
SYS=0.06
REAL=0:00.18
MEMT=0
taskset -c 2 ruby ip.ruby
./exec.sh: ligne 1: taskset : commande introuvable
Command exited with non-zero status 127
USER=0.00
SYS=0.06
REAL=0:00.11
MEMT=0
taskset -c 3 ruby ip.ruby
./exec.sh: ligne 1: taskset : commande introuvable
Command exited with non-zero status 127
USER=0.03
SYS=0.04
REAL=0:00.12
MEMT=0
taskset -c 0 ruby ip.ruby
./exec.sh: ligne 1: taskset : commande introuvable
Command exited with non-zero status 127
USER=0.01
SYS=0.06
REAL=0:00.11
MEMT=0
./ruby.sh: ligne 25: taskset : commande introuvable
ruby : hachage de la sortie pour vérifier que les données en sortie sont les mêmes :
HASH=e3b0c44298fc1c149afbf4c8996fb92427ae41e4649b934ca495991b7852b855
NB_LIGNES=0
bash_functions.sh: ligne 107: valgrind : commande introuvable
ruby : consommation mémoire :
BYTES_IN_USE_AT_EXIT=grep: grindout: No such file or directory
BYTES_TOTAL_HEAP_USAGE=grep: grindout: No such file or directory
