Compute result of CPU time consumed by different programming languages

Version de tclsh :8.6
taskset -c 1 tclsh ip.tclsh
./exec.sh: ligne 1: taskset : commande introuvable
Command exited with non-zero status 127
USER=0.03
SYS=0.03
REAL=0:00.13
MEMT=0
taskset -c 2 tclsh ip.tclsh
./exec.sh: ligne 1: taskset : commande introuvable
Command exited with non-zero status 127
USER=0.00
SYS=0.04
REAL=0:00.11
MEMT=0
taskset -c 3 tclsh ip.tclsh
./exec.sh: ligne 1: taskset : commande introuvable
Command exited with non-zero status 127
USER=0.00
SYS=0.03
REAL=0:00.12
MEMT=0
taskset -c 0 tclsh ip.tclsh
./exec.sh: ligne 1: taskset : commande introuvable
Command exited with non-zero status 127
USER=0.00
SYS=0.06
REAL=0:00.12
MEMT=0
taskset -c 1 tclsh ip.tclsh
./exec.sh: ligne 1: taskset : commande introuvable
Command exited with non-zero status 127
USER=0.03
SYS=0.04
REAL=0:00.12
MEMT=0
taskset -c 2 tclsh ip.tclsh
./exec.sh: ligne 1: taskset : commande introuvable
Command exited with non-zero status 127
USER=0.01
SYS=0.03
REAL=0:00.11
MEMT=0
taskset -c 3 tclsh ip.tclsh
./exec.sh: ligne 1: taskset : commande introuvable
Command exited with non-zero status 127
USER=0.01
SYS=0.06
REAL=0:00.12
MEMT=0
taskset -c 0 tclsh ip.tclsh
./exec.sh: ligne 1: taskset : commande introuvable
Command exited with non-zero status 127
USER=0.00
SYS=0.06
REAL=0:00.12
MEMT=0
./tcl.sh: ligne 25: taskset : commande introuvable
tclsh : hachage de la sortie pour vérifier que les données en sortie sont les mêmes :
HASH=e3b0c44298fc1c149afbf4c8996fb92427ae41e4649b934ca495991b7852b855
NB_LIGNES=0
bash_functions.sh: ligne 107: valgrind : commande introuvable
tclsh : consommation mémoire :
BYTES_IN_USE_AT_EXIT=grep: grindout: No such file or directory
BYTES_TOTAL_HEAP_USAGE=grep: grindout: No such file or directory
