Compute result of CPU time consumed by different programming languages

Version de bc :bc 1.06.95
COMMAND=bc 3digits.bc
File 3digits.bc is unavailable.
Command exited with non-zero status 1
USER=0.01
SYS=0.12
REAL=0:00.18
MEMT=0
COMMAND=bc 3digits.bc
File 3digits.bc is unavailable.
Command exited with non-zero status 1
USER=0.01
SYS=0.04
REAL=0:00.18
MEMT=0
COMMAND=bc 3digits.bc
File 3digits.bc is unavailable.
Command exited with non-zero status 1
USER=0.01
SYS=0.04
REAL=0:00.17
MEMT=0
COMMAND=bc 3digits.bc
File 3digits.bc is unavailable.
Command exited with non-zero status 1
USER=0.01
SYS=0.09
REAL=0:00.19
MEMT=0
COMMAND=bc 3digits.bc
File 3digits.bc is unavailable.
Command exited with non-zero status 1
USER=0.04
SYS=0.09
REAL=0:00.26
MEMT=0
COMMAND=bc 3digits.bc
File 3digits.bc is unavailable.
Command exited with non-zero status 1
USER=0.04
SYS=0.06
REAL=0:00.16
MEMT=0
COMMAND=bc 3digits.bc
File 3digits.bc is unavailable.
Command exited with non-zero status 1
USER=0.01
SYS=0.06
REAL=0:00.17
MEMT=0
COMMAND=bc 3digits.bc
File 3digits.bc is unavailable.
Command exited with non-zero status 1
USER=0.00
SYS=0.06
REAL=0:00.17
MEMT=0
File 3digits.bc is unavailable.
bc : hachage de la sortie pour vérifier que les données en sortie sont les mêmes :
HASH=e3b0c44298fc1c149afbf4c8996fb92427ae41e4649b934ca495991b7852b855
NB_LIGNES=0
