Compute result of CPU time consumed by different programming languages

Version de bc :bc 1.06.95
COMMAND=bc ip.bc
File ip.bc is unavailable.
Command exited with non-zero status 1
USER=0.01
SYS=0.06
REAL=0:00.14
MEMT=0
COMMAND=bc ip.bc
File ip.bc is unavailable.
Command exited with non-zero status 1
USER=0.00
SYS=0.03
REAL=0:00.13
MEMT=0
COMMAND=bc ip.bc
File ip.bc is unavailable.
Command exited with non-zero status 1
USER=0.00
SYS=0.04
REAL=0:00.12
MEMT=0
COMMAND=bc ip.bc
File ip.bc is unavailable.
Command exited with non-zero status 1
USER=0.01
SYS=0.04
REAL=0:00.13
MEMT=0
COMMAND=bc ip.bc
File ip.bc is unavailable.
Command exited with non-zero status 1
USER=0.01
SYS=0.06
REAL=0:00.13
MEMT=0
COMMAND=bc ip.bc
File ip.bc is unavailable.
Command exited with non-zero status 1
USER=0.00
SYS=0.07
REAL=0:00.13
MEMT=0
COMMAND=bc ip.bc
File ip.bc is unavailable.
Command exited with non-zero status 1
USER=0.03
SYS=0.01
REAL=0:00.12
MEMT=0
COMMAND=bc ip.bc
File ip.bc is unavailable.
Command exited with non-zero status 1
USER=0.00
SYS=0.04
REAL=0:00.13
MEMT=0
File ip.bc is unavailable.
bc : hachage de la sortie pour vérifier que les données en sortie sont les mêmes :
HASH=e3b0c44298fc1c149afbf4c8996fb92427ae41e4649b934ca495991b7852b855
NB_LIGNES=0
