Compute result of CPU time consumed by different programming languages

Version de egrep :grep (GNU grep) 3.0
COMMAND=egrep -f decimal_number.egrep ""/home/olivier/jd2/updateError.log""
grep: /home/olivier/jd2/updateError.log: No such file or directory
Command exited with non-zero status 2
USER=0.03
SYS=0.06
REAL=0:00.18
MEMT=0
COMMAND=egrep -f decimal_number.egrep ""/home/olivier/jd2/updateError.log""
grep: /home/olivier/jd2/updateError.log: No such file or directory
Command exited with non-zero status 2
USER=0.01
SYS=0.10
REAL=0:00.18
MEMT=0
COMMAND=egrep -f decimal_number.egrep ""/home/olivier/jd2/updateError.log""
grep: /home/olivier/jd2/updateError.log: No such file or directory
Command exited with non-zero status 2
USER=0.01
SYS=0.09
REAL=0:00.19
MEMT=0
COMMAND=egrep -f decimal_number.egrep ""/home/olivier/jd2/updateError.log""
grep: /home/olivier/jd2/updateError.log: No such file or directory
Command exited with non-zero status 2
USER=0.01
SYS=0.06
REAL=0:00.19
MEMT=0
COMMAND=egrep -f decimal_number.egrep ""/home/olivier/jd2/updateError.log""
grep: /home/olivier/jd2/updateError.log: No such file or directory
Command exited with non-zero status 2
USER=0.04
SYS=0.10
REAL=0:00.19
MEMT=0
COMMAND=egrep -f decimal_number.egrep ""/home/olivier/jd2/updateError.log""
grep: /home/olivier/jd2/updateError.log: No such file or directory
Command exited with non-zero status 2
USER=0.01
SYS=0.12
REAL=0:00.21
MEMT=0
COMMAND=egrep -f decimal_number.egrep ""/home/olivier/jd2/updateError.log""
grep: /home/olivier/jd2/updateError.log: No such file or directory
Command exited with non-zero status 2
USER=0.01
SYS=0.07
REAL=0:00.18
MEMT=0
COMMAND=egrep -f decimal_number.egrep ""/home/olivier/jd2/updateError.log""
grep: /home/olivier/jd2/updateError.log: No such file or directory
Command exited with non-zero status 2
USER=0.01
SYS=0.12
REAL=0:00.18
MEMT=0
grep: /home/olivier/jd2/updateError.log: No such file or directory
egrep : hachage de la sortie pour vérifier que les données en sortie sont les mêmes :
HASH=e3b0c44298fc1c149afbf4c8996fb92427ae41e4649b934ca495991b7852b855
NB_LIGNES=0
