Compute result of CPU time consumed by different programming languages

Version de egrep :grep (GNU grep) 3.0
COMMAND=egrep -f ip.egrep ""/var/log/setup.log""
Command exited with non-zero status 1
USER=0.03
SYS=0.12
REAL=0:00.28
MEMT=0
COMMAND=egrep -f ip.egrep ""/var/log/setup.log""
Command exited with non-zero status 1
USER=0.03
SYS=0.10
REAL=0:00.20
MEMT=0
COMMAND=egrep -f ip.egrep ""/var/log/setup.log""
Command exited with non-zero status 1
USER=0.03
SYS=0.09
REAL=0:00.22
MEMT=0
COMMAND=egrep -f ip.egrep ""/var/log/setup.log""
Command exited with non-zero status 1
USER=0.00
SYS=0.12
REAL=0:00.27
MEMT=0
COMMAND=egrep -f ip.egrep ""/var/log/setup.log""
Command exited with non-zero status 1
USER=0.04
SYS=0.09
REAL=0:00.33
MEMT=0
COMMAND=egrep -f ip.egrep ""/var/log/setup.log""
Command exited with non-zero status 1
USER=0.09
SYS=0.06
REAL=0:00.32
MEMT=0
COMMAND=egrep -f ip.egrep ""/var/log/setup.log""
Command exited with non-zero status 1
USER=0.04
SYS=0.10
REAL=0:00.33
MEMT=0
COMMAND=egrep -f ip.egrep ""/var/log/setup.log""
Command exited with non-zero status 1
USER=0.03
SYS=0.12
REAL=0:00.28
MEMT=0
egrep : hachage de la sortie pour vérifier que les données en sortie sont les mêmes :
HASH=e3b0c44298fc1c149afbf4c8996fb92427ae41e4649b934ca495991b7852b855
NB_LIGNES=0
