Compute result of CPU time consumed by different programming languages

Version de gawk :GNU Awk 4.2.0
COMMAND=echo "" | gawk -M -f ip.gawk "/var/log/setup.log"
USER=0.03
SYS=0.07
REAL=0:00.23
MEMT=0
COMMAND=echo "" | gawk -M -f ip.gawk "/var/log/setup.log"
USER=0.01
SYS=0.09
REAL=0:00.24
MEMT=0
COMMAND=echo "" | gawk -M -f ip.gawk "/var/log/setup.log"
USER=0.01
SYS=0.12
REAL=0:00.21
MEMT=0
COMMAND=echo "" | gawk -M -f ip.gawk "/var/log/setup.log"
USER=0.01
SYS=0.10
REAL=0:00.24
MEMT=0
COMMAND=echo "" | gawk -M -f ip.gawk "/var/log/setup.log"
USER=0.01
SYS=0.12
REAL=0:00.33
MEMT=0
COMMAND=echo "" | gawk -M -f ip.gawk "/var/log/setup.log"
USER=0.01
SYS=0.07
REAL=0:00.33
MEMT=0
COMMAND=echo "" | gawk -M -f ip.gawk "/var/log/setup.log"
USER=0.01
SYS=0.12
REAL=0:00.23
MEMT=0
COMMAND=echo "" | gawk -M -f ip.gawk "/var/log/setup.log"
USER=0.03
SYS=0.09
REAL=0:00.17
MEMT=0
gawk : hachage de la sortie pour vérifier que les données en sortie sont les mêmes :
HASH=2923de1e19e6074f2a2e2672d40cf71bd79ace43c441bda0ada87dba2cf57038
NB_LIGNES=3
