Compute result of CPU time consumed by different programming languages

Version de python :Python 2.7.14
COMMAND=echo "" | python decimal_number.python "/home/olivier/jd2/updateError.log"
USER=0.04
SYS=0.18
REAL=0:00.26
MEMT=0
COMMAND=echo "" | python decimal_number.python "/home/olivier/jd2/updateError.log"
USER=0.09
SYS=0.13
REAL=0:00.26
MEMT=0
COMMAND=echo "" | python decimal_number.python "/home/olivier/jd2/updateError.log"
USER=0.06
SYS=0.15
REAL=0:00.25
MEMT=0
COMMAND=echo "" | python decimal_number.python "/home/olivier/jd2/updateError.log"
USER=0.06
SYS=0.12
REAL=0:00.27
MEMT=0
COMMAND=echo "" | python decimal_number.python "/home/olivier/jd2/updateError.log"
USER=0.03
SYS=0.16
REAL=0:00.25
MEMT=0
COMMAND=echo "" | python decimal_number.python "/home/olivier/jd2/updateError.log"
USER=0.06
SYS=0.15
REAL=0:00.25
MEMT=0
COMMAND=echo "" | python decimal_number.python "/home/olivier/jd2/updateError.log"
USER=0.01
SYS=0.18
REAL=0:00.26
MEMT=0
COMMAND=echo "" | python decimal_number.python "/home/olivier/jd2/updateError.log"
USER=0.00
SYS=0.16
REAL=0:00.28
MEMT=0
python : hachage de la sortie pour vérifier que les données en sortie sont les mêmes :
HASH=e3b0c44298fc1c149afbf4c8996fb92427ae41e4649b934ca495991b7852b855
NB_LIGNES=0
