Compute result of CPU time consumed by different programming languages

Version de ruby :ruby 2.3.3p222 (2016-11-21 revision 9808) [i386-cygwin]
COMMAND=ruby decimal_number.ruby "/home/olivier/jd2/updateError.log"
decimal_number.ruby:2:in `foreach': No such file or directory @ rb_sysopen - /home/olivier/jd2/updateError.log (Errno::ENOENT)
	from decimal_number.ruby:2:in `<main>'
Command exited with non-zero status 1
USER=0.09
SYS=0.40
REAL=0:00.60
MEMT=0
COMMAND=ruby decimal_number.ruby "/home/olivier/jd2/updateError.log"
decimal_number.ruby:2:in `foreach': No such file or directory @ rb_sysopen - /home/olivier/jd2/updateError.log (Errno::ENOENT)
	from decimal_number.ruby:2:in `<main>'
Command exited with non-zero status 1
USER=0.10
SYS=0.41
REAL=0:00.62
MEMT=0
COMMAND=ruby decimal_number.ruby "/home/olivier/jd2/updateError.log"
decimal_number.ruby:2:in `foreach': No such file or directory @ rb_sysopen - /home/olivier/jd2/updateError.log (Errno::ENOENT)
	from decimal_number.ruby:2:in `<main>'
Command exited with non-zero status 1
USER=0.09
SYS=0.48
REAL=0:00.77
MEMT=0
COMMAND=ruby decimal_number.ruby "/home/olivier/jd2/updateError.log"
decimal_number.ruby:2:in `foreach': No such file or directory @ rb_sysopen - /home/olivier/jd2/updateError.log (Errno::ENOENT)
	from decimal_number.ruby:2:in `<main>'
Command exited with non-zero status 1
USER=0.10
SYS=0.38
REAL=0:00.58
MEMT=0
COMMAND=ruby decimal_number.ruby "/home/olivier/jd2/updateError.log"
decimal_number.ruby:2:in `foreach': No such file or directory @ rb_sysopen - /home/olivier/jd2/updateError.log (Errno::ENOENT)
	from decimal_number.ruby:2:in `<main>'
Command exited with non-zero status 1
USER=0.14
SYS=0.49
REAL=0:00.96
MEMT=0
COMMAND=ruby decimal_number.ruby "/home/olivier/jd2/updateError.log"
decimal_number.ruby:2:in `foreach': No such file or directory @ rb_sysopen - /home/olivier/jd2/updateError.log (Errno::ENOENT)
	from decimal_number.ruby:2:in `<main>'
Command exited with non-zero status 1
USER=0.07
SYS=0.43
REAL=0:00.57
MEMT=0
COMMAND=ruby decimal_number.ruby "/home/olivier/jd2/updateError.log"
decimal_number.ruby:2:in `foreach': No such file or directory @ rb_sysopen - /home/olivier/jd2/updateError.log (Errno::ENOENT)
	from decimal_number.ruby:2:in `<main>'
Command exited with non-zero status 1
USER=0.10
SYS=0.38
REAL=0:00.56
MEMT=0
COMMAND=ruby decimal_number.ruby "/home/olivier/jd2/updateError.log"
decimal_number.ruby:2:in `foreach': No such file or directory @ rb_sysopen - /home/olivier/jd2/updateError.log (Errno::ENOENT)
	from decimal_number.ruby:2:in `<main>'
Command exited with non-zero status 1
USER=0.10
SYS=0.46
REAL=0:00.73
MEMT=0
decimal_number.ruby:2:in `foreach': No such file or directory @ rb_sysopen - /home/olivier/jd2/updateError.log (Errno::ENOENT)
	from decimal_number.ruby:2:in `<main>'
ruby : hachage de la sortie pour vérifier que les données en sortie sont les mêmes :
HASH=e3b0c44298fc1c149afbf4c8996fb92427ae41e4649b934ca495991b7852b855
NB_LIGNES=0
