Compute result of CPU time consumed by different programming languages

Version de ruby :ruby 2.3.3p222 (2016-11-21 revision 9808) [i386-cygwin]
COMMAND=ruby ip.ruby "/var/log/setup.log"
USER=0.12
SYS=0.38
REAL=0:00.65
MEMT=0
COMMAND=ruby ip.ruby "/var/log/setup.log"
USER=0.18
SYS=0.38
REAL=0:00.64
MEMT=0
COMMAND=ruby ip.ruby "/var/log/setup.log"
USER=0.17
SYS=0.38
REAL=0:00.69
MEMT=0
COMMAND=ruby ip.ruby "/var/log/setup.log"
USER=0.13
SYS=0.42
REAL=0:00.66
MEMT=0
COMMAND=ruby ip.ruby "/var/log/setup.log"
USER=0.20
SYS=0.35
REAL=0:00.66
MEMT=0
COMMAND=ruby ip.ruby "/var/log/setup.log"
USER=0.15
SYS=0.35
REAL=0:00.66
MEMT=0
COMMAND=ruby ip.ruby "/var/log/setup.log"
USER=0.17
SYS=0.37
REAL=0:00.63
MEMT=0
COMMAND=ruby ip.ruby "/var/log/setup.log"
USER=0.17
SYS=0.37
REAL=0:00.66
MEMT=0
ruby : hachage de la sortie pour vérifier que les données en sortie sont les mêmes :
HASH=2923de1e19e6074f2a2e2672d40cf71bd79ace43c441bda0ada87dba2cf57038
NB_LIGNES=3
