Compute result of CPU time consumed by different programming languages

Version de sed :sed (GNU sed) 4.4
COMMAND=sed -f decimal_number.sed ""/home/olivier/jd2/updateError.log""
sed: fichier decimal_number.sed ligne 3: caractères inutiles après la commande
Command exited with non-zero status 1
USER=0.00
SYS=0.07
REAL=0:00.16
MEMT=0
COMMAND=sed -f decimal_number.sed ""/home/olivier/jd2/updateError.log""
sed: fichier decimal_number.sed ligne 3: caractères inutiles après la commande
Command exited with non-zero status 1
USER=0.03
SYS=0.07
REAL=0:00.15
MEMT=0
COMMAND=sed -f decimal_number.sed ""/home/olivier/jd2/updateError.log""
sed: fichier decimal_number.sed ligne 3: caractères inutiles après la commande
Command exited with non-zero status 1
USER=0.03
SYS=0.04
REAL=0:00.15
MEMT=0
COMMAND=sed -f decimal_number.sed ""/home/olivier/jd2/updateError.log""
sed: fichier decimal_number.sed ligne 3: caractères inutiles après la commande
Command exited with non-zero status 1
USER=0.00
SYS=0.07
REAL=0:00.15
MEMT=0
COMMAND=sed -f decimal_number.sed ""/home/olivier/jd2/updateError.log""
sed: fichier decimal_number.sed ligne 3: caractères inutiles après la commande
Command exited with non-zero status 1
USER=0.00
SYS=0.09
REAL=0:00.14
MEMT=0
COMMAND=sed -f decimal_number.sed ""/home/olivier/jd2/updateError.log""
sed: fichier decimal_number.sed ligne 3: caractères inutiles après la commande
Command exited with non-zero status 1
USER=0.04
SYS=0.07
REAL=0:00.15
MEMT=0
COMMAND=sed -f decimal_number.sed ""/home/olivier/jd2/updateError.log""
sed: fichier decimal_number.sed ligne 3: caractères inutiles après la commande
Command exited with non-zero status 1
USER=0.03
SYS=0.04
REAL=0:00.14
MEMT=0
COMMAND=sed -f decimal_number.sed ""/home/olivier/jd2/updateError.log""
sed: fichier decimal_number.sed ligne 3: caractères inutiles après la commande
Command exited with non-zero status 1
USER=0.01
SYS=0.06
REAL=0:00.14
MEMT=0
sed: fichier decimal_number.sed ligne 3: caractères inutiles après la commande
sed : hachage de la sortie pour vérifier que les données en sortie sont les mêmes :
HASH=e3b0c44298fc1c149afbf4c8996fb92427ae41e4649b934ca495991b7852b855
NB_LIGNES=0
