Compute result of CPU time consumed by different programming languages

Version de sed :sed (GNU sed) 4.4
COMMAND=sed -f ip.sed ""/var/log/setup.log""
USER=0.10
SYS=0.09
REAL=0:00.21
MEMT=0
COMMAND=sed -f ip.sed ""/var/log/setup.log""
USER=0.07
SYS=0.07
REAL=0:00.20
MEMT=0
COMMAND=sed -f ip.sed ""/var/log/setup.log""
USER=0.07
SYS=0.06
REAL=0:00.22
MEMT=0
COMMAND=sed -f ip.sed ""/var/log/setup.log""
USER=0.12
SYS=0.06
REAL=0:00.26
MEMT=0
COMMAND=sed -f ip.sed ""/var/log/setup.log""
USER=0.10
SYS=0.07
REAL=0:00.27
MEMT=0
COMMAND=sed -f ip.sed ""/var/log/setup.log""
USER=0.07
SYS=0.07
REAL=0:00.23
MEMT=0
COMMAND=sed -f ip.sed ""/var/log/setup.log""
USER=0.10
SYS=0.06
REAL=0:00.20
MEMT=0
COMMAND=sed -f ip.sed ""/var/log/setup.log""
USER=0.09
SYS=0.06
REAL=0:00.21
MEMT=0
sed : hachage de la sortie pour vérifier que les données en sortie sont les mêmes :
HASH=70157f7670d9c2af1bb3c47ab554d98b1f74f1cdb53f763a66665ea43ebac162
NB_LIGNES=7795
