Compute result of CPU time consumed by different programming languages

Version de tclsh :8.6
COMMAND=tclsh 3digits.tclsh "/home/olivier/jd2/updateError.log"
couldn't read file "3digits.tclsh": no such file or directory
Command exited with non-zero status 1
USER=0.03
SYS=0.09
REAL=0:00.17
MEMT=0
COMMAND=tclsh 3digits.tclsh "/home/olivier/jd2/updateError.log"
couldn't read file "3digits.tclsh": no such file or directory
Command exited with non-zero status 1
USER=0.03
SYS=0.09
REAL=0:00.16
MEMT=0
COMMAND=tclsh 3digits.tclsh "/home/olivier/jd2/updateError.log"
couldn't read file "3digits.tclsh": no such file or directory
Command exited with non-zero status 1
USER=0.00
SYS=0.12
REAL=0:00.15
MEMT=0
COMMAND=tclsh 3digits.tclsh "/home/olivier/jd2/updateError.log"
couldn't read file "3digits.tclsh": no such file or directory
Command exited with non-zero status 1
USER=0.00
SYS=0.06
REAL=0:00.15
MEMT=0
COMMAND=tclsh 3digits.tclsh "/home/olivier/jd2/updateError.log"
couldn't read file "3digits.tclsh": no such file or directory
Command exited with non-zero status 1
USER=0.01
SYS=0.07
REAL=0:00.16
MEMT=0
COMMAND=tclsh 3digits.tclsh "/home/olivier/jd2/updateError.log"
couldn't read file "3digits.tclsh": no such file or directory
Command exited with non-zero status 1
USER=0.00
SYS=0.09
REAL=0:00.17
MEMT=0
COMMAND=tclsh 3digits.tclsh "/home/olivier/jd2/updateError.log"
couldn't read file "3digits.tclsh": no such file or directory
Command exited with non-zero status 1
USER=0.00
SYS=0.10
REAL=0:00.21
MEMT=0
COMMAND=tclsh 3digits.tclsh "/home/olivier/jd2/updateError.log"
couldn't read file "3digits.tclsh": no such file or directory
Command exited with non-zero status 1
USER=0.01
SYS=0.10
REAL=0:00.17
MEMT=0
couldn't read file "3digits.tclsh": no such file or directory
tclsh : hachage de la sortie pour vérifier que les données en sortie sont les mêmes :
HASH=e3b0c44298fc1c149afbf4c8996fb92427ae41e4649b934ca495991b7852b855
NB_LIGNES=0
