Compute result of CPU time consumed by different programming languages

Version de tclsh :8.6
COMMAND=tclsh decimal_number.tclsh "/home/olivier/jd2/updateError.log"
couldn't open "/home/olivier/jd2/updateError.log": no such file or directory
    while executing
"open "$1" r"
    invoked from within
"set fp [open "$1" r]"
    (file "decimal_number.tclsh" line 2)
Command exited with non-zero status 1
USER=0.03
SYS=0.09
REAL=0:00.18
MEMT=0
COMMAND=tclsh decimal_number.tclsh "/home/olivier/jd2/updateError.log"
couldn't open "/home/olivier/jd2/updateError.log": no such file or directory
    while executing
"open "$1" r"
    invoked from within
"set fp [open "$1" r]"
    (file "decimal_number.tclsh" line 2)
Command exited with non-zero status 1
USER=0.00
SYS=0.12
REAL=0:00.17
MEMT=0
COMMAND=tclsh decimal_number.tclsh "/home/olivier/jd2/updateError.log"
couldn't open "/home/olivier/jd2/updateError.log": no such file or directory
    while executing
"open "$1" r"
    invoked from within
"set fp [open "$1" r]"
    (file "decimal_number.tclsh" line 2)
Command exited with non-zero status 1
USER=0.01
SYS=0.07
REAL=0:00.21
MEMT=0
COMMAND=tclsh decimal_number.tclsh "/home/olivier/jd2/updateError.log"
couldn't open "/home/olivier/jd2/updateError.log": no such file or directory
    while executing
"open "$1" r"
    invoked from within
"set fp [open "$1" r]"
    (file "decimal_number.tclsh" line 2)
Command exited with non-zero status 1
USER=0.00
SYS=0.06
REAL=0:00.38
MEMT=0
COMMAND=tclsh decimal_number.tclsh "/home/olivier/jd2/updateError.log"
couldn't open "/home/olivier/jd2/updateError.log": no such file or directory
    while executing
"open "$1" r"
    invoked from within
"set fp [open "$1" r]"
    (file "decimal_number.tclsh" line 2)
Command exited with non-zero status 1
USER=0.03
SYS=0.10
REAL=0:00.36
MEMT=0
COMMAND=tclsh decimal_number.tclsh "/home/olivier/jd2/updateError.log"
couldn't open "/home/olivier/jd2/updateError.log": no such file or directory
    while executing
"open "$1" r"
    invoked from within
"set fp [open "$1" r]"
    (file "decimal_number.tclsh" line 2)
Command exited with non-zero status 1
USER=0.03
SYS=0.15
REAL=0:00.40
MEMT=0
COMMAND=tclsh decimal_number.tclsh "/home/olivier/jd2/updateError.log"
couldn't open "/home/olivier/jd2/updateError.log": no such file or directory
    while executing
"open "$1" r"
    invoked from within
"set fp [open "$1" r]"
    (file "decimal_number.tclsh" line 2)
Command exited with non-zero status 1
USER=0.01
SYS=0.12
REAL=0:00.27
MEMT=0
COMMAND=tclsh decimal_number.tclsh "/home/olivier/jd2/updateError.log"
couldn't open "/home/olivier/jd2/updateError.log": no such file or directory
    while executing
"open "$1" r"
    invoked from within
"set fp [open "$1" r]"
    (file "decimal_number.tclsh" line 2)
Command exited with non-zero status 1
USER=0.04
SYS=0.10
REAL=0:00.23
MEMT=0
couldn't open "/home/olivier/jd2/updateError.log": no such file or directory
    while executing
"open "$1" r"
    invoked from within
"set fp [open "$1" r]"
    (file "decimal_number.tclsh" line 2)
tclsh : hachage de la sortie pour vérifier que les données en sortie sont les mêmes :
HASH=e3b0c44298fc1c149afbf4c8996fb92427ae41e4649b934ca495991b7852b855
NB_LIGNES=0
