Compute result of CPU time consumed by different programming languages

Version de tclsh :8.6
COMMAND=tclsh ip.tclsh "/var/log/setup.log"
USER=0.10
SYS=0.07
REAL=0:00.27
MEMT=0
COMMAND=tclsh ip.tclsh "/var/log/setup.log"
USER=0.15
SYS=0.07
REAL=0:00.28
MEMT=0
COMMAND=tclsh ip.tclsh "/var/log/setup.log"
USER=0.15
SYS=0.06
REAL=0:00.30
MEMT=0
COMMAND=tclsh ip.tclsh "/var/log/setup.log"
USER=0.17
SYS=0.10
REAL=0:00.32
MEMT=0
COMMAND=tclsh ip.tclsh "/var/log/setup.log"
USER=0.17
SYS=0.06
REAL=0:00.33
MEMT=0
COMMAND=tclsh ip.tclsh "/var/log/setup.log"
USER=0.10
SYS=0.13
REAL=0:00.27
MEMT=0
COMMAND=tclsh ip.tclsh "/var/log/setup.log"
USER=0.13
SYS=0.12
REAL=0:00.28
MEMT=0
COMMAND=tclsh ip.tclsh "/var/log/setup.log"
USER=0.10
SYS=0.04
REAL=0:00.28
MEMT=0
tclsh : hachage de la sortie pour vérifier que les données en sortie sont les mêmes :
HASH=4a14a2a7946e6e271a838740440b9125b31a90b44784a59814e9be27ac735cdc
NB_LIGNES=4
