Compute result of CPU time consumed by different programming languages

Version de gnuplot :5.2
COMMAND=gnuplot modular_exp.gnuplot
6
USER=0.03
SYS=0.10
REAL=0:00.21
MEMT=0
COMMAND=gnuplot modular_exp.gnuplot
6
USER=0.01
SYS=0.12
REAL=0:00.14
MEMT=0
COMMAND=gnuplot modular_exp.gnuplot
6
USER=0.03
SYS=0.06
REAL=0:00.19
MEMT=0
COMMAND=gnuplot modular_exp.gnuplot
6
USER=0.01
SYS=0.09
REAL=0:00.18
MEMT=0
COMMAND=gnuplot modular_exp.gnuplot
6
USER=0.04
SYS=0.06
REAL=0:00.18
MEMT=0
COMMAND=gnuplot modular_exp.gnuplot
6
USER=0.00
SYS=0.07
REAL=0:00.19
MEMT=0
COMMAND=gnuplot modular_exp.gnuplot
6
USER=0.00
SYS=0.15
REAL=0:00.25
MEMT=0
COMMAND=gnuplot modular_exp.gnuplot
6
USER=0.03
SYS=0.06
REAL=0:00.18
MEMT=0
COMMAND=gnuplot modular_exp.gnuplot
6
USER=0.01
SYS=0.09
REAL=0:00.18
MEMT=0
COMMAND=gnuplot modular_exp.gnuplot
6
USER=0.00
SYS=0.10
REAL=0:00.17
MEMT=0
COMMAND=gnuplot modular_exp.gnuplot
6
USER=0.00
SYS=0.10
REAL=0:00.19
MEMT=0
COMMAND=gnuplot modular_exp.gnuplot
6
USER=0.01
SYS=0.10
REAL=0:00.19
MEMT=0
COMMAND=gnuplot modular_exp.gnuplot
6
USER=0.00
SYS=0.07
REAL=0:00.20
MEMT=0
COMMAND=gnuplot modular_exp.gnuplot
6
USER=0.03
SYS=0.07
REAL=0:00.19
MEMT=0
COMMAND=gnuplot modular_exp.gnuplot
6
USER=0.00
SYS=0.07
REAL=0:00.20
MEMT=0
COMMAND=gnuplot modular_exp.gnuplot
6
USER=0.01
SYS=0.06
REAL=0:00.20
MEMT=0
6
gnuplot : hachage de la sortie pour vérifier que les données en sortie sont les mêmes :
HASH=e3b0c44298fc1c149afbf4c8996fb92427ae41e4649b934ca495991b7852b855
NB_LIGNES=0
