Compute result of CPU time consumed by different programming languages

Version de kotlin :Kotlin version 1.2.10 (JRE 1.8.0_161-b12)
COMMAND=kotlin Modular_expKt
USER=0.06
SYS=0.44
REAL=0:01.76
MEMT=0
COMMAND=kotlin Modular_expKt
USER=0.07
SYS=0.27
REAL=0:01.14
MEMT=0
COMMAND=kotlin Modular_expKt
USER=0.07
SYS=0.30
REAL=0:01.05
MEMT=0
COMMAND=kotlin Modular_expKt
USER=0.07
SYS=0.38
REAL=0:01.27
MEMT=0
COMMAND=kotlin Modular_expKt
USER=0.03
SYS=0.36
REAL=0:00.97
MEMT=0
COMMAND=kotlin Modular_expKt
USER=0.10
SYS=0.35
REAL=0:01.14
MEMT=0
COMMAND=kotlin Modular_expKt
USER=0.13
SYS=0.32
REAL=0:01.12
MEMT=0
COMMAND=kotlin Modular_expKt
USER=0.06
SYS=0.33
REAL=0:01.06
MEMT=0
COMMAND=kotlin Modular_expKt
USER=0.07
SYS=0.36
REAL=0:00.98
MEMT=0
COMMAND=kotlin Modular_expKt
USER=0.12
SYS=0.36
REAL=0:00.97
MEMT=0
COMMAND=kotlin Modular_expKt
USER=0.04
SYS=0.38
REAL=0:00.98
MEMT=0
COMMAND=kotlin Modular_expKt
USER=0.10
SYS=0.38
REAL=0:01.03
MEMT=0
COMMAND=kotlin Modular_expKt
USER=0.04
SYS=0.39
REAL=0:01.02
MEMT=0
COMMAND=kotlin Modular_expKt
USER=0.03
SYS=0.35
REAL=0:01.09
MEMT=0
COMMAND=kotlin Modular_expKt
USER=0.06
SYS=0.33
REAL=0:00.93
MEMT=0
COMMAND=kotlin Modular_expKt
USER=0.07
SYS=0.39
REAL=0:01.04
MEMT=0
kotlin : hachage de la sortie pour vérifier que les données en sortie sont les mêmes :
HASH=5fafe3be302f52cb2529ef826ecc9c067ac0a2ed4802390cc27fa5226dfe3927
NB_LIGNES=1
