Compute result of CPU time consumed by different programming languages

Version de  :6.4.0
COMMAND=./modular_exp.o
USER=0.01
SYS=0.04
REAL=0:00.22
MEMT=0
COMMAND=./modular_exp.o
USER=0.06
SYS=0.04
REAL=0:00.13
MEMT=0
COMMAND=./modular_exp.o
USER=0.03
SYS=0.04
REAL=0:00.15
MEMT=0
COMMAND=./modular_exp.o
USER=0.03
SYS=0.07
REAL=0:00.15
MEMT=0
COMMAND=./modular_exp.o
USER=0.03
SYS=0.09
REAL=0:00.15
MEMT=0
COMMAND=./modular_exp.o
USER=0.00
SYS=0.12
REAL=0:00.13
MEMT=0
COMMAND=./modular_exp.o
USER=0.01
SYS=0.06
REAL=0:00.15
MEMT=0
COMMAND=./modular_exp.o
USER=0.01
SYS=0.06
REAL=0:00.16
MEMT=0
COMMAND=./modular_exp.o
USER=0.01
SYS=0.06
REAL=0:00.15
MEMT=0
COMMAND=./modular_exp.o
USER=0.01
SYS=0.09
REAL=0:00.24
MEMT=0
COMMAND=./modular_exp.o
USER=0.01
SYS=0.07
REAL=0:00.15
MEMT=0
COMMAND=./modular_exp.o
USER=0.04
SYS=0.04
REAL=0:00.17
MEMT=0
COMMAND=./modular_exp.o
USER=0.01
SYS=0.07
REAL=0:00.14
MEMT=0
COMMAND=./modular_exp.o
USER=0.04
SYS=0.06
REAL=0:00.19
MEMT=0
COMMAND=./modular_exp.o
USER=0.00
SYS=0.06
REAL=0:00.14
MEMT=0
COMMAND=./modular_exp.o
USER=0.01
SYS=0.06
REAL=0:00.32
MEMT=0
c compiled : hachage de la sortie pour vérifier que les données en sortie sont les mêmes :
HASH=5fafe3be302f52cb2529ef826ecc9c067ac0a2ed4802390cc27fa5226dfe3927
NB_LIGNES=1
