Compute result of CPU time consumed by different programming languages

Version de ocaml :4.04.2
COMMAND=echo "" | ocaml modular_exp.ocaml
USER=0.09
SYS=0.12
REAL=0:00.56
MEMT=0
COMMAND=echo "" | ocaml modular_exp.ocaml
USER=0.06
SYS=0.09
REAL=0:00.27
MEMT=0
COMMAND=echo "" | ocaml modular_exp.ocaml
USER=0.06
SYS=0.09
REAL=0:00.29
MEMT=0
COMMAND=echo "" | ocaml modular_exp.ocaml
USER=0.07
SYS=0.10
REAL=0:00.26
MEMT=0
COMMAND=echo "" | ocaml modular_exp.ocaml
USER=0.06
SYS=0.12
REAL=0:00.29
MEMT=0
COMMAND=echo "" | ocaml modular_exp.ocaml
USER=0.04
SYS=0.10
REAL=0:00.25
MEMT=0
COMMAND=echo "" | ocaml modular_exp.ocaml
USER=0.03
SYS=0.13
REAL=0:00.27
MEMT=0
COMMAND=echo "" | ocaml modular_exp.ocaml
USER=0.04
SYS=0.13
REAL=0:00.27
MEMT=0
COMMAND=echo "" | ocaml modular_exp.ocaml
USER=0.04
SYS=0.09
REAL=0:00.27
MEMT=0
COMMAND=echo "" | ocaml modular_exp.ocaml
USER=0.04
SYS=0.10
REAL=0:00.26
MEMT=0
COMMAND=echo "" | ocaml modular_exp.ocaml
USER=0.01
SYS=0.16
REAL=0:00.28
MEMT=0
COMMAND=echo "" | ocaml modular_exp.ocaml
USER=0.07
SYS=0.09
REAL=0:00.23
MEMT=0
COMMAND=echo "" | ocaml modular_exp.ocaml
USER=0.06
SYS=0.12
REAL=0:00.25
MEMT=0
COMMAND=echo "" | ocaml modular_exp.ocaml
USER=0.06
SYS=0.12
REAL=0:00.24
MEMT=0
COMMAND=echo "" | ocaml modular_exp.ocaml
USER=0.07
SYS=0.09
REAL=0:00.24
MEMT=0
COMMAND=echo "" | ocaml modular_exp.ocaml
USER=0.07
SYS=0.07
REAL=0:00.24
MEMT=0
ocaml : hachage de la sortie pour vérifier que les données en sortie sont les mêmes :
HASH=5fafe3be302f52cb2529ef826ecc9c067ac0a2ed4802390cc27fa5226dfe3927
NB_LIGNES=1
