Compute result of CPU time consumed by different programming languages

Version de perl :This is perl 5, version 26, subversion 1 (v5.26.1) built for i686-cygwin-threads-64int-multi
COMMAND=perl modular_exp.perl
USER=9.26
SYS=0.07
REAL=0:09.58
MEMT=0
COMMAND=perl modular_exp.perl
USER=9.18
SYS=0.10
REAL=0:09.37
MEMT=0
COMMAND=perl modular_exp.perl
USER=9.76
SYS=0.13
REAL=0:10.07
MEMT=0
COMMAND=perl modular_exp.perl
USER=10.01
SYS=0.10
REAL=0:10.28
MEMT=0
COMMAND=perl modular_exp.perl
USER=9.63
SYS=0.12
REAL=0:10.03
MEMT=0
COMMAND=perl modular_exp.perl
USER=9.73
SYS=0.09
REAL=0:10.04
MEMT=0
COMMAND=perl modular_exp.perl
USER=9.95
SYS=0.10
REAL=0:10.30
MEMT=0
COMMAND=perl modular_exp.perl
USER=9.81
SYS=0.12
REAL=0:10.11
MEMT=0
COMMAND=perl modular_exp.perl
USER=9.84
SYS=0.14
REAL=0:10.24
MEMT=0
COMMAND=perl modular_exp.perl
USER=9.57
SYS=0.15
REAL=0:09.75
MEMT=0
COMMAND=perl modular_exp.perl
USER=9.39
SYS=0.15
REAL=0:09.63
MEMT=0
COMMAND=perl modular_exp.perl
USER=9.60
SYS=0.17
REAL=0:09.95
MEMT=0
COMMAND=perl modular_exp.perl
USER=9.45
SYS=0.13
REAL=0:09.67
MEMT=0
COMMAND=perl modular_exp.perl
USER=9.59
SYS=0.09
REAL=0:09.75
MEMT=0
COMMAND=perl modular_exp.perl
USER=9.76
SYS=0.09
REAL=0:09.93
MEMT=0
COMMAND=perl modular_exp.perl
USER=9.84
SYS=0.15
REAL=0:10.19
MEMT=0
perl : hachage de la sortie pour vérifier que les données en sortie sont les mêmes :
HASH=5fafe3be302f52cb2529ef826ecc9c067ac0a2ed4802390cc27fa5226dfe3927
NB_LIGNES=1
