Compute result of CPU time consumed by different programming languages

Version de python :Python 2.7.14
COMMAND=echo "" | python modular_exp.python
USER=0.12
SYS=0.13
REAL=0:00.37
MEMT=0
COMMAND=echo "" | python modular_exp.python
USER=0.15
SYS=0.12
REAL=0:00.35
MEMT=0
COMMAND=echo "" | python modular_exp.python
USER=0.14
SYS=0.16
REAL=0:00.37
MEMT=0
COMMAND=echo "" | python modular_exp.python
USER=0.12
SYS=0.17
REAL=0:00.40
MEMT=0
COMMAND=echo "" | python modular_exp.python
USER=0.13
SYS=0.13
REAL=0:00.36
MEMT=0
COMMAND=echo "" | python modular_exp.python
USER=0.14
SYS=0.13
REAL=0:00.37
MEMT=0
COMMAND=echo "" | python modular_exp.python
USER=0.17
SYS=0.15
REAL=0:00.39
MEMT=0
COMMAND=echo "" | python modular_exp.python
USER=0.15
SYS=0.16
REAL=0:00.35
MEMT=0
COMMAND=echo "" | python modular_exp.python
USER=0.13
SYS=0.12
REAL=0:00.37
MEMT=0
COMMAND=echo "" | python modular_exp.python
USER=0.09
SYS=0.20
REAL=0:00.36
MEMT=0
COMMAND=echo "" | python modular_exp.python
USER=0.10
SYS=0.12
REAL=0:00.35
MEMT=0
COMMAND=echo "" | python modular_exp.python
USER=0.17
SYS=0.13
REAL=0:00.36
MEMT=0
COMMAND=echo "" | python modular_exp.python
USER=0.09
SYS=0.20
REAL=0:00.36
MEMT=0
COMMAND=echo "" | python modular_exp.python
USER=0.17
SYS=0.15
REAL=0:00.38
MEMT=0
COMMAND=echo "" | python modular_exp.python
USER=0.17
SYS=0.13
REAL=0:00.38
MEMT=0
COMMAND=echo "" | python modular_exp.python
USER=0.15
SYS=0.15
REAL=0:00.36
MEMT=0
python : hachage de la sortie pour vérifier que les données en sortie sont les mêmes :
HASH=5fafe3be302f52cb2529ef826ecc9c067ac0a2ed4802390cc27fa5226dfe3927
NB_LIGNES=1
