Compute result of CPU time consumed by different programming languages

Version de ruby :ruby 2.3.3p222 (2016-11-21 revision 9808) [i386-cygwin]
COMMAND=ruby modular_exp.ruby
USER=0.15
SYS=0.52
REAL=0:01.62
MEMT=0
COMMAND=ruby modular_exp.ruby
USER=0.20
SYS=0.53
REAL=0:00.82
MEMT=0
COMMAND=ruby modular_exp.ruby
USER=0.23
SYS=0.48
REAL=0:00.77
MEMT=0
COMMAND=ruby modular_exp.ruby
USER=0.21
SYS=0.48
REAL=0:00.78
MEMT=0
COMMAND=ruby modular_exp.ruby
USER=0.20
SYS=0.52
REAL=0:00.78
MEMT=0
COMMAND=ruby modular_exp.ruby
USER=0.12
SYS=0.59
REAL=0:00.77
MEMT=0
COMMAND=ruby modular_exp.ruby
USER=0.20
SYS=0.51
REAL=0:00.76
MEMT=0
COMMAND=ruby modular_exp.ruby
USER=0.17
SYS=0.55
REAL=0:00.78
MEMT=0
COMMAND=ruby modular_exp.ruby
USER=0.20
SYS=0.54
REAL=0:00.81
MEMT=0
COMMAND=ruby modular_exp.ruby
USER=0.20
SYS=0.51
REAL=0:00.79
MEMT=0
COMMAND=ruby modular_exp.ruby
USER=0.24
SYS=0.46
REAL=0:00.80
MEMT=0
COMMAND=ruby modular_exp.ruby
USER=0.20
SYS=0.52
REAL=0:00.78
MEMT=0
COMMAND=ruby modular_exp.ruby
USER=0.17
SYS=0.51
REAL=0:00.77
MEMT=0
COMMAND=ruby modular_exp.ruby
USER=0.20
SYS=0.52
REAL=0:00.81
MEMT=0
COMMAND=ruby modular_exp.ruby
USER=0.15
SYS=0.56
REAL=0:00.77
MEMT=0
COMMAND=ruby modular_exp.ruby
USER=0.13
SYS=0.57
REAL=0:00.78
MEMT=0
ruby : hachage de la sortie pour vérifier que les données en sortie sont les mêmes :
HASH=5fafe3be302f52cb2529ef826ecc9c067ac0a2ed4802390cc27fa5226dfe3927
NB_LIGNES=1
