Compute result of CPU time consumed by different programming languages

Version de tclsh :8.6
COMMAND=tclsh modular_exp.tclsh
USER=0.15
SYS=0.09
REAL=0:00.34
MEMT=0
COMMAND=tclsh modular_exp.tclsh
USER=0.20
SYS=0.12
REAL=0:00.39
MEMT=0
COMMAND=tclsh modular_exp.tclsh
USER=0.17
SYS=0.13
REAL=0:00.41
MEMT=0
COMMAND=tclsh modular_exp.tclsh
USER=0.15
SYS=0.07
REAL=0:00.30
MEMT=0
COMMAND=tclsh modular_exp.tclsh
USER=0.15
SYS=0.06
REAL=0:00.34
MEMT=0
COMMAND=tclsh modular_exp.tclsh
USER=0.17
SYS=0.12
REAL=0:00.31
MEMT=0
COMMAND=tclsh modular_exp.tclsh
USER=0.17
SYS=0.10
REAL=0:00.36
MEMT=0
COMMAND=tclsh modular_exp.tclsh
USER=0.17
SYS=0.09
REAL=0:00.31
MEMT=0
COMMAND=tclsh modular_exp.tclsh
USER=0.15
SYS=0.10
REAL=0:00.31
MEMT=0
COMMAND=tclsh modular_exp.tclsh
USER=0.15
SYS=0.09
REAL=0:00.31
MEMT=0
COMMAND=tclsh modular_exp.tclsh
USER=0.18
SYS=0.10
REAL=0:00.31
MEMT=0
COMMAND=tclsh modular_exp.tclsh
USER=0.14
SYS=0.04
REAL=0:00.30
MEMT=0
COMMAND=tclsh modular_exp.tclsh
USER=0.17
SYS=0.04
REAL=0:00.29
MEMT=0
COMMAND=tclsh modular_exp.tclsh
USER=0.18
SYS=0.09
REAL=0:00.30
MEMT=0
COMMAND=tclsh modular_exp.tclsh
USER=0.23
SYS=0.03
REAL=0:00.32
MEMT=0
COMMAND=tclsh modular_exp.tclsh
USER=0.15
SYS=0.12
REAL=0:00.31
MEMT=0
tclsh : hachage de la sortie pour vérifier que les données en sortie sont les mêmes :
HASH=5fafe3be302f52cb2529ef826ecc9c067ac0a2ed4802390cc27fa5226dfe3927
NB_LIGNES=1
