Compute result of CPU time consumed by different programming languages

Version de original-awk :20121220
taskset -c 1 echo "" | /usr/bin/original-awk -f hamming_numbers.awk
USER=12.71
SYS=0.10
REAL=0:12.87
MEMT=0
taskset -c 2 echo "" | /usr/bin/original-awk -f hamming_numbers.awk
USER=12.32
SYS=0.11
REAL=0:12.45
MEMT=0
taskset -c 3 echo "" | /usr/bin/original-awk -f hamming_numbers.awk
USER=12.82
SYS=0.06
REAL=0:12.90
MEMT=0
taskset -c 0 echo "" | /usr/bin/original-awk -f hamming_numbers.awk
USER=12.28
SYS=0.10
REAL=0:12.40
MEMT=0
taskset -c 1 echo "" | /usr/bin/original-awk -f hamming_numbers.awk
USER=11.88
SYS=0.10
REAL=0:12.01
MEMT=0
taskset -c 2 echo "" | /usr/bin/original-awk -f hamming_numbers.awk
USER=12.57
SYS=0.07
REAL=0:12.69
MEMT=0
taskset -c 3 echo "" | /usr/bin/original-awk -f hamming_numbers.awk
USER=12.34
SYS=0.07
REAL=0:12.43
MEMT=0
taskset -c 0 echo "" | /usr/bin/original-awk -f hamming_numbers.awk
USER=12.10
SYS=0.07
REAL=0:12.21
MEMT=0
taskset -c 1 echo "" | /usr/bin/original-awk -f hamming_numbers.awk
USER=12.39
SYS=0.04
REAL=0:12.46
MEMT=0
taskset -c 2 echo "" | /usr/bin/original-awk -f hamming_numbers.awk
USER=11.79
SYS=0.07
REAL=0:11.88
MEMT=0
taskset -c 3 echo "" | /usr/bin/original-awk -f hamming_numbers.awk
USER=12.47
SYS=0.02
REAL=0:12.52
MEMT=0
taskset -c 0 echo "" | /usr/bin/original-awk -f hamming_numbers.awk
USER=12.59
SYS=0.01
REAL=0:12.62
MEMT=0
taskset -c 1 echo "" | /usr/bin/original-awk -f hamming_numbers.awk
USER=12.09
SYS=0.05
REAL=0:12.17
MEMT=0
taskset -c 2 echo "" | /usr/bin/original-awk -f hamming_numbers.awk
USER=13.12
SYS=0.06
REAL=0:13.21
MEMT=0
taskset -c 3 echo "" | /usr/bin/original-awk -f hamming_numbers.awk
USER=12.32
SYS=0.14
REAL=0:12.49
MEMT=0
taskset -c 0 echo "" | /usr/bin/original-awk -f hamming_numbers.awk
USER=13.15
SYS=0.02
REAL=0:13.22
MEMT=0
taskset -c 1 echo "" | /usr/bin/original-awk -f hamming_numbers.awk
USER=13.45
SYS=0.03
REAL=0:13.52
MEMT=0
taskset -c 2 echo "" | /usr/bin/original-awk -f hamming_numbers.awk
USER=13.33
SYS=0.06
REAL=0:13.43
MEMT=0
taskset -c 3 echo "" | /usr/bin/original-awk -f hamming_numbers.awk
USER=13.42
SYS=0.09
REAL=0:13.58
MEMT=0
taskset -c 0 echo "" | /usr/bin/original-awk -f hamming_numbers.awk
USER=13.03
SYS=0.04
REAL=0:13.11
MEMT=0
taskset -c 1 echo "" | /usr/bin/original-awk -f hamming_numbers.awk
USER=13.06
SYS=0.10
REAL=0:13.22
MEMT=0
taskset -c 2 echo "" | /usr/bin/original-awk -f hamming_numbers.awk
USER=13.56
SYS=0.24
REAL=0:13.91
MEMT=0
taskset -c 3 echo "" | /usr/bin/original-awk -f hamming_numbers.awk
USER=12.73
SYS=0.27
REAL=0:13.47
MEMT=0
taskset -c 0 echo "" | /usr/bin/original-awk -f hamming_numbers.awk
USER=13.23
SYS=0.08
REAL=0:13.41
MEMT=0
taskset -c 1 echo "" | /usr/bin/original-awk -f hamming_numbers.awk
USER=12.73
SYS=0.07
REAL=0:12.85
MEMT=0
taskset -c 2 echo "" | /usr/bin/original-awk -f hamming_numbers.awk
USER=13.21
SYS=0.09
REAL=0:13.36
MEMT=0
taskset -c 3 echo "" | /usr/bin/original-awk -f hamming_numbers.awk
USER=12.98
SYS=0.03
REAL=0:13.05
MEMT=0
taskset -c 0 echo "" | /usr/bin/original-awk -f hamming_numbers.awk
USER=13.09
SYS=0.07
REAL=0:13.20
MEMT=0
taskset -c 1 echo "" | /usr/bin/original-awk -f hamming_numbers.awk
USER=12.89
SYS=0.05
REAL=0:12.99
MEMT=0
taskset -c 2 echo "" | /usr/bin/original-awk -f hamming_numbers.awk
USER=13.95
SYS=0.05
REAL=0:14.05
MEMT=0
taskset -c 3 echo "" | /usr/bin/original-awk -f hamming_numbers.awk
USER=13.08
SYS=0.06
REAL=0:13.19
MEMT=0
taskset -c 0 echo "" | /usr/bin/original-awk -f hamming_numbers.awk
USER=12.98
SYS=0.12
REAL=0:13.14
MEMT=0
original-awk : hachage de la sortie pour vérifier que les données en sortie sont les memes :
HASH=aee74d7b4568ba42bba0560df2563ed33c16deb3baa0f08cefd6a18d8146b37f
awk : nombre de lignes passées par la regexp :
NB_LIGNES=22
./awk.sh: line 23: 21890 Segmentation fault      valgrind --log-file=grindout ./a.out > /dev/null
original-awk : consommation mémoire :
BYTES_IN_USE_AT_EXIT=BYTES_TOTAL_HEAP_USAGE=