Compute result of CPU time consumed by different programming languages

Version de perl :This is perl 5, version 24, subversion 1 (v5.24.1) built for arm-linux-gnueabihf-thread-multi-64int
COMMAND=taskset -c 1 perl hamming_numbers.perl
Can't locate Math/GMPz.pm in @INC (you may need to install the Math::GMPz module) (@INC contains: /etc/perl /usr/local/lib/arm-linux-gnueabihf/perl/5.24.1 /usr/local/share/perl/5.24.1 /usr/lib/arm-linux-gnueabihf/perl5/5.24 /usr/share/perl5 /usr/lib/arm-linux-gnueabihf/perl/5.24 /usr/share/perl/5.24 /usr/local/lib/site_perl /usr/lib/arm-linux-gnueabihf/perl-base) at hamming_numbers.perl line 5.
BEGIN failed--compilation aborted at hamming_numbers.perl line 5.
Command exited with non-zero status 2
USER=0.01
SYS=0.00
REAL=0:00.01
MEMT=0
COMMAND=taskset -c 2 perl hamming_numbers.perl
Can't locate Math/GMPz.pm in @INC (you may need to install the Math::GMPz module) (@INC contains: /etc/perl /usr/local/lib/arm-linux-gnueabihf/perl/5.24.1 /usr/local/share/perl/5.24.1 /usr/lib/arm-linux-gnueabihf/perl5/5.24 /usr/share/perl5 /usr/lib/arm-linux-gnueabihf/perl/5.24 /usr/share/perl/5.24 /usr/local/lib/site_perl /usr/lib/arm-linux-gnueabihf/perl-base) at hamming_numbers.perl line 5.
BEGIN failed--compilation aborted at hamming_numbers.perl line 5.
Command exited with non-zero status 2
USER=0.01
SYS=0.00
REAL=0:00.01
MEMT=0
COMMAND=taskset -c 3 perl hamming_numbers.perl
Can't locate Math/GMPz.pm in @INC (you may need to install the Math::GMPz module) (@INC contains: /etc/perl /usr/local/lib/arm-linux-gnueabihf/perl/5.24.1 /usr/local/share/perl/5.24.1 /usr/lib/arm-linux-gnueabihf/perl5/5.24 /usr/share/perl5 /usr/lib/arm-linux-gnueabihf/perl/5.24 /usr/share/perl/5.24 /usr/local/lib/site_perl /usr/lib/arm-linux-gnueabihf/perl-base) at hamming_numbers.perl line 5.
BEGIN failed--compilation aborted at hamming_numbers.perl line 5.
Command exited with non-zero status 2
USER=0.01
SYS=0.00
REAL=0:00.01
MEMT=0
COMMAND=taskset -c 0 perl hamming_numbers.perl
Can't locate Math/GMPz.pm in @INC (you may need to install the Math::GMPz module) (@INC contains: /etc/perl /usr/local/lib/arm-linux-gnueabihf/perl/5.24.1 /usr/local/share/perl/5.24.1 /usr/lib/arm-linux-gnueabihf/perl5/5.24 /usr/share/perl5 /usr/lib/arm-linux-gnueabihf/perl/5.24 /usr/share/perl/5.24 /usr/local/lib/site_perl /usr/lib/arm-linux-gnueabihf/perl-base) at hamming_numbers.perl line 5.
BEGIN failed--compilation aborted at hamming_numbers.perl line 5.
Command exited with non-zero status 2
USER=0.01
SYS=0.00
REAL=0:00.01
MEMT=0
COMMAND=taskset -c 1 perl hamming_numbers.perl
Can't locate Math/GMPz.pm in @INC (you may need to install the Math::GMPz module) (@INC contains: /etc/perl /usr/local/lib/arm-linux-gnueabihf/perl/5.24.1 /usr/local/share/perl/5.24.1 /usr/lib/arm-linux-gnueabihf/perl5/5.24 /usr/share/perl5 /usr/lib/arm-linux-gnueabihf/perl/5.24 /usr/share/perl/5.24 /usr/local/lib/site_perl /usr/lib/arm-linux-gnueabihf/perl-base) at hamming_numbers.perl line 5.
BEGIN failed--compilation aborted at hamming_numbers.perl line 5.
Command exited with non-zero status 2
USER=0.01
SYS=0.00
REAL=0:00.01
MEMT=0
COMMAND=taskset -c 2 perl hamming_numbers.perl
Can't locate Math/GMPz.pm in @INC (you may need to install the Math::GMPz module) (@INC contains: /etc/perl /usr/local/lib/arm-linux-gnueabihf/perl/5.24.1 /usr/local/share/perl/5.24.1 /usr/lib/arm-linux-gnueabihf/perl5/5.24 /usr/share/perl5 /usr/lib/arm-linux-gnueabihf/perl/5.24 /usr/share/perl/5.24 /usr/local/lib/site_perl /usr/lib/arm-linux-gnueabihf/perl-base) at hamming_numbers.perl line 5.
BEGIN failed--compilation aborted at hamming_numbers.perl line 5.
Command exited with non-zero status 2
USER=0.00
SYS=0.00
REAL=0:00.01
MEMT=0
COMMAND=taskset -c 3 perl hamming_numbers.perl
Can't locate Math/GMPz.pm in @INC (you may need to install the Math::GMPz module) (@INC contains: /etc/perl /usr/local/lib/arm-linux-gnueabihf/perl/5.24.1 /usr/local/share/perl/5.24.1 /usr/lib/arm-linux-gnueabihf/perl5/5.24 /usr/share/perl5 /usr/lib/arm-linux-gnueabihf/perl/5.24 /usr/share/perl/5.24 /usr/local/lib/site_perl /usr/lib/arm-linux-gnueabihf/perl-base) at hamming_numbers.perl line 5.
BEGIN failed--compilation aborted at hamming_numbers.perl line 5.
Command exited with non-zero status 2
USER=0.00
SYS=0.00
REAL=0:00.01
MEMT=0
COMMAND=taskset -c 0 perl hamming_numbers.perl
Can't locate Math/GMPz.pm in @INC (you may need to install the Math::GMPz module) (@INC contains: /etc/perl /usr/local/lib/arm-linux-gnueabihf/perl/5.24.1 /usr/local/share/perl/5.24.1 /usr/lib/arm-linux-gnueabihf/perl5/5.24 /usr/share/perl5 /usr/lib/arm-linux-gnueabihf/perl/5.24 /usr/share/perl/5.24 /usr/local/lib/site_perl /usr/lib/arm-linux-gnueabihf/perl-base) at hamming_numbers.perl line 5.
BEGIN failed--compilation aborted at hamming_numbers.perl line 5.
Command exited with non-zero status 2
USER=0.00
SYS=0.00
REAL=0:00.01
MEMT=0
Can't locate Math/GMPz.pm in @INC (you may need to install the Math::GMPz module) (@INC contains: /etc/perl /usr/local/lib/arm-linux-gnueabihf/perl/5.24.1 /usr/local/share/perl/5.24.1 /usr/lib/arm-linux-gnueabihf/perl5/5.24 /usr/share/perl5 /usr/lib/arm-linux-gnueabihf/perl/5.24 /usr/share/perl/5.24 /usr/local/lib/site_perl /usr/lib/arm-linux-gnueabihf/perl-base) at hamming_numbers.perl line 5.
BEGIN failed--compilation aborted at hamming_numbers.perl line 5.
perl : hachage de la sortie pour vérifier que les données en sortie sont les mêmes :
HASH=e3b0c44298fc1c149afbf4c8996fb92427ae41e4649b934ca495991b7852b855
NB_LIGNES=0
bash_functions.sh: line 136: 25925 Segmentation fault      valgrind --log-file=grindout ./a.out > /dev/null
perl : consommation mémoire :
BYTES_IN_USE_AT_EXIT=BYTES_TOTAL_HEAP_USAGE=