Compute result of CPU time consumed by different programming languages

Version de ruby :ruby 2.3.3p222 (2016-11-21) [arm-linux-gnueabihf]
COMMAND=taskset -c 1 ruby hamming_numbers.ruby
USER=26.77
SYS=0.08
REAL=0:27.02
MEMT=0
COMMAND=taskset -c 2 ruby hamming_numbers.ruby
USER=17.56
SYS=0.06
REAL=0:17.71
MEMT=0
COMMAND=taskset -c 3 ruby hamming_numbers.ruby
USER=17.76
SYS=0.05
REAL=0:17.90
MEMT=0
COMMAND=taskset -c 0 ruby hamming_numbers.ruby
USER=17.67
SYS=0.05
REAL=0:17.83
MEMT=0
COMMAND=taskset -c 1 ruby hamming_numbers.ruby
USER=17.96
SYS=0.00
REAL=0:18.00
MEMT=0
COMMAND=taskset -c 2 ruby hamming_numbers.ruby
USER=20.22
SYS=0.05
REAL=0:20.40
MEMT=0
COMMAND=taskset -c 3 ruby hamming_numbers.ruby
USER=49.71
SYS=0.10
REAL=0:50.19
MEMT=0
COMMAND=taskset -c 0 ruby hamming_numbers.ruby
USER=30.45
SYS=0.08
REAL=0:31.49
MEMT=0
ruby : hachage de la sortie pour vérifier que les données en sortie sont les mêmes :
HASH=40f87d4802f51a29a086efe42723f9a4a89691e05c8b99a272a3cad48102bf03
NB_LIGNES=22
bash_functions.sh: line 136: 26316 Segmentation fault      valgrind --log-file=grindout ./a.out > /dev/null
ruby : consommation mémoire :
BYTES_IN_USE_AT_EXIT=BYTES_TOTAL_HEAP_USAGE=