Compute result of CPU time consumed by different programming languages

Version de bc :bc 1.06.95
COMMAND=taskset -c 1 bc left_factorials.bc
USER=27.95
SYS=0.01
REAL=0:28.00
MEMT=0
COMMAND=taskset -c 2 bc left_factorials.bc
USER=28.64
SYS=0.00
REAL=0:28.67
MEMT=0
COMMAND=taskset -c 3 bc left_factorials.bc
USER=26.67
SYS=0.00
REAL=0:26.67
MEMT=0
COMMAND=taskset -c 0 bc left_factorials.bc
USER=26.56
SYS=0.00
REAL=0:26.56
MEMT=0
COMMAND=taskset -c 1 bc left_factorials.bc
USER=26.90
SYS=0.00
REAL=0:26.91
MEMT=0
COMMAND=taskset -c 2 bc left_factorials.bc
USER=26.76
SYS=0.00
REAL=0:26.76
MEMT=0
COMMAND=taskset -c 3 bc left_factorials.bc
USER=26.68
SYS=0.00
REAL=0:26.68
MEMT=0
COMMAND=taskset -c 0 bc left_factorials.bc
USER=26.55
SYS=0.00
REAL=0:28.45
MEMT=0
COMMAND=taskset -c 1 bc left_factorials.bc
USER=26.63
SYS=0.00
REAL=0:26.63
MEMT=0
COMMAND=taskset -c 2 bc left_factorials.bc
USER=26.64
SYS=0.00
REAL=0:26.64
MEMT=0
COMMAND=taskset -c 3 bc left_factorials.bc
USER=26.60
SYS=0.00
REAL=0:26.61
MEMT=0
COMMAND=taskset -c 0 bc left_factorials.bc
USER=26.57
SYS=0.00
REAL=0:26.59
MEMT=0
COMMAND=taskset -c 1 bc left_factorials.bc
USER=26.64
SYS=0.00
REAL=0:26.65
MEMT=0
COMMAND=taskset -c 2 bc left_factorials.bc
USER=26.60
SYS=0.00
REAL=0:26.60
MEMT=0
COMMAND=taskset -c 3 bc left_factorials.bc
USER=26.63
SYS=0.00
REAL=0:26.64
MEMT=0
COMMAND=taskset -c 0 bc left_factorials.bc
USER=26.68
SYS=0.00
REAL=0:26.69
MEMT=0
bc : hachage de la sortie pour vérifier que les données en sortie sont les mêmes :
HASH=5b551cce5eb1808e68ab8ebba0986209556796bed17390e5ecd9f47fc747bbe6
NB_LIGNES=31
bc : consommation mémoire :
BYTES_IN_USE_AT_EXIT=2,420
BYTES_TOTAL_HEAP_USAGE=2,436
