Compute result of CPU time consumed by different programming languages

Version de clisp :GNU CLISP 2.49 (2010-07-07) (built on lcy01-31.buildd [127.0.1.1])
COMMAND=taskset -c 1 clisp left_factorials.clisp
USER=511.24
SYS=259.46
REAL=12:50.79
MEMT=0
COMMAND=taskset -c 2 clisp left_factorials.clisp
USER=510.09
SYS=258.16
REAL=12:48.29
MEMT=0
COMMAND=taskset -c 3 clisp left_factorials.clisp
USER=545.67
SYS=284.08
REAL=13:50.37
MEMT=0
COMMAND=taskset -c 0 clisp left_factorials.clisp
USER=568.21
SYS=295.57
REAL=14:24.02
MEMT=0
COMMAND=taskset -c 1 clisp left_factorials.clisp
USER=594.05
SYS=311.81
REAL=15:07.15
MEMT=0
COMMAND=taskset -c 2 clisp left_factorials.clisp
USER=570.97
SYS=299.22
REAL=14:31.06
MEMT=0
COMMAND=taskset -c 3 clisp left_factorials.clisp
USER=588.64
SYS=307.88
REAL=14:59.89
MEMT=0
COMMAND=taskset -c 0 clisp left_factorials.clisp
*** - EVAL : Interruption clavier
Command terminated by signal 2
USER=431.00
SYS=219.03
REAL=50:27.31
MEMT=0
COMMAND=taskset -c 1 clisp left_factorials.clisp
*** - EVAL : Interruption clavier
Command terminated by signal 2
USER=0.39
SYS=0.08
REAL=0:00.49
MEMT=0
COMMAND=taskset -c 2 clisp left_factorials.clisp
*** - EVAL : Interruption clavier
Command terminated by signal 2
USER=0.02
SYS=0.00
REAL=0:00.03
MEMT=0
COMMAND=taskset -c 3 clisp left_factorials.clisp
*** - EVAL : Interruption clavier
Command terminated by signal 2
USER=0.01
SYS=0.00
REAL=0:00.02
MEMT=0
COMMAND=taskset -c 0 clisp left_factorials.clisp
*** - EVAL : Interruption clavier
Command terminated by signal 2
USER=0.02
SYS=0.00
REAL=0:00.03
MEMT=0
COMMAND=taskset -c 1 clisp left_factorials.clisp
*** - EVAL : Interruption clavier
Command terminated by signal 2
USER=0.03
SYS=0.00
REAL=0:00.04
MEMT=0
COMMAND=taskset -c 2 clisp left_factorials.clisp
*** - EVAL : Interruption clavier
Command terminated by signal 2
USER=0.01
SYS=0.00
REAL=0:00.02
MEMT=0
COMMAND=taskset -c 3 clisp left_factorials.clisp
*** - EVAL : Interruption clavier
Command terminated by signal 2
USER=0.01
SYS=0.00
REAL=0:00.03
MEMT=0
COMMAND=taskset -c 0 clisp left_factorials.clisp
*** - GC : Interruption clavier
Command terminated by signal 2
USER=0.19
SYS=0.04
REAL=0:00.24
MEMT=0
*** - EVAL : Interruption clavier
clisp : hachage de la sortie pour vérifier que les données en sortie sont les mêmes :
HASH=91caa508c9ccb94290506fd0f182036824429413519d6550b1c89f3f623534f6
NB_LIGNES=11
