Compute result of CPU time consumed by different programming languages

Version de gawk :GNU Awk 4.1.4
COMMAND=taskset -c 1 echo "" | gawk -M -f left_factorials.gawk
USER=168.79
SYS=0.00
REAL=2:48.79
MEMT=0
gawk : hash output to compare results between langages :
0
1
2
4
10
34
154
874
5914
46234
409114
128425485935180314
9157958657951075573395300940314
20935051082417771847631371547939998232420940314
620960027832821612639424806694551108812720525606160920420940314
141074930726669571000530822087000522211656242116439949000980378746128920420940314
173639511802987526699717162409282876065556519849603157850853034644815111221599509216528920420940314
906089587987695346534516804650290637694024830011956365184327674619752094289696314882008531991840922336528920420940314
16695570072624210767034167688394623360733515163575864136345910335924039962404869510225723072235842668787507993136908442336528920420940314
942786239765826579160595268206839381354754349601050974345395410407078230249590414458830117442618180732911203520208889371641659121356556442336528920420940314
145722981061585297004706728001906071948635199234860720988658042536179281328615541936083296163475394237524337422204397431927131629058103519228197429698252556442336528920420940314
! 1000 has  2565  digits.
! 2000 has  5733  digits.
! 3000 has  9128  digits.
! 4000 has  12670  digits.
! 5000 has  16322  digits.
! 6000 has  20062  digits.
! 7000 has  23875  digits.
! 8000 has  27749  digits.
! 9000 has  31678  digits.
! 10000 has  35656  digits.
HASH=5e6c06021a2532cc3484fcbbc686d2118353a7b8185e7802264378b688ca1e34
NB_LIGNES=31
gawk : memory usage :
BYTES_IN_USE_AT_EXIT=2,852
BYTES_TOTAL_HEAP_USAGE=3,396
