Compute result of CPU time consumed by different programming languages

Version de mawk :1.3.3
taskset -c 1 echo "" | mawk -f left_factorials.mawk
USER=0.03
SYS=0.00
REAL=0:00.03
MEMT=0
taskset -c 2 echo "" | mawk -f left_factorials.mawk
USER=0.03
SYS=0.00
REAL=0:00.03
MEMT=0
taskset -c 3 echo "" | mawk -f left_factorials.mawk
USER=0.02
SYS=0.00
REAL=0:00.03
MEMT=0
taskset -c 0 echo "" | mawk -f left_factorials.mawk
USER=0.03
SYS=0.00
REAL=0:00.03
MEMT=0
mawk : hachage de la sortie pour vérifier que les données en sortie sont les mêmes :
HASH=46564e73527944587165dfa926222d8837ab88215bcee765aa88f01c355827c8
NB_LIGNES=22
mawk : consommation mémoire :
BYTES_IN_USE_AT_EXIT=2,574
BYTES_TOTAL_HEAP_USAGE=2,606
