Compute result of CPU time consumed by different programming languages

Version de python :Python 2.7.14
taskset -c 1 echo "" | python left_factorials.python
USER=0.12
SYS=0.00
REAL=0:00.12
MEMT=0
taskset -c 2 echo "" | python left_factorials.python
USER=0.12
SYS=0.00
REAL=0:00.12
MEMT=0
taskset -c 3 echo "" | python left_factorials.python
USER=0.12
SYS=0.00
REAL=0:00.12
MEMT=0
taskset -c 0 echo "" | python left_factorials.python
USER=0.12
SYS=0.00
REAL=0:00.12
MEMT=0
python : hachage de la sortie pour vérifier que les données en sortie sont les mêmes :
HASH=1a4eca8bba4c45f20250b95a7de89fe6e7bc882d92fb7bfcf9faf7621e943691
NB_LIGNES=15
python : consommation mémoire :
BYTES_IN_USE_AT_EXIT=2,576
BYTES_TOTAL_HEAP_USAGE=2,608
