Compute result of CPU time consumed by different programming languages

Version de tclsh :8.6
taskset -c 1 tclsh left_factorials.tclsh
couldn't read file "left_factorials.tclsh": no such file or directory
Command exited with non-zero status 1
USER=0.00
SYS=0.00
REAL=0:00.00
MEMT=0
taskset -c 2 tclsh left_factorials.tclsh
couldn't read file "left_factorials.tclsh": no such file or directory
Command exited with non-zero status 1
USER=0.00
SYS=0.00
REAL=0:00.00
MEMT=0
taskset -c 3 tclsh left_factorials.tclsh
couldn't read file "left_factorials.tclsh": no such file or directory
Command exited with non-zero status 1
USER=0.00
SYS=0.00
REAL=0:00.00
MEMT=0
taskset -c 0 tclsh left_factorials.tclsh
couldn't read file "left_factorials.tclsh": no such file or directory
Command exited with non-zero status 1
USER=0.00
SYS=0.00
REAL=0:00.00
MEMT=0
couldn't read file "left_factorials.tclsh": no such file or directory
tclsh : hachage de la sortie pour vérifier que les données en sortie sont les mêmes :
HASH=e3b0c44298fc1c149afbf4c8996fb92427ae41e4649b934ca495991b7852b855
NB_LIGNES=0
couldn't read file "left_factorials.tclsh": no such file or directory
tclsh : consommation mémoire :
BYTES_IN_USE_AT_EXIT=2,546
BYTES_TOTAL_HEAP_USAGE=2,562
